[I 2025-12-10 19:20:06,250] Trial 34 finished with value: 1.4080456997589523 and parameters: {'GCN_HIDDEN_DIM': 64, 'GCN_DROPOUT': 0.2, 'TCN_HIDDEN_DIM': 128, 'TCN_KERNEL_SIZE': 5, 'TCN_DILATIONS': [1, 2, 4, 8, 16], 'TCN_DROPOUT': 0.2, 'CLASS_HIDDEN_DIM': 64, 'learning_rate': 0.00594252556679058}. Best is trial 3 with value: 0.8251486425331948.
==================================================
Fold 1/5
> val sequences: [1, 7, 15, 17, 25, 30, 35, 37, 46, 50, 52, 57, 63, 70, 79, 84, 88, 103, 106]
> Creating TrainingDataset: X=(6557, 10, 11, 3), y=(6557,)
> Creating TrainingDataset: X=(1687, 10, 11, 3), y=(1687,)
> Label distribution:
  NONE: count=2860, weight=0.1000;
  GRAB: count=674, weight=1.0000;
  PINCH: count=589, weight=1.0000;
  TAP: count=468, weight=1.0000;
  DENY: count=1978, weight=1.0000;
  KNOB: count=1313, weight=1.0000;
  EXPAND: count=362, weight=1.0000;
> loss: 1.3382
Fold 2/5
> val sequences: [8, 14, 16, 21, 22, 39, 40, 43, 55, 59, 61, 81, 82, 85, 86, 87, 94, 95]
> Creating TrainingDataset: X=(6774, 10, 11, 3), y=(6774,)
> Creating TrainingDataset: X=(1470, 10, 11, 3), y=(1470,)
> Label distribution:
  NONE: count=2860, weight=0.1000;
  GRAB: count=674, weight=1.0000;
  PINCH: count=589, weight=1.0000;
  TAP: count=468, weight=1.0000;
  DENY: count=1978, weight=1.0000;
  KNOB: count=1313, weight=1.0000;
  EXPAND: count=362, weight=1.0000;
> loss: 1.1735
Fold 3/5
> val sequences: [5, 10, 11, 12, 19, 24, 26, 33, 34, 36, 44, 47, 49, 68, 90, 93, 97, 105]
> Creating TrainingDataset: X=(6429, 10, 11, 3), y=(6429,)
> Creating TrainingDataset: X=(1815, 10, 11, 3), y=(1815,)
> Label distribution:
  NONE: count=2860, weight=0.1000;
  GRAB: count=674, weight=1.0000;
  PINCH: count=589, weight=1.0000;
  TAP: count=468, weight=1.0000;
  DENY: count=1978, weight=1.0000;
  KNOB: count=1313, weight=1.0000;
  EXPAND: count=362, weight=1.0000;
> loss: 0.9643
Fold 4/5
> val sequences: [41, 53, 56, 60, 62, 65, 69, 71, 73, 75, 78, 91, 98, 99, 101, 104, 107, 108]
> Creating TrainingDataset: X=(6806, 10, 11, 3), y=(6806,)
> Creating TrainingDataset: X=(1438, 10, 11, 3), y=(1438,)
> Label distribution:
  NONE: count=2860, weight=0.1000;
  GRAB: count=674, weight=1.0000;
  PINCH: count=589, weight=1.0000;
  TAP: count=468, weight=1.0000;
  DENY: count=1978, weight=1.0000;
  KNOB: count=1313, weight=1.0000;
  EXPAND: count=362, weight=1.0000;
> loss: 0.7817
Fold 5/5
> val sequences: [2, 4, 20, 28, 29, 31, 38, 48, 66, 67, 76, 77, 80, 89, 92, 96, 100, 102]
> Creating TrainingDataset: X=(6410, 10, 11, 3), y=(6410,)
> Creating TrainingDataset: X=(1834, 10, 11, 3), y=(1834,)
> Label distribution:
  NONE: count=2860, weight=0.1000;
  GRAB: count=674, weight=1.0000;
  PINCH: count=589, weight=1.0000;
  TAP: count=468, weight=1.0000;
  DENY: count=1978, weight=1.0000;
  KNOB: count=1313, weight=1.0000;
  EXPAND: count=362, weight=1.0000;
> loss: 1.5732
[I 2025-12-10 19:22:01,311] Trial 35 finished with value: 1.1661606469649446 and parameters: {'GCN_HIDDEN_DIM': 32, 'GCN_DROPOUT': 0.2, 'TCN_HIDDEN_DIM': 128, 'TCN_KERNEL_SIZE': 3, 'TCN_DILATIONS': [1, 2, 4, 8], 'TCN_DROPOUT': 0.2, 'CLASS_HIDDEN_DIM': 32, 'learning_rate': 0.00595415499253583}. Best is trial 3 with value: 0.8251486425331948.
==================================================
Fold 1/5
> val sequences: [1, 7, 15, 17, 25, 30, 35, 37, 46, 50, 52, 57, 63, 70, 79, 84, 88, 103, 106]
> Creating TrainingDataset: X=(6557, 10, 11, 3), y=(6557,)
> Creating TrainingDataset: X=(1687, 10, 11, 3), y=(1687,)
> Label distribution:
  NONE: count=2860, weight=0.1000;
  GRAB: count=674, weight=1.0000;
  PINCH: count=589, weight=1.0000;
  TAP: count=468, weight=1.0000;
  DENY: count=1978, weight=1.0000;
  KNOB: count=1313, weight=1.0000;
  EXPAND: count=362, weight=1.0000;
> loss: 1.4415
Fold 2/5
> val sequences: [8, 14, 16, 21, 22, 39, 40, 43, 55, 59, 61, 81, 82, 85, 86, 87, 94, 95]
> Creating TrainingDataset: X=(6774, 10, 11, 3), y=(6774,)
> Creating TrainingDataset: X=(1470, 10, 11, 3), y=(1470,)
> Label distribution:
  NONE: count=2860, weight=0.1000;
  GRAB: count=674, weight=1.0000;
  PINCH: count=589, weight=1.0000;
  TAP: count=468, weight=1.0000;
  DENY: count=1978, weight=1.0000;
  KNOB: count=1313, weight=1.0000;
  EXPAND: count=362, weight=1.0000;
> loss: 1.2145
Fold 3/5
> val sequences: [5, 10, 11, 12, 19, 24, 26, 33, 34, 36, 44, 47, 49, 68, 90, 93, 97, 105]
> Creating TrainingDataset: X=(6429, 10, 11, 3), y=(6429,)
> Creating TrainingDataset: X=(1815, 10, 11, 3), y=(1815,)
> Label distribution:
  NONE: count=2860, weight=0.1000;
  GRAB: count=674, weight=1.0000;
  PINCH: count=589, weight=1.0000;
  TAP: count=468, weight=1.0000;
  DENY: count=1978, weight=1.0000;
  KNOB: count=1313, weight=1.0000;
  EXPAND: count=362, weight=1.0000;
> loss: 1.2096
Fold 4/5
> val sequences: [41, 53, 56, 60, 62, 65, 69, 71, 73, 75, 78, 91, 98, 99, 101, 104, 107, 108]
> Creating TrainingDataset: X=(6806, 10, 11, 3), y=(6806,)
> Creating TrainingDataset: X=(1438, 10, 11, 3), y=(1438,)
> Label distribution:
  NONE: count=2860, weight=0.1000;
  GRAB: count=674, weight=1.0000;
  PINCH: count=589, weight=1.0000;
  TAP: count=468, weight=1.0000;
  DENY: count=1978, weight=1.0000;
  KNOB: count=1313, weight=1.0000;
  EXPAND: count=362, weight=1.0000;
> loss: 1.1186
Fold 5/5
> val sequences: [2, 4, 20, 28, 29, 31, 38, 48, 66, 67, 76, 77, 80, 89, 92, 96, 100, 102]
> Creating TrainingDataset: X=(6410, 10, 11, 3), y=(6410,)
> Creating TrainingDataset: X=(1834, 10, 11, 3), y=(1834,)
> Label distribution:
  NONE: count=2860, weight=0.1000;
  GRAB: count=674, weight=1.0000;
  PINCH: count=589, weight=1.0000;
  TAP: count=468, weight=1.0000;
  DENY: count=1978, weight=1.0000;
  KNOB: count=1313, weight=1.0000;
  EXPAND: count=362, weight=1.0000;
> loss: 1.2212
[I 2025-12-10 19:24:14,504] Trial 36 finished with value: 1.2410714008030221 and parameters: {'GCN_HIDDEN_DIM': 16, 'GCN_DROPOUT': 0.2, 'TCN_HIDDEN_DIM': 64, 'TCN_KERNEL_SIZE': 3, 'TCN_DILATIONS': [1, 2, 4, 8, 16], 'TCN_DROPOUT': 0.3, 'CLASS_HIDDEN_DIM': 32, 'learning_rate': 0.008189021533683321}. Best is trial 3 with value: 0.8251486425331948.
==================================================
Fold 1/5
> val sequences: [1, 7, 15, 17, 25, 30, 35, 37, 46, 50, 52, 57, 63, 70, 79, 84, 88, 103, 106]
> Creating TrainingDataset: X=(6557, 10, 11, 3), y=(6557,)
> Creating TrainingDataset: X=(1687, 10, 11, 3), y=(1687,)
> Label distribution:
  NONE: count=2860, weight=0.1000;
  GRAB: count=674, weight=1.0000;
  PINCH: count=589, weight=1.0000;
  TAP: count=468, weight=1.0000;
  DENY: count=1978, weight=1.0000;
  KNOB: count=1313, weight=1.0000;
  EXPAND: count=362, weight=1.0000;
> loss: 1.4228
Fold 2/5
> val sequences: [8, 14, 16, 21, 22, 39, 40, 43, 55, 59, 61, 81, 82, 85, 86, 87, 94, 95]
> Creating TrainingDataset: X=(6774, 10, 11, 3), y=(6774,)
> Creating TrainingDataset: X=(1470, 10, 11, 3), y=(1470,)
> Label distribution:
  NONE: count=2860, weight=0.1000;
  GRAB: count=674, weight=1.0000;
  PINCH: count=589, weight=1.0000;
  TAP: count=468, weight=1.0000;
  DENY: count=1978, weight=1.0000;
  KNOB: count=1313, weight=1.0000;
  EXPAND: count=362, weight=1.0000;
> loss: 1.2640
Fold 3/5
> val sequences: [5, 10, 11, 12, 19, 24, 26, 33, 34, 36, 44, 47, 49, 68, 90, 93, 97, 105]
> Creating TrainingDataset: X=(6429, 10, 11, 3), y=(6429,)
> Creating TrainingDataset: X=(1815, 10, 11, 3), y=(1815,)
> Label distribution:
  NONE: count=2860, weight=0.1000;
  GRAB: count=674, weight=1.0000;
  PINCH: count=589, weight=1.0000;
  TAP: count=468, weight=1.0000;
  DENY: count=1978, weight=1.0000;
  KNOB: count=1313, weight=1.0000;
  EXPAND: count=362, weight=1.0000;
> loss: 0.7959
Fold 4/5
> val sequences: [41, 53, 56, 60, 62, 65, 69, 71, 73, 75, 78, 91, 98, 99, 101, 104, 107, 108]
> Creating TrainingDataset: X=(6806, 10, 11, 3), y=(6806,)
> Creating TrainingDataset: X=(1438, 10, 11, 3), y=(1438,)
> Label distribution:
  NONE: count=2860, weight=0.1000;
  GRAB: count=674, weight=1.0000;
  PINCH: count=589, weight=1.0000;
  TAP: count=468, weight=1.0000;
  DENY: count=1978, weight=1.0000;
  KNOB: count=1313, weight=1.0000;
  EXPAND: count=362, weight=1.0000;
> loss: 1.0197
Fold 5/5
> val sequences: [2, 4, 20, 28, 29, 31, 38, 48, 66, 67, 76, 77, 80, 89, 92, 96, 100, 102]
> Creating TrainingDataset: X=(6410, 10, 11, 3), y=(6410,)
> Creating TrainingDataset: X=(1834, 10, 11, 3), y=(1834,)
> Label distribution:
  NONE: count=2860, weight=0.1000;
  GRAB: count=674, weight=1.0000;
  PINCH: count=589, weight=1.0000;
  TAP: count=468, weight=1.0000;
  DENY: count=1978, weight=1.0000;
  KNOB: count=1313, weight=1.0000;
  EXPAND: count=362, weight=1.0000;
> loss: 0.8836
[I 2025-12-10 19:26:03,293] Trial 37 finished with value: 1.0772195034191856 and parameters: {'GCN_HIDDEN_DIM': 64, 'GCN_DROPOUT': 0.2, 'TCN_HIDDEN_DIM': 128, 'TCN_KERNEL_SIZE': 5, 'TCN_DILATIONS': [1, 2, 4, 8, 16], 'TCN_DROPOUT': 0.2, 'CLASS_HIDDEN_DIM': 32, 'learning_rate': 0.003380542363159856}. Best is trial 3 with value: 0.8251486425331948.
==================================================
Fold 1/5
> val sequences: [1, 7, 15, 17, 25, 30, 35, 37, 46, 50, 52, 57, 63, 70, 79, 84, 88, 103, 106]
> Creating TrainingDataset: X=(6557, 10, 11, 3), y=(6557,)
> Creating TrainingDataset: X=(1687, 10, 11, 3), y=(1687,)
> Label distribution:
  NONE: count=2860, weight=0.1000;
  GRAB: count=674, weight=1.0000;
  PINCH: count=589, weight=1.0000;
  TAP: count=468, weight=1.0000;
  DENY: count=1978, weight=1.0000;
  KNOB: count=1313, weight=1.0000;
  EXPAND: count=362, weight=1.0000;
> loss: 1.0445
Fold 2/5
> val sequences: [8, 14, 16, 21, 22, 39, 40, 43, 55, 59, 61, 81, 82, 85, 86, 87, 94, 95]
> Creating TrainingDataset: X=(6774, 10, 11, 3), y=(6774,)
> Creating TrainingDataset: X=(1470, 10, 11, 3), y=(1470,)
> Label distribution:
  NONE: count=2860, weight=0.1000;
  GRAB: count=674, weight=1.0000;
  PINCH: count=589, weight=1.0000;
  TAP: count=468, weight=1.0000;
  DENY: count=1978, weight=1.0000;
  KNOB: count=1313, weight=1.0000;
  EXPAND: count=362, weight=1.0000;
> loss: 1.2782
Fold 3/5
> val sequences: [5, 10, 11, 12, 19, 24, 26, 33, 34, 36, 44, 47, 49, 68, 90, 93, 97, 105]
> Creating TrainingDataset: X=(6429, 10, 11, 3), y=(6429,)
> Creating TrainingDataset: X=(1815, 10, 11, 3), y=(1815,)
> Label distribution:
  NONE: count=2860, weight=0.1000;
  GRAB: count=674, weight=1.0000;
  PINCH: count=589, weight=1.0000;
  TAP: count=468, weight=1.0000;
  DENY: count=1978, weight=1.0000;
  KNOB: count=1313, weight=1.0000;
  EXPAND: count=362, weight=1.0000;
> loss: 0.7862
Fold 4/5
> val sequences: [41, 53, 56, 60, 62, 65, 69, 71, 73, 75, 78, 91, 98, 99, 101, 104, 107, 108]
> Creating TrainingDataset: X=(6806, 10, 11, 3), y=(6806,)
> Creating TrainingDataset: X=(1438, 10, 11, 3), y=(1438,)
> Label distribution:
  NONE: count=2860, weight=0.1000;
  GRAB: count=674, weight=1.0000;
  PINCH: count=589, weight=1.0000;
  TAP: count=468, weight=1.0000;
  DENY: count=1978, weight=1.0000;
  KNOB: count=1313, weight=1.0000;
  EXPAND: count=362, weight=1.0000;
> loss: 1.1619
Fold 5/5
> val sequences: [2, 4, 20, 28, 29, 31, 38, 48, 66, 67, 76, 77, 80, 89, 92, 96, 100, 102]
> Creating TrainingDataset: X=(6410, 10, 11, 3), y=(6410,)
> Creating TrainingDataset: X=(1834, 10, 11, 3), y=(1834,)
> Label distribution:
  NONE: count=2860, weight=0.1000;
  GRAB: count=674, weight=1.0000;
  PINCH: count=589, weight=1.0000;
  TAP: count=468, weight=1.0000;
  DENY: count=1978, weight=1.0000;
  KNOB: count=1313, weight=1.0000;
  EXPAND: count=362, weight=1.0000;
> loss: 1.0420
[I 2025-12-10 19:27:51,282] Trial 38 finished with value: 1.062552434116507 and parameters: {'GCN_HIDDEN_DIM': 16, 'GCN_DROPOUT': 0.2, 'TCN_HIDDEN_DIM': 64, 'TCN_KERNEL_SIZE': 3, 'TCN_DILATIONS': [1, 2, 4, 8], 'TCN_DROPOUT': 0.3, 'CLASS_HIDDEN_DIM': 64, 'learning_rate': 0.006036792085264333}. Best is trial 3 with value: 0.8251486425331948.
==================================================
Fold 1/5
> val sequences: [1, 7, 15, 17, 25, 30, 35, 37, 46, 50, 52, 57, 63, 70, 79, 84, 88, 103, 106]
> Creating TrainingDataset: X=(6557, 10, 11, 3), y=(6557,)
> Creating TrainingDataset: X=(1687, 10, 11, 3), y=(1687,)
> Label distribution:
  NONE: count=2860, weight=0.1000;
  GRAB: count=674, weight=1.0000;
  PINCH: count=589, weight=1.0000;
  TAP: count=468, weight=1.0000;
  DENY: count=1978, weight=1.0000;
  KNOB: count=1313, weight=1.0000;
  EXPAND: count=362, weight=1.0000;
> loss: 1.6521
Fold 2/5
> val sequences: [8, 14, 16, 21, 22, 39, 40, 43, 55, 59, 61, 81, 82, 85, 86, 87, 94, 95]
> Creating TrainingDataset: X=(6774, 10, 11, 3), y=(6774,)
> Creating TrainingDataset: X=(1470, 10, 11, 3), y=(1470,)
> Label distribution:
  NONE: count=2860, weight=0.1000;
  GRAB: count=674, weight=1.0000;
  PINCH: count=589, weight=1.0000;
  TAP: count=468, weight=1.0000;
  DENY: count=1978, weight=1.0000;
  KNOB: count=1313, weight=1.0000;
  EXPAND: count=362, weight=1.0000;
> loss: 1.0833
Fold 3/5
> val sequences: [5, 10, 11, 12, 19, 24, 26, 33, 34, 36, 44, 47, 49, 68, 90, 93, 97, 105]
> Creating TrainingDataset: X=(6429, 10, 11, 3), y=(6429,)
> Creating TrainingDataset: X=(1815, 10, 11, 3), y=(1815,)
> Label distribution:
  NONE: count=2860, weight=0.1000;
  GRAB: count=674, weight=1.0000;
  PINCH: count=589, weight=1.0000;
  TAP: count=468, weight=1.0000;
  DENY: count=1978, weight=1.0000;
  KNOB: count=1313, weight=1.0000;
  EXPAND: count=362, weight=1.0000;
> loss: 1.1987
Fold 4/5
> val sequences: [41, 53, 56, 60, 62, 65, 69, 71, 73, 75, 78, 91, 98, 99, 101, 104, 107, 108]
> Creating TrainingDataset: X=(6806, 10, 11, 3), y=(6806,)
> Creating TrainingDataset: X=(1438, 10, 11, 3), y=(1438,)
> Label distribution:
  NONE: count=2860, weight=0.1000;
  GRAB: count=674, weight=1.0000;
  PINCH: count=589, weight=1.0000;
  TAP: count=468, weight=1.0000;
  DENY: count=1978, weight=1.0000;
  KNOB: count=1313, weight=1.0000;
  EXPAND: count=362, weight=1.0000;
> loss: 1.3091
Fold 5/5
> val sequences: [2, 4, 20, 28, 29, 31, 38, 48, 66, 67, 76, 77, 80, 89, 92, 96, 100, 102]
> Creating TrainingDataset: X=(6410, 10, 11, 3), y=(6410,)
> Creating TrainingDataset: X=(1834, 10, 11, 3), y=(1834,)
> Label distribution:
  NONE: count=2860, weight=0.1000;
  GRAB: count=674, weight=1.0000;
  PINCH: count=589, weight=1.0000;
  TAP: count=468, weight=1.0000;
  DENY: count=1978, weight=1.0000;
  KNOB: count=1313, weight=1.0000;
  EXPAND: count=362, weight=1.0000;
> loss: 1.2096
