[I 2025-12-10 20:11:48,376] Trial 18 finished with value: 1.0699564035628133 and parameters: {'GCN_HIDDEN_DIM': 16, 'GCN_DROPOUT': 0.3, 'TCN_HIDDEN_DIM': 32, 'TCN_KERNEL_SIZE': 5, 'TCN_DILATIONS': [1, 2, 4, 8, 16], 'TCN_DROPOUT': 0.2, 'CLASS_HIDDEN_DIM': 32, 'learning_rate': 0.004097799292639913}. Best is trial 15 with value: 0.84111560762917.
==================================================
Fold 1/5
> val sequences: [1, 7, 15, 17, 25, 30, 35, 37, 46, 50, 52, 57, 63, 70, 79, 84, 88, 103, 106]
> Creating TrainingDataset: X=(6557, 10, 11, 3), y=(6557,)
> Creating TrainingDataset: X=(1687, 10, 11, 3), y=(1687,)
> Label distribution:
  NONE: count=2860, weight=0.1000;
  GRAB: count=674, weight=1.0000;
  PINCH: count=589, weight=1.0000;
  TAP: count=468, weight=1.0000;
  DENY: count=1978, weight=1.0000;
  KNOB: count=1313, weight=1.0000;
  EXPAND: count=362, weight=1.0000;
> loss: 1.6830
Fold 2/5
> val sequences: [8, 14, 16, 21, 22, 39, 40, 43, 55, 59, 61, 81, 82, 85, 86, 87, 94, 95]
> Creating TrainingDataset: X=(6774, 10, 11, 3), y=(6774,)
> Creating TrainingDataset: X=(1470, 10, 11, 3), y=(1470,)
> Label distribution:
  NONE: count=2860, weight=0.1000;
  GRAB: count=674, weight=1.0000;
  PINCH: count=589, weight=1.0000;
  TAP: count=468, weight=1.0000;
  DENY: count=1978, weight=1.0000;
  KNOB: count=1313, weight=1.0000;
  EXPAND: count=362, weight=1.0000;
> loss: 1.5187
Fold 3/5
> val sequences: [5, 10, 11, 12, 19, 24, 26, 33, 34, 36, 44, 47, 49, 68, 90, 93, 97, 105]
> Creating TrainingDataset: X=(6429, 10, 11, 3), y=(6429,)
> Creating TrainingDataset: X=(1815, 10, 11, 3), y=(1815,)
> Label distribution:
  NONE: count=2860, weight=0.1000;
  GRAB: count=674, weight=1.0000;
  PINCH: count=589, weight=1.0000;
  TAP: count=468, weight=1.0000;
  DENY: count=1978, weight=1.0000;
  KNOB: count=1313, weight=1.0000;
  EXPAND: count=362, weight=1.0000;
> loss: 1.5210
Fold 4/5
> val sequences: [41, 53, 56, 60, 62, 65, 69, 71, 73, 75, 78, 91, 98, 99, 101, 104, 107, 108]
> Creating TrainingDataset: X=(6806, 10, 11, 3), y=(6806,)
> Creating TrainingDataset: X=(1438, 10, 11, 3), y=(1438,)
> Label distribution:
  NONE: count=2860, weight=0.1000;
  GRAB: count=674, weight=1.0000;
  PINCH: count=589, weight=1.0000;
  TAP: count=468, weight=1.0000;
  DENY: count=1978, weight=1.0000;
  KNOB: count=1313, weight=1.0000;
  EXPAND: count=362, weight=1.0000;
> loss: 1.4003
Fold 5/5
> val sequences: [2, 4, 20, 28, 29, 31, 38, 48, 66, 67, 76, 77, 80, 89, 92, 96, 100, 102]
> Creating TrainingDataset: X=(6410, 10, 11, 3), y=(6410,)
> Creating TrainingDataset: X=(1834, 10, 11, 3), y=(1834,)
> Label distribution:
  NONE: count=2860, weight=0.1000;
  GRAB: count=674, weight=1.0000;
  PINCH: count=589, weight=1.0000;
  TAP: count=468, weight=1.0000;
  DENY: count=1978, weight=1.0000;
  KNOB: count=1313, weight=1.0000;
  EXPAND: count=362, weight=1.0000;
> loss: 1.4389
[I 2025-12-10 20:13:19,012] Trial 19 finished with value: 1.5124095717405206 and parameters: {'GCN_HIDDEN_DIM': 32, 'GCN_DROPOUT': 0.2, 'TCN_HIDDEN_DIM': 128, 'TCN_KERNEL_SIZE': 3, 'TCN_DILATIONS': [1, 2, 4, 8], 'TCN_DROPOUT': 0.2, 'CLASS_HIDDEN_DIM': 32, 'learning_rate': 0.009048866184771086}. Best is trial 15 with value: 0.84111560762917.
==================================================
Fold 1/5
> val sequences: [1, 7, 15, 17, 25, 30, 35, 37, 46, 50, 52, 57, 63, 70, 79, 84, 88, 103, 106]
> Creating TrainingDataset: X=(6557, 10, 11, 3), y=(6557,)
> Creating TrainingDataset: X=(1687, 10, 11, 3), y=(1687,)
> Label distribution:
  NONE: count=2860, weight=0.1000;
  GRAB: count=674, weight=1.0000;
  PINCH: count=589, weight=1.0000;
  TAP: count=468, weight=1.0000;
  DENY: count=1978, weight=1.0000;
  KNOB: count=1313, weight=1.0000;
  EXPAND: count=362, weight=1.0000;
> loss: 1.0515
Fold 2/5
> val sequences: [8, 14, 16, 21, 22, 39, 40, 43, 55, 59, 61, 81, 82, 85, 86, 87, 94, 95]
> Creating TrainingDataset: X=(6774, 10, 11, 3), y=(6774,)
> Creating TrainingDataset: X=(1470, 10, 11, 3), y=(1470,)
> Label distribution:
  NONE: count=2860, weight=0.1000;
  GRAB: count=674, weight=1.0000;
  PINCH: count=589, weight=1.0000;
  TAP: count=468, weight=1.0000;
  DENY: count=1978, weight=1.0000;
  KNOB: count=1313, weight=1.0000;
  EXPAND: count=362, weight=1.0000;
> loss: 1.0971
Fold 3/5
> val sequences: [5, 10, 11, 12, 19, 24, 26, 33, 34, 36, 44, 47, 49, 68, 90, 93, 97, 105]
> Creating TrainingDataset: X=(6429, 10, 11, 3), y=(6429,)
> Creating TrainingDataset: X=(1815, 10, 11, 3), y=(1815,)
> Label distribution:
  NONE: count=2860, weight=0.1000;
  GRAB: count=674, weight=1.0000;
  PINCH: count=589, weight=1.0000;
  TAP: count=468, weight=1.0000;
  DENY: count=1978, weight=1.0000;
  KNOB: count=1313, weight=1.0000;
  EXPAND: count=362, weight=1.0000;
> loss: 0.8334
Fold 4/5
> val sequences: [41, 53, 56, 60, 62, 65, 69, 71, 73, 75, 78, 91, 98, 99, 101, 104, 107, 108]
> Creating TrainingDataset: X=(6806, 10, 11, 3), y=(6806,)
> Creating TrainingDataset: X=(1438, 10, 11, 3), y=(1438,)
> Label distribution:
  NONE: count=2860, weight=0.1000;
  GRAB: count=674, weight=1.0000;
  PINCH: count=589, weight=1.0000;
  TAP: count=468, weight=1.0000;
  DENY: count=1978, weight=1.0000;
  KNOB: count=1313, weight=1.0000;
  EXPAND: count=362, weight=1.0000;
> loss: 1.2421
Fold 5/5
> val sequences: [2, 4, 20, 28, 29, 31, 38, 48, 66, 67, 76, 77, 80, 89, 92, 96, 100, 102]
> Creating TrainingDataset: X=(6410, 10, 11, 3), y=(6410,)
> Creating TrainingDataset: X=(1834, 10, 11, 3), y=(1834,)
> Label distribution:
  NONE: count=2860, weight=0.1000;
  GRAB: count=674, weight=1.0000;
  PINCH: count=589, weight=1.0000;
  TAP: count=468, weight=1.0000;
  DENY: count=1978, weight=1.0000;
  KNOB: count=1313, weight=1.0000;
  EXPAND: count=362, weight=1.0000;
> loss: 1.1107
[I 2025-12-10 20:15:13,940] Trial 20 finished with value: 1.0669730683655938 and parameters: {'GCN_HIDDEN_DIM': 32, 'GCN_DROPOUT': 0.3, 'TCN_HIDDEN_DIM': 64, 'TCN_KERNEL_SIZE': 5, 'TCN_DILATIONS': [1, 2, 4, 8], 'TCN_DROPOUT': 0.3, 'CLASS_HIDDEN_DIM': 32, 'learning_rate': 0.004036217192334198}. Best is trial 15 with value: 0.84111560762917.
==================================================
Fold 1/5
> val sequences: [1, 7, 15, 17, 25, 30, 35, 37, 46, 50, 52, 57, 63, 70, 79, 84, 88, 103, 106]
> Creating TrainingDataset: X=(6557, 10, 11, 3), y=(6557,)
> Creating TrainingDataset: X=(1687, 10, 11, 3), y=(1687,)
> Label distribution:
  NONE: count=2860, weight=0.1000;
  GRAB: count=674, weight=1.0000;
  PINCH: count=589, weight=1.0000;
  TAP: count=468, weight=1.0000;
  DENY: count=1978, weight=1.0000;
  KNOB: count=1313, weight=1.0000;
  EXPAND: count=362, weight=1.0000;
> loss: 1.6227
Fold 2/5
> val sequences: [8, 14, 16, 21, 22, 39, 40, 43, 55, 59, 61, 81, 82, 85, 86, 87, 94, 95]
> Creating TrainingDataset: X=(6774, 10, 11, 3), y=(6774,)
> Creating TrainingDataset: X=(1470, 10, 11, 3), y=(1470,)
> Label distribution:
  NONE: count=2860, weight=0.1000;
  GRAB: count=674, weight=1.0000;
  PINCH: count=589, weight=1.0000;
  TAP: count=468, weight=1.0000;
  DENY: count=1978, weight=1.0000;
  KNOB: count=1313, weight=1.0000;
  EXPAND: count=362, weight=1.0000;
> loss: 1.4708
Fold 3/5
> val sequences: [5, 10, 11, 12, 19, 24, 26, 33, 34, 36, 44, 47, 49, 68, 90, 93, 97, 105]
> Creating TrainingDataset: X=(6429, 10, 11, 3), y=(6429,)
> Creating TrainingDataset: X=(1815, 10, 11, 3), y=(1815,)
> Label distribution:
  NONE: count=2860, weight=0.1000;
  GRAB: count=674, weight=1.0000;
  PINCH: count=589, weight=1.0000;
  TAP: count=468, weight=1.0000;
  DENY: count=1978, weight=1.0000;
  KNOB: count=1313, weight=1.0000;
  EXPAND: count=362, weight=1.0000;
> loss: 1.3634
Fold 4/5
> val sequences: [41, 53, 56, 60, 62, 65, 69, 71, 73, 75, 78, 91, 98, 99, 101, 104, 107, 108]
> Creating TrainingDataset: X=(6806, 10, 11, 3), y=(6806,)
> Creating TrainingDataset: X=(1438, 10, 11, 3), y=(1438,)
> Label distribution:
  NONE: count=2860, weight=0.1000;
  GRAB: count=674, weight=1.0000;
  PINCH: count=589, weight=1.0000;
  TAP: count=468, weight=1.0000;
  DENY: count=1978, weight=1.0000;
  KNOB: count=1313, weight=1.0000;
  EXPAND: count=362, weight=1.0000;
> loss: 1.6331
Fold 5/5
> val sequences: [2, 4, 20, 28, 29, 31, 38, 48, 66, 67, 76, 77, 80, 89, 92, 96, 100, 102]
> Creating TrainingDataset: X=(6410, 10, 11, 3), y=(6410,)
> Creating TrainingDataset: X=(1834, 10, 11, 3), y=(1834,)
> Label distribution:
  NONE: count=2860, weight=0.1000;
  GRAB: count=674, weight=1.0000;
  PINCH: count=589, weight=1.0000;
  TAP: count=468, weight=1.0000;
  DENY: count=1978, weight=1.0000;
  KNOB: count=1313, weight=1.0000;
  EXPAND: count=362, weight=1.0000;
> loss: 1.1342
[I 2025-12-10 20:17:07,971] Trial 21 finished with value: 1.4448374560156045 and parameters: {'GCN_HIDDEN_DIM': 32, 'GCN_DROPOUT': 0.3, 'TCN_HIDDEN_DIM': 32, 'TCN_KERNEL_SIZE': 3, 'TCN_DILATIONS': [1, 2, 4, 8], 'TCN_DROPOUT': 0.3, 'CLASS_HIDDEN_DIM': 128, 'learning_rate': 0.0010158539826199582}. Best is trial 15 with value: 0.84111560762917.
==================================================
Fold 1/5
> val sequences: [1, 7, 15, 17, 25, 30, 35, 37, 46, 50, 52, 57, 63, 70, 79, 84, 88, 103, 106]
> Creating TrainingDataset: X=(6557, 10, 11, 3), y=(6557,)
> Creating TrainingDataset: X=(1687, 10, 11, 3), y=(1687,)
> Label distribution:
  NONE: count=2860, weight=0.1000;
  GRAB: count=674, weight=1.0000;
  PINCH: count=589, weight=1.0000;
  TAP: count=468, weight=1.0000;
  DENY: count=1978, weight=1.0000;
  KNOB: count=1313, weight=1.0000;
  EXPAND: count=362, weight=1.0000;
> loss: 1.7059
Fold 2/5
> val sequences: [8, 14, 16, 21, 22, 39, 40, 43, 55, 59, 61, 81, 82, 85, 86, 87, 94, 95]
> Creating TrainingDataset: X=(6774, 10, 11, 3), y=(6774,)
> Creating TrainingDataset: X=(1470, 10, 11, 3), y=(1470,)
> Label distribution:
  NONE: count=2860, weight=0.1000;
  GRAB: count=674, weight=1.0000;
  PINCH: count=589, weight=1.0000;
  TAP: count=468, weight=1.0000;
  DENY: count=1978, weight=1.0000;
  KNOB: count=1313, weight=1.0000;
  EXPAND: count=362, weight=1.0000;
> loss: 1.4138
Fold 3/5
> val sequences: [5, 10, 11, 12, 19, 24, 26, 33, 34, 36, 44, 47, 49, 68, 90, 93, 97, 105]
> Creating TrainingDataset: X=(6429, 10, 11, 3), y=(6429,)
> Creating TrainingDataset: X=(1815, 10, 11, 3), y=(1815,)
> Label distribution:
  NONE: count=2860, weight=0.1000;
  GRAB: count=674, weight=1.0000;
  PINCH: count=589, weight=1.0000;
  TAP: count=468, weight=1.0000;
  DENY: count=1978, weight=1.0000;
  KNOB: count=1313, weight=1.0000;
  EXPAND: count=362, weight=1.0000;
> loss: 1.0141
Fold 4/5
> val sequences: [41, 53, 56, 60, 62, 65, 69, 71, 73, 75, 78, 91, 98, 99, 101, 104, 107, 108]
> Creating TrainingDataset: X=(6806, 10, 11, 3), y=(6806,)
> Creating TrainingDataset: X=(1438, 10, 11, 3), y=(1438,)
> Label distribution:
  NONE: count=2860, weight=0.1000;
  GRAB: count=674, weight=1.0000;
  PINCH: count=589, weight=1.0000;
  TAP: count=468, weight=1.0000;
  DENY: count=1978, weight=1.0000;
  KNOB: count=1313, weight=1.0000;
  EXPAND: count=362, weight=1.0000;
> loss: 1.3386
Fold 5/5
> val sequences: [2, 4, 20, 28, 29, 31, 38, 48, 66, 67, 76, 77, 80, 89, 92, 96, 100, 102]
> Creating TrainingDataset: X=(6410, 10, 11, 3), y=(6410,)
> Creating TrainingDataset: X=(1834, 10, 11, 3), y=(1834,)
> Label distribution:
  NONE: count=2860, weight=0.1000;
  GRAB: count=674, weight=1.0000;
  PINCH: count=589, weight=1.0000;
  TAP: count=468, weight=1.0000;
  DENY: count=1978, weight=1.0000;
  KNOB: count=1313, weight=1.0000;
  EXPAND: count=362, weight=1.0000;
> loss: 1.8226
[I 2025-12-10 20:19:00,679] Trial 22 finished with value: 1.459022494631968 and parameters: {'GCN_HIDDEN_DIM': 16, 'GCN_DROPOUT': 0.2, 'TCN_HIDDEN_DIM': 32, 'TCN_KERNEL_SIZE': 5, 'TCN_DILATIONS': [1, 2, 4, 8], 'TCN_DROPOUT': 0.2, 'CLASS_HIDDEN_DIM': 128, 'learning_rate': 0.008294265122006204}. Best is trial 15 with value: 0.84111560762917.
==================================================
Fold 1/5
> val sequences: [1, 7, 15, 17, 25, 30, 35, 37, 46, 50, 52, 57, 63, 70, 79, 84, 88, 103, 106]
> Creating TrainingDataset: X=(6557, 10, 11, 3), y=(6557,)
> Creating TrainingDataset: X=(1687, 10, 11, 3), y=(1687,)
> Label distribution:
  NONE: count=2860, weight=0.1000;
  GRAB: count=674, weight=1.0000;
  PINCH: count=589, weight=1.0000;
  TAP: count=468, weight=1.0000;
  DENY: count=1978, weight=1.0000;
  KNOB: count=1313, weight=1.0000;
  EXPAND: count=362, weight=1.0000;
> loss: 1.6780
Fold 2/5
> val sequences: [8, 14, 16, 21, 22, 39, 40, 43, 55, 59, 61, 81, 82, 85, 86, 87, 94, 95]
> Creating TrainingDataset: X=(6774, 10, 11, 3), y=(6774,)
> Creating TrainingDataset: X=(1470, 10, 11, 3), y=(1470,)
> Label distribution:
  NONE: count=2860, weight=0.1000;
  GRAB: count=674, weight=1.0000;
  PINCH: count=589, weight=1.0000;
  TAP: count=468, weight=1.0000;
  DENY: count=1978, weight=1.0000;
  KNOB: count=1313, weight=1.0000;
  EXPAND: count=362, weight=1.0000;
> loss: 1.3540
Fold 3/5
> val sequences: [5, 10, 11, 12, 19, 24, 26, 33, 34, 36, 44, 47, 49, 68, 90, 93, 97, 105]
> Creating TrainingDataset: X=(6429, 10, 11, 3), y=(6429,)
> Creating TrainingDataset: X=(1815, 10, 11, 3), y=(1815,)
> Label distribution:
  NONE: count=2860, weight=0.1000;
  GRAB: count=674, weight=1.0000;
  PINCH: count=589, weight=1.0000;
  TAP: count=468, weight=1.0000;
  DENY: count=1978, weight=1.0000;
  KNOB: count=1313, weight=1.0000;
  EXPAND: count=362, weight=1.0000;
> loss: 1.1434
Fold 4/5
> val sequences: [41, 53, 56, 60, 62, 65, 69, 71, 73, 75, 78, 91, 98, 99, 101, 104, 107, 108]
> Creating TrainingDataset: X=(6806, 10, 11, 3), y=(6806,)
> Creating TrainingDataset: X=(1438, 10, 11, 3), y=(1438,)
> Label distribution:
  NONE: count=2860, weight=0.1000;
  GRAB: count=674, weight=1.0000;
  PINCH: count=589, weight=1.0000;
  TAP: count=468, weight=1.0000;
  DENY: count=1978, weight=1.0000;
  KNOB: count=1313, weight=1.0000;
  EXPAND: count=362, weight=1.0000;
> loss: 1.1852
Fold 5/5
> val sequences: [2, 4, 20, 28, 29, 31, 38, 48, 66, 67, 76, 77, 80, 89, 92, 96, 100, 102]
> Creating TrainingDataset: X=(6410, 10, 11, 3), y=(6410,)
> Creating TrainingDataset: X=(1834, 10, 11, 3), y=(1834,)
> Label distribution:
  NONE: count=2860, weight=0.1000;
  GRAB: count=674, weight=1.0000;
  PINCH: count=589, weight=1.0000;
  TAP: count=468, weight=1.0000;
  DENY: count=1978, weight=1.0000;
  KNOB: count=1313, weight=1.0000;
  EXPAND: count=362, weight=1.0000;
> loss: 1.3236
[I 2025-12-10 20:20:51,484] Trial 23 finished with value: 1.3368404980728263 and parameters: {'GCN_HIDDEN_DIM': 64, 'GCN_DROPOUT': 0.3, 'TCN_HIDDEN_DIM': 64, 'TCN_KERNEL_SIZE': 3, 'TCN_DILATIONS': [1, 2, 4, 8], 'TCN_DROPOUT': 0.2, 'CLASS_HIDDEN_DIM': 32, 'learning_rate': 0.0082352622986791}. Best is trial 15 with value: 0.84111560762917.
==================================================
Fold 1/5
> val sequences: [1, 7, 15, 17, 25, 30, 35, 37, 46, 50, 52, 57, 63, 70, 79, 84, 88, 103, 106]
> Creating TrainingDataset: X=(6557, 10, 11, 3), y=(6557,)
> Creating TrainingDataset: X=(1687, 10, 11, 3), y=(1687,)
> Label distribution:
  NONE: count=2860, weight=0.1000;
  GRAB: count=674, weight=1.0000;
  PINCH: count=589, weight=1.0000;
  TAP: count=468, weight=1.0000;
  DENY: count=1978, weight=1.0000;
  KNOB: count=1313, weight=1.0000;
  EXPAND: count=362, weight=1.0000;
> loss: 1.2629
Fold 2/5
> val sequences: [8, 14, 16, 21, 22, 39, 40, 43, 55, 59, 61, 81, 82, 85, 86, 87, 94, 95]
> Creating TrainingDataset: X=(6774, 10, 11, 3), y=(6774,)
> Creating TrainingDataset: X=(1470, 10, 11, 3), y=(1470,)
> Label distribution:
  NONE: count=2860, weight=0.1000;
  GRAB: count=674, weight=1.0000;
  PINCH: count=589, weight=1.0000;
  TAP: count=468, weight=1.0000;
  DENY: count=1978, weight=1.0000;
  KNOB: count=1313, weight=1.0000;
  EXPAND: count=362, weight=1.0000;
> loss: 1.5059
Fold 3/5
> val sequences: [5, 10, 11, 12, 19, 24, 26, 33, 34, 36, 44, 47, 49, 68, 90, 93, 97, 105]
> Creating TrainingDataset: X=(6429, 10, 11, 3), y=(6429,)
> Creating TrainingDataset: X=(1815, 10, 11, 3), y=(1815,)
> Label distribution:
  NONE: count=2860, weight=0.1000;
  GRAB: count=674, weight=1.0000;
  PINCH: count=589, weight=1.0000;
  TAP: count=468, weight=1.0000;
  DENY: count=1978, weight=1.0000;
  KNOB: count=1313, weight=1.0000;
  EXPAND: count=362, weight=1.0000;
> loss: 0.9854
Fold 4/5
> val sequences: [41, 53, 56, 60, 62, 65, 69, 71, 73, 75, 78, 91, 98, 99, 101, 104, 107, 108]
> Creating TrainingDataset: X=(6806, 10, 11, 3), y=(6806,)
> Creating TrainingDataset: X=(1438, 10, 11, 3), y=(1438,)
> Label distribution:
  NONE: count=2860, weight=0.1000;
  GRAB: count=674, weight=1.0000;
  PINCH: count=589, weight=1.0000;
  TAP: count=468, weight=1.0000;
  DENY: count=1978, weight=1.0000;
  KNOB: count=1313, weight=1.0000;
  EXPAND: count=362, weight=1.0000;
> loss: 1.4804
Fold 5/5
> val sequences: [2, 4, 20, 28, 29, 31, 38, 48, 66, 67, 76, 77, 80, 89, 92, 96, 100, 102]
> Creating TrainingDataset: X=(6410, 10, 11, 3), y=(6410,)
> Creating TrainingDataset: X=(1834, 10, 11, 3), y=(1834,)
> Label distribution:
  NONE: count=2860, weight=0.1000;
  GRAB: count=674, weight=1.0000;
  PINCH: count=589, weight=1.0000;
  TAP: count=468, weight=1.0000;
  DENY: count=1978, weight=1.0000;
  KNOB: count=1313, weight=1.0000;
  EXPAND: count=362, weight=1.0000;
> loss: 0.8344
[I 2025-12-10 20:22:32,772] Trial 24 finished with value: 1.2138133114435992 and parameters: {'GCN_HIDDEN_DIM': 16, 'GCN_DROPOUT': 0.3, 'TCN_HIDDEN_DIM': 64, 'TCN_KERNEL_SIZE': 5, 'TCN_DILATIONS': [1, 2, 4], 'TCN_DROPOUT': 0.3, 'CLASS_HIDDEN_DIM': 32, 'learning_rate': 0.005515471966100269}. Best is trial 15 with value: 0.84111560762917.
==================================================
Fold 1/5
> val sequences: [1, 7, 15, 17, 25, 30, 35, 37, 46, 50, 52, 57, 63, 70, 79, 84, 88, 103, 106]
> Creating TrainingDataset: X=(6557, 10, 11, 3), y=(6557,)
> Creating TrainingDataset: X=(1687, 10, 11, 3), y=(1687,)
> Label distribution:
  NONE: count=2860, weight=0.1000;
  GRAB: count=674, weight=1.0000;
  PINCH: count=589, weight=1.0000;
  TAP: count=468, weight=1.0000;
  DENY: count=1978, weight=1.0000;
  KNOB: count=1313, weight=1.0000;
  EXPAND: count=362, weight=1.0000;
> loss: 1.0129
Fold 2/5
> val sequences: [8, 14, 16, 21, 22, 39, 40, 43, 55, 59, 61, 81, 82, 85, 86, 87, 94, 95]
> Creating TrainingDataset: X=(6774, 10, 11, 3), y=(6774,)
> Creating TrainingDataset: X=(1470, 10, 11, 3), y=(1470,)
> Label distribution:
  NONE: count=2860, weight=0.1000;
  GRAB: count=674, weight=1.0000;
  PINCH: count=589, weight=1.0000;
  TAP: count=468, weight=1.0000;
  DENY: count=1978, weight=1.0000;
  KNOB: count=1313, weight=1.0000;
  EXPAND: count=362, weight=1.0000;
> loss: 1.3794
Fold 3/5
> val sequences: [5, 10, 11, 12, 19, 24, 26, 33, 34, 36, 44, 47, 49, 68, 90, 93, 97, 105]
> Creating TrainingDataset: X=(6429, 10, 11, 3), y=(6429,)
> Creating TrainingDataset: X=(1815, 10, 11, 3), y=(1815,)
> Label distribution:
  NONE: count=2860, weight=0.1000;
  GRAB: count=674, weight=1.0000;
  PINCH: count=589, weight=1.0000;
  TAP: count=468, weight=1.0000;
  DENY: count=1978, weight=1.0000;
  KNOB: count=1313, weight=1.0000;
  EXPAND: count=362, weight=1.0000;
> loss: 1.2983
Fold 4/5
> val sequences: [41, 53, 56, 60, 62, 65, 69, 71, 73, 75, 78, 91, 98, 99, 101, 104, 107, 108]
> Creating TrainingDataset: X=(6806, 10, 11, 3), y=(6806,)
> Creating TrainingDataset: X=(1438, 10, 11, 3), y=(1438,)
> Label distribution:
  NONE: count=2860, weight=0.1000;
  GRAB: count=674, weight=1.0000;
  PINCH: count=589, weight=1.0000;
  TAP: count=468, weight=1.0000;
  DENY: count=1978, weight=1.0000;
  KNOB: count=1313, weight=1.0000;
  EXPAND: count=362, weight=1.0000;
> loss: 0.9419
Fold 5/5
> val sequences: [2, 4, 20, 28, 29, 31, 38, 48, 66, 67, 76, 77, 80, 89, 92, 96, 100, 102]
> Creating TrainingDataset: X=(6410, 10, 11, 3), y=(6410,)
> Creating TrainingDataset: X=(1834, 10, 11, 3), y=(1834,)
> Label distribution:
  NONE: count=2860, weight=0.1000;
  GRAB: count=674, weight=1.0000;
  PINCH: count=589, weight=1.0000;
  TAP: count=468, weight=1.0000;
  DENY: count=1978, weight=1.0000;
  KNOB: count=1313, weight=1.0000;
  EXPAND: count=362, weight=1.0000;
> loss: 1.3485
