[I 2025-12-10 19:30:01,164] Trial 39 finished with value: 1.2905824331403137 and parameters: {'GCN_HIDDEN_DIM': 64, 'GCN_DROPOUT': 0.2, 'TCN_HIDDEN_DIM': 64, 'TCN_KERNEL_SIZE': 5, 'TCN_DILATIONS': [1, 2, 4, 8, 16], 'TCN_DROPOUT': 0.3, 'CLASS_HIDDEN_DIM': 32, 'learning_rate': 0.007636795586052212}. Best is trial 3 with value: 0.8251486425331948.
==================================================
Optimization completed in 4558.62 seconds.
Best Trial: 3
Best Score: 0.8251486425331948
Best Params: {'GCN_HIDDEN_DIM': 32, 'GCN_DROPOUT': 0.2, 'TCN_HIDDEN_DIM': 128, 'TCN_KERNEL_SIZE': 3, 'TCN_DILATIONS': [1, 2, 4, 8], 'TCN_DROPOUT': 0.3, 'CLASS_HIDDEN_DIM': 128, 'learning_rate': 0.0029745413695663634}
Training model with parameters {'GCN_HIDDEN_DIM': 32, 'GCN_DROPOUT': 0.2, 'TCN_HIDDEN_DIM': 128, 'TCN_KERNEL_SIZE': 3, 'TCN_DILATIONS': [1, 2, 4, 8], 'TCN_DROPOUT': 0.3, 'CLASS_HIDDEN_DIM': 128, 'learning_rate': 0.0029745413695663634}
> Creating TrainingDataset: X=(8244, 10, 11, 3), y=(8244,)
> Label distribution:
  NONE: count=2860, weight=0.1000;
  GRAB: count=674, weight=1.0000;
  PINCH: count=589, weight=1.0000;
  TAP: count=468, weight=1.0000;
  DENY: count=1978, weight=1.0000;
  KNOB: count=1313, weight=1.0000;
  EXPAND: count=362, weight=1.0000;
Epoch [1/300], Loss: 1.7425
Epoch [2/300], Loss: 1.6641
Epoch [3/300], Loss: 1.5515
Epoch [4/300], Loss: 1.1726
Epoch [5/300], Loss: 0.8619
Epoch [6/300], Loss: 0.7356
Epoch [7/300], Loss: 0.6378
Epoch [8/300], Loss: 0.5957
Epoch [9/300], Loss: 0.5191
Epoch [10/300], Loss: 0.4848
Epoch [11/300], Loss: 0.4765
Epoch [12/300], Loss: 0.4271
Epoch [13/300], Loss: 0.4074
Epoch [14/300], Loss: 0.3866
Epoch [15/300], Loss: 0.3908
Epoch [16/300], Loss: 0.3822
Epoch [17/300], Loss: 0.3561
Epoch [18/300], Loss: 0.3680
Epoch [19/300], Loss: 0.3318
Epoch [20/300], Loss: 0.3230
Epoch [21/300], Loss: 0.3164
Epoch [22/300], Loss: 0.3082
Epoch [23/300], Loss: 0.3252
Epoch [24/300], Loss: 0.2863
Epoch [25/300], Loss: 0.2927
Epoch [26/300], Loss: 0.2835
Epoch [27/300], Loss: 0.3003
Epoch [28/300], Loss: 0.3026
Epoch [29/300], Loss: 0.3065
Epoch [30/300], Loss: 0.3178
Epoch [31/300], Loss: 0.2865
Epoch [32/300], Loss: 0.2850
Epoch [33/300], Loss: 0.2669
Epoch [34/300], Loss: 0.2800
Epoch [35/300], Loss: 0.2570
Epoch [36/300], Loss: 0.2554
Epoch [37/300], Loss: 0.2559
Epoch [38/300], Loss: 0.2445
Epoch [39/300], Loss: 0.2418
Epoch [40/300], Loss: 0.2497
Epoch [41/300], Loss: 0.2333
Epoch [42/300], Loss: 0.2320
Epoch [43/300], Loss: 0.2325
Epoch [44/300], Loss: 0.2162
Epoch [45/300], Loss: 0.2346
Epoch [46/300], Loss: 0.2244
Epoch [47/300], Loss: 0.2190
Epoch [48/300], Loss: 0.2129
Epoch [49/300], Loss: 0.2285
Epoch [50/300], Loss: 0.2223
Epoch [51/300], Loss: 0.2205
Epoch [52/300], Loss: 0.2185
Epoch [53/300], Loss: 0.2127
Epoch [54/300], Loss: 0.2138
Epoch [55/300], Loss: 0.2108
Epoch [56/300], Loss: 0.2095
Epoch [57/300], Loss: 0.1919
Epoch [58/300], Loss: 0.1982
Epoch [59/300], Loss: 0.2211
Epoch [60/300], Loss: 0.1894
Epoch [61/300], Loss: 0.2039
Epoch [62/300], Loss: 0.1862
Epoch [63/300], Loss: 0.1904
Epoch [64/300], Loss: 0.2026
Epoch [65/300], Loss: 0.1795
Epoch [66/300], Loss: 0.1915
Epoch [67/300], Loss: 0.1783
Epoch [68/300], Loss: 0.1898
Epoch [69/300], Loss: 0.1813
Epoch [70/300], Loss: 0.1759
Epoch [71/300], Loss: 0.1969
Epoch [72/300], Loss: 0.1848
Epoch [73/300], Loss: 0.1652
Epoch [74/300], Loss: 0.1798
Epoch [75/300], Loss: 0.1894
Epoch [76/300], Loss: 0.1687
Epoch [77/300], Loss: 0.1810
Epoch [78/300], Loss: 0.1840
Epoch [79/300], Loss: 0.1760
Epoch [80/300], Loss: 0.1979
Epoch [81/300], Loss: 0.1638
Epoch [82/300], Loss: 0.1651
Epoch [83/300], Loss: 0.1800
Epoch [84/300], Loss: 0.1687
Epoch [85/300], Loss: 0.1489
Epoch [86/300], Loss: 0.1903
Epoch [87/300], Loss: 0.1875
Epoch [88/300], Loss: 0.1593
Epoch [89/300], Loss: 0.1577
Epoch [90/300], Loss: 0.1549
Epoch [91/300], Loss: 0.1515
Epoch [92/300], Loss: 0.1590
Epoch [93/300], Loss: 0.1489
Epoch [94/300], Loss: 0.1514
Epoch [95/300], Loss: 0.2000
Epoch [96/300], Loss: 0.1538
Epoch [97/300], Loss: 0.1602
Epoch [98/300], Loss: 0.1535
Epoch [99/300], Loss: 0.1495
Epoch [100/300], Loss: 0.1627
Epoch [101/300], Loss: 0.1592
Epoch [102/300], Loss: 0.1430
Epoch [103/300], Loss: 0.1495
Epoch [104/300], Loss: 0.1516
Epoch [105/300], Loss: 0.1474
Epoch [106/300], Loss: 0.1649
Epoch [107/300], Loss: 0.1443
Epoch [108/300], Loss: 0.1536
Epoch [109/300], Loss: 0.1745
Epoch [110/300], Loss: 0.1600
Epoch [111/300], Loss: 0.1718
Epoch [112/300], Loss: 0.1373
Epoch [113/300], Loss: 0.1442
Epoch [114/300], Loss: 0.1747
Epoch [115/300], Loss: 0.1365
Epoch [116/300], Loss: 0.1475
Epoch [117/300], Loss: 0.1397
Epoch [118/300], Loss: 0.1489
Epoch [119/300], Loss: 0.1417
Epoch [120/300], Loss: 0.1425
Epoch [121/300], Loss: 0.1451
Epoch [122/300], Loss: 0.1440
Epoch [123/300], Loss: 0.1328
Epoch [124/300], Loss: 0.1548
Epoch [125/300], Loss: 0.1473
Epoch [126/300], Loss: 0.1342
Epoch [127/300], Loss: 0.1385
Epoch [128/300], Loss: 0.1412
Epoch [129/300], Loss: 0.1299
Epoch [130/300], Loss: 0.1417
Epoch [131/300], Loss: 0.1274
Epoch [132/300], Loss: 0.1315
Epoch [133/300], Loss: 0.1612
Epoch [134/300], Loss: 0.1260
Epoch [135/300], Loss: 0.1570
Epoch [136/300], Loss: 0.1312
Epoch [137/300], Loss: 0.1379
Epoch [138/300], Loss: 0.1272
Epoch [139/300], Loss: 0.1479
Epoch [140/300], Loss: 0.1505
Epoch [141/300], Loss: 0.1395
Epoch [142/300], Loss: 0.1322
Epoch [143/300], Loss: 0.1394
Epoch [144/300], Loss: 0.1390
Early stopping triggered.

Training completed in 449.12 seconds.
[I 2025-12-10 19:37:30,291] A new study created in memory with name: no-name-ac30e28d-8f8c-4558-adfd-d23ae0ee90f2
==================================================
Fold 1/5
> val sequences: [1, 7, 15, 17, 25, 30, 35, 37, 46, 50, 52, 57, 63, 70, 79, 84, 88, 103, 106]
> Creating TrainingDataset: X=(6557, 10, 11, 3), y=(6557,)
> Creating TrainingDataset: X=(1687, 10, 11, 3), y=(1687,)
> Label distribution:
  NONE: count=2860, weight=0.1000;
  GRAB: count=674, weight=1.0000;
  PINCH: count=589, weight=1.0000;
  TAP: count=468, weight=1.0000;
  DENY: count=1978, weight=1.0000;
  KNOB: count=1313, weight=1.0000;
  EXPAND: count=362, weight=1.0000;
> loss: 1.2810
Fold 2/5
> val sequences: [8, 14, 16, 21, 22, 39, 40, 43, 55, 59, 61, 81, 82, 85, 86, 87, 94, 95]
> Creating TrainingDataset: X=(6774, 10, 11, 3), y=(6774,)
> Creating TrainingDataset: X=(1470, 10, 11, 3), y=(1470,)
> Label distribution:
  NONE: count=2860, weight=0.1000;
  GRAB: count=674, weight=1.0000;
  PINCH: count=589, weight=1.0000;
  TAP: count=468, weight=1.0000;
  DENY: count=1978, weight=1.0000;
  KNOB: count=1313, weight=1.0000;
  EXPAND: count=362, weight=1.0000;
> loss: 1.2575
Fold 3/5
> val sequences: [5, 10, 11, 12, 19, 24, 26, 33, 34, 36, 44, 47, 49, 68, 90, 93, 97, 105]
> Creating TrainingDataset: X=(6429, 10, 11, 3), y=(6429,)
> Creating TrainingDataset: X=(1815, 10, 11, 3), y=(1815,)
> Label distribution:
  NONE: count=2860, weight=0.1000;
  GRAB: count=674, weight=1.0000;
  PINCH: count=589, weight=1.0000;
  TAP: count=468, weight=1.0000;
  DENY: count=1978, weight=1.0000;
  KNOB: count=1313, weight=1.0000;
  EXPAND: count=362, weight=1.0000;
> loss: 1.1693
Fold 4/5
> val sequences: [41, 53, 56, 60, 62, 65, 69, 71, 73, 75, 78, 91, 98, 99, 101, 104, 107, 108]
> Creating TrainingDataset: X=(6806, 10, 11, 3), y=(6806,)
> Creating TrainingDataset: X=(1438, 10, 11, 3), y=(1438,)
> Label distribution:
  NONE: count=2860, weight=0.1000;
  GRAB: count=674, weight=1.0000;
  PINCH: count=589, weight=1.0000;
  TAP: count=468, weight=1.0000;
  DENY: count=1978, weight=1.0000;
  KNOB: count=1313, weight=1.0000;
  EXPAND: count=362, weight=1.0000;
> loss: 1.3265
Fold 5/5
> val sequences: [2, 4, 20, 28, 29, 31, 38, 48, 66, 67, 76, 77, 80, 89, 92, 96, 100, 102]
> Creating TrainingDataset: X=(6410, 10, 11, 3), y=(6410,)
> Creating TrainingDataset: X=(1834, 10, 11, 3), y=(1834,)
> Label distribution:
  NONE: count=2860, weight=0.1000;
  GRAB: count=674, weight=1.0000;
  PINCH: count=589, weight=1.0000;
  TAP: count=468, weight=1.0000;
  DENY: count=1978, weight=1.0000;
  KNOB: count=1313, weight=1.0000;
  EXPAND: count=362, weight=1.0000;
> loss: 1.2639
[I 2025-12-10 19:39:49,696] Trial 0 finished with value: 1.2596316583466949 and parameters: {'GCN_HIDDEN_DIM': 32, 'GCN_DROPOUT': 0.2, 'TCN_HIDDEN_DIM': 128, 'TCN_KERNEL_SIZE': 3, 'TCN_DILATIONS': [1, 2, 4, 8, 16], 'TCN_DROPOUT': 0.2, 'CLASS_HIDDEN_DIM': 32, 'learning_rate': 0.0011520402699814127}. Best is trial 0 with value: 1.2596316583466949.
==================================================
Fold 1/5
> val sequences: [1, 7, 15, 17, 25, 30, 35, 37, 46, 50, 52, 57, 63, 70, 79, 84, 88, 103, 106]
> Creating TrainingDataset: X=(6557, 10, 11, 3), y=(6557,)
> Creating TrainingDataset: X=(1687, 10, 11, 3), y=(1687,)
> Label distribution:
  NONE: count=2860, weight=0.1000;
  GRAB: count=674, weight=1.0000;
  PINCH: count=589, weight=1.0000;
  TAP: count=468, weight=1.0000;
  DENY: count=1978, weight=1.0000;
  KNOB: count=1313, weight=1.0000;
  EXPAND: count=362, weight=1.0000;
> loss: 1.0105
Fold 2/5
> val sequences: [8, 14, 16, 21, 22, 39, 40, 43, 55, 59, 61, 81, 82, 85, 86, 87, 94, 95]
> Creating TrainingDataset: X=(6774, 10, 11, 3), y=(6774,)
> Creating TrainingDataset: X=(1470, 10, 11, 3), y=(1470,)
> Label distribution:
  NONE: count=2860, weight=0.1000;
  GRAB: count=674, weight=1.0000;
  PINCH: count=589, weight=1.0000;
  TAP: count=468, weight=1.0000;
  DENY: count=1978, weight=1.0000;
  KNOB: count=1313, weight=1.0000;
  EXPAND: count=362, weight=1.0000;
> loss: 1.0615
Fold 3/5
> val sequences: [5, 10, 11, 12, 19, 24, 26, 33, 34, 36, 44, 47, 49, 68, 90, 93, 97, 105]
> Creating TrainingDataset: X=(6429, 10, 11, 3), y=(6429,)
> Creating TrainingDataset: X=(1815, 10, 11, 3), y=(1815,)
> Label distribution:
  NONE: count=2860, weight=0.1000;
  GRAB: count=674, weight=1.0000;
  PINCH: count=589, weight=1.0000;
  TAP: count=468, weight=1.0000;
  DENY: count=1978, weight=1.0000;
  KNOB: count=1313, weight=1.0000;
  EXPAND: count=362, weight=1.0000;
> loss: 0.8081
Fold 4/5
> val sequences: [41, 53, 56, 60, 62, 65, 69, 71, 73, 75, 78, 91, 98, 99, 101, 104, 107, 108]
> Creating TrainingDataset: X=(6806, 10, 11, 3), y=(6806,)
> Creating TrainingDataset: X=(1438, 10, 11, 3), y=(1438,)
> Label distribution:
  NONE: count=2860, weight=0.1000;
  GRAB: count=674, weight=1.0000;
  PINCH: count=589, weight=1.0000;
  TAP: count=468, weight=1.0000;
  DENY: count=1978, weight=1.0000;
  KNOB: count=1313, weight=1.0000;
  EXPAND: count=362, weight=1.0000;
> loss: 1.1680
Fold 5/5
> val sequences: [2, 4, 20, 28, 29, 31, 38, 48, 66, 67, 76, 77, 80, 89, 92, 96, 100, 102]
> Creating TrainingDataset: X=(6410, 10, 11, 3), y=(6410,)
> Creating TrainingDataset: X=(1834, 10, 11, 3), y=(1834,)
> Label distribution:
  NONE: count=2860, weight=0.1000;
  GRAB: count=674, weight=1.0000;
  PINCH: count=589, weight=1.0000;
  TAP: count=468, weight=1.0000;
  DENY: count=1978, weight=1.0000;
  KNOB: count=1313, weight=1.0000;
  EXPAND: count=362, weight=1.0000;
> loss: 0.9280
[I 2025-12-10 19:41:56,564] Trial 1 finished with value: 0.9952119982992116 and parameters: {'GCN_HIDDEN_DIM': 32, 'GCN_DROPOUT': 0.2, 'TCN_HIDDEN_DIM': 32, 'TCN_KERNEL_SIZE': 5, 'TCN_DILATIONS': [1, 2, 4, 8], 'TCN_DROPOUT': 0.3, 'CLASS_HIDDEN_DIM': 128, 'learning_rate': 0.004239565397251944}. Best is trial 1 with value: 0.9952119982992116.
==================================================
Fold 1/5
> val sequences: [1, 7, 15, 17, 25, 30, 35, 37, 46, 50, 52, 57, 63, 70, 79, 84, 88, 103, 106]
> Creating TrainingDataset: X=(6557, 10, 11, 3), y=(6557,)
> Creating TrainingDataset: X=(1687, 10, 11, 3), y=(1687,)
> Label distribution:
  NONE: count=2860, weight=0.1000;
  GRAB: count=674, weight=1.0000;
  PINCH: count=589, weight=1.0000;
  TAP: count=468, weight=1.0000;
  DENY: count=1978, weight=1.0000;
  KNOB: count=1313, weight=1.0000;
  EXPAND: count=362, weight=1.0000;
> loss: 1.0260
Fold 2/5
> val sequences: [8, 14, 16, 21, 22, 39, 40, 43, 55, 59, 61, 81, 82, 85, 86, 87, 94, 95]
> Creating TrainingDataset: X=(6774, 10, 11, 3), y=(6774,)
> Creating TrainingDataset: X=(1470, 10, 11, 3), y=(1470,)
> Label distribution:
  NONE: count=2860, weight=0.1000;
  GRAB: count=674, weight=1.0000;
  PINCH: count=589, weight=1.0000;
  TAP: count=468, weight=1.0000;
  DENY: count=1978, weight=1.0000;
  KNOB: count=1313, weight=1.0000;
  EXPAND: count=362, weight=1.0000;
> loss: 1.1279
Fold 3/5
> val sequences: [5, 10, 11, 12, 19, 24, 26, 33, 34, 36, 44, 47, 49, 68, 90, 93, 97, 105]
> Creating TrainingDataset: X=(6429, 10, 11, 3), y=(6429,)
> Creating TrainingDataset: X=(1815, 10, 11, 3), y=(1815,)
> Label distribution:
  NONE: count=2860, weight=0.1000;
  GRAB: count=674, weight=1.0000;
  PINCH: count=589, weight=1.0000;
  TAP: count=468, weight=1.0000;
  DENY: count=1978, weight=1.0000;
  KNOB: count=1313, weight=1.0000;
  EXPAND: count=362, weight=1.0000;
> loss: 0.8467
Fold 4/5
> val sequences: [41, 53, 56, 60, 62, 65, 69, 71, 73, 75, 78, 91, 98, 99, 101, 104, 107, 108]
> Creating TrainingDataset: X=(6806, 10, 11, 3), y=(6806,)
> Creating TrainingDataset: X=(1438, 10, 11, 3), y=(1438,)
> Label distribution:
  NONE: count=2860, weight=0.1000;
  GRAB: count=674, weight=1.0000;
  PINCH: count=589, weight=1.0000;
  TAP: count=468, weight=1.0000;
  DENY: count=1978, weight=1.0000;
  KNOB: count=1313, weight=1.0000;
  EXPAND: count=362, weight=1.0000;
> loss: 1.0565
Fold 5/5
> val sequences: [2, 4, 20, 28, 29, 31, 38, 48, 66, 67, 76, 77, 80, 89, 92, 96, 100, 102]
> Creating TrainingDataset: X=(6410, 10, 11, 3), y=(6410,)
> Creating TrainingDataset: X=(1834, 10, 11, 3), y=(1834,)
> Label distribution:
  NONE: count=2860, weight=0.1000;
  GRAB: count=674, weight=1.0000;
  PINCH: count=589, weight=1.0000;
  TAP: count=468, weight=1.0000;
  DENY: count=1978, weight=1.0000;
  KNOB: count=1313, weight=1.0000;
  EXPAND: count=362, weight=1.0000;
> loss: 1.2652
[I 2025-12-10 19:43:47,401] Trial 2 finished with value: 1.064456363099407 and parameters: {'GCN_HIDDEN_DIM': 16, 'GCN_DROPOUT': 0.2, 'TCN_HIDDEN_DIM': 64, 'TCN_KERNEL_SIZE': 5, 'TCN_DILATIONS': [1, 2, 4], 'TCN_DROPOUT': 0.3, 'CLASS_HIDDEN_DIM': 64, 'learning_rate': 0.003874721368581759}. Best is trial 1 with value: 0.9952119982992116.
==================================================
Fold 1/5
> val sequences: [1, 7, 15, 17, 25, 30, 35, 37, 46, 50, 52, 57, 63, 70, 79, 84, 88, 103, 106]
> Creating TrainingDataset: X=(6557, 10, 11, 3), y=(6557,)
> Creating TrainingDataset: X=(1687, 10, 11, 3), y=(1687,)
> Label distribution:
  NONE: count=2860, weight=0.1000;
  GRAB: count=674, weight=1.0000;
  PINCH: count=589, weight=1.0000;
  TAP: count=468, weight=1.0000;
  DENY: count=1978, weight=1.0000;
  KNOB: count=1313, weight=1.0000;
  EXPAND: count=362, weight=1.0000;
> loss: 1.3781
Fold 2/5
> val sequences: [8, 14, 16, 21, 22, 39, 40, 43, 55, 59, 61, 81, 82, 85, 86, 87, 94, 95]
> Creating TrainingDataset: X=(6774, 10, 11, 3), y=(6774,)
> Creating TrainingDataset: X=(1470, 10, 11, 3), y=(1470,)
> Label distribution:
  NONE: count=2860, weight=0.1000;
  GRAB: count=674, weight=1.0000;
  PINCH: count=589, weight=1.0000;
  TAP: count=468, weight=1.0000;
  DENY: count=1978, weight=1.0000;
  KNOB: count=1313, weight=1.0000;
  EXPAND: count=362, weight=1.0000;
> loss: 1.4439
Fold 3/5
> val sequences: [5, 10, 11, 12, 19, 24, 26, 33, 34, 36, 44, 47, 49, 68, 90, 93, 97, 105]
> Creating TrainingDataset: X=(6429, 10, 11, 3), y=(6429,)
> Creating TrainingDataset: X=(1815, 10, 11, 3), y=(1815,)
> Label distribution:
  NONE: count=2860, weight=0.1000;
  GRAB: count=674, weight=1.0000;
  PINCH: count=589, weight=1.0000;
  TAP: count=468, weight=1.0000;
  DENY: count=1978, weight=1.0000;
  KNOB: count=1313, weight=1.0000;
  EXPAND: count=362, weight=1.0000;
> loss: 1.4463
Fold 4/5
> val sequences: [41, 53, 56, 60, 62, 65, 69, 71, 73, 75, 78, 91, 98, 99, 101, 104, 107, 108]
> Creating TrainingDataset: X=(6806, 10, 11, 3), y=(6806,)
> Creating TrainingDataset: X=(1438, 10, 11, 3), y=(1438,)
> Label distribution:
  NONE: count=2860, weight=0.1000;
  GRAB: count=674, weight=1.0000;
  PINCH: count=589, weight=1.0000;
  TAP: count=468, weight=1.0000;
  DENY: count=1978, weight=1.0000;
  KNOB: count=1313, weight=1.0000;
  EXPAND: count=362, weight=1.0000;
> loss: 1.4087
Fold 5/5
> val sequences: [2, 4, 20, 28, 29, 31, 38, 48, 66, 67, 76, 77, 80, 89, 92, 96, 100, 102]
> Creating TrainingDataset: X=(6410, 10, 11, 3), y=(6410,)
> Creating TrainingDataset: X=(1834, 10, 11, 3), y=(1834,)
> Label distribution:
  NONE: count=2860, weight=0.1000;
  GRAB: count=674, weight=1.0000;
  PINCH: count=589, weight=1.0000;
  TAP: count=468, weight=1.0000;
  DENY: count=1978, weight=1.0000;
  KNOB: count=1313, weight=1.0000;
  EXPAND: count=362, weight=1.0000;
> loss: 1.1720
[I 2025-12-10 19:45:50,605] Trial 3 finished with value: 1.3697997963466324 and parameters: {'GCN_HIDDEN_DIM': 64, 'GCN_DROPOUT': 0.3, 'TCN_HIDDEN_DIM': 64, 'TCN_KERNEL_SIZE': 5, 'TCN_DILATIONS': [1, 2, 4, 8, 16], 'TCN_DROPOUT': 0.2, 'CLASS_HIDDEN_DIM': 32, 'learning_rate': 0.007870850783579065}. Best is trial 1 with value: 0.9952119982992116.
==================================================
Fold 1/5
> val sequences: [1, 7, 15, 17, 25, 30, 35, 37, 46, 50, 52, 57, 63, 70, 79, 84, 88, 103, 106]
> Creating TrainingDataset: X=(6557, 10, 11, 3), y=(6557,)
> Creating TrainingDataset: X=(1687, 10, 11, 3), y=(1687,)
> Label distribution:
  NONE: count=2860, weight=0.1000;
  GRAB: count=674, weight=1.0000;
  PINCH: count=589, weight=1.0000;
  TAP: count=468, weight=1.0000;
  DENY: count=1978, weight=1.0000;
  KNOB: count=1313, weight=1.0000;
  EXPAND: count=362, weight=1.0000;
> loss: 0.9023
Fold 2/5
> val sequences: [8, 14, 16, 21, 22, 39, 40, 43, 55, 59, 61, 81, 82, 85, 86, 87, 94, 95]
> Creating TrainingDataset: X=(6774, 10, 11, 3), y=(6774,)
> Creating TrainingDataset: X=(1470, 10, 11, 3), y=(1470,)
> Label distribution:
  NONE: count=2860, weight=0.1000;
  GRAB: count=674, weight=1.0000;
  PINCH: count=589, weight=1.0000;
  TAP: count=468, weight=1.0000;
  DENY: count=1978, weight=1.0000;
  KNOB: count=1313, weight=1.0000;
  EXPAND: count=362, weight=1.0000;
> loss: 0.6761
Fold 3/5
> val sequences: [5, 10, 11, 12, 19, 24, 26, 33, 34, 36, 44, 47, 49, 68, 90, 93, 97, 105]
> Creating TrainingDataset: X=(6429, 10, 11, 3), y=(6429,)
> Creating TrainingDataset: X=(1815, 10, 11, 3), y=(1815,)
> Label distribution:
  NONE: count=2860, weight=0.1000;
  GRAB: count=674, weight=1.0000;
  PINCH: count=589, weight=1.0000;
  TAP: count=468, weight=1.0000;
  DENY: count=1978, weight=1.0000;
  KNOB: count=1313, weight=1.0000;
  EXPAND: count=362, weight=1.0000;
> loss: 0.7358
Fold 4/5
> val sequences: [41, 53, 56, 60, 62, 65, 69, 71, 73, 75, 78, 91, 98, 99, 101, 104, 107, 108]
> Creating TrainingDataset: X=(6806, 10, 11, 3), y=(6806,)
> Creating TrainingDataset: X=(1438, 10, 11, 3), y=(1438,)
> Label distribution:
  NONE: count=2860, weight=0.1000;
  GRAB: count=674, weight=1.0000;
  PINCH: count=589, weight=1.0000;
  TAP: count=468, weight=1.0000;
  DENY: count=1978, weight=1.0000;
  KNOB: count=1313, weight=1.0000;
  EXPAND: count=362, weight=1.0000;
> loss: 0.9003
Fold 5/5
> val sequences: [2, 4, 20, 28, 29, 31, 38, 48, 66, 67, 76, 77, 80, 89, 92, 96, 100, 102]
> Creating TrainingDataset: X=(6410, 10, 11, 3), y=(6410,)
> Creating TrainingDataset: X=(1834, 10, 11, 3), y=(1834,)
> Label distribution:
  NONE: count=2860, weight=0.1000;
  GRAB: count=674, weight=1.0000;
  PINCH: count=589, weight=1.0000;
  TAP: count=468, weight=1.0000;
  DENY: count=1978, weight=1.0000;
  KNOB: count=1313, weight=1.0000;
  EXPAND: count=362, weight=1.0000;
> loss: 1.2600
