[I 2025-12-10 19:06:21,529] Trial 27 finished with value: 1.0979301437939715 and parameters: {'GCN_HIDDEN_DIM': 32, 'GCN_DROPOUT': 0.3, 'TCN_HIDDEN_DIM': 64, 'TCN_KERNEL_SIZE': 5, 'TCN_DILATIONS': [1, 2, 4, 8], 'TCN_DROPOUT': 0.3, 'CLASS_HIDDEN_DIM': 128, 'learning_rate': 0.004944363647005465}. Best is trial 3 with value: 0.8251486425331948.
==================================================
Fold 1/5
> val sequences: [1, 7, 15, 17, 25, 30, 35, 37, 46, 50, 52, 57, 63, 70, 79, 84, 88, 103, 106]
> Creating TrainingDataset: X=(6557, 10, 11, 3), y=(6557,)
> Creating TrainingDataset: X=(1687, 10, 11, 3), y=(1687,)
> Label distribution:
  NONE: count=2860, weight=0.1000;
  GRAB: count=674, weight=1.0000;
  PINCH: count=589, weight=1.0000;
  TAP: count=468, weight=1.0000;
  DENY: count=1978, weight=1.0000;
  KNOB: count=1313, weight=1.0000;
  EXPAND: count=362, weight=1.0000;
> loss: 1.2701
Fold 2/5
> val sequences: [8, 14, 16, 21, 22, 39, 40, 43, 55, 59, 61, 81, 82, 85, 86, 87, 94, 95]
> Creating TrainingDataset: X=(6774, 10, 11, 3), y=(6774,)
> Creating TrainingDataset: X=(1470, 10, 11, 3), y=(1470,)
> Label distribution:
  NONE: count=2860, weight=0.1000;
  GRAB: count=674, weight=1.0000;
  PINCH: count=589, weight=1.0000;
  TAP: count=468, weight=1.0000;
  DENY: count=1978, weight=1.0000;
  KNOB: count=1313, weight=1.0000;
  EXPAND: count=362, weight=1.0000;
> loss: 1.2650
Fold 3/5
> val sequences: [5, 10, 11, 12, 19, 24, 26, 33, 34, 36, 44, 47, 49, 68, 90, 93, 97, 105]
> Creating TrainingDataset: X=(6429, 10, 11, 3), y=(6429,)
> Creating TrainingDataset: X=(1815, 10, 11, 3), y=(1815,)
> Label distribution:
  NONE: count=2860, weight=0.1000;
  GRAB: count=674, weight=1.0000;
  PINCH: count=589, weight=1.0000;
  TAP: count=468, weight=1.0000;
  DENY: count=1978, weight=1.0000;
  KNOB: count=1313, weight=1.0000;
  EXPAND: count=362, weight=1.0000;
> loss: 0.7800
Fold 4/5
> val sequences: [41, 53, 56, 60, 62, 65, 69, 71, 73, 75, 78, 91, 98, 99, 101, 104, 107, 108]
> Creating TrainingDataset: X=(6806, 10, 11, 3), y=(6806,)
> Creating TrainingDataset: X=(1438, 10, 11, 3), y=(1438,)
> Label distribution:
  NONE: count=2860, weight=0.1000;
  GRAB: count=674, weight=1.0000;
  PINCH: count=589, weight=1.0000;
  TAP: count=468, weight=1.0000;
  DENY: count=1978, weight=1.0000;
  KNOB: count=1313, weight=1.0000;
  EXPAND: count=362, weight=1.0000;
> loss: 1.2648
Fold 5/5
> val sequences: [2, 4, 20, 28, 29, 31, 38, 48, 66, 67, 76, 77, 80, 89, 92, 96, 100, 102]
> Creating TrainingDataset: X=(6410, 10, 11, 3), y=(6410,)
> Creating TrainingDataset: X=(1834, 10, 11, 3), y=(1834,)
> Label distribution:
  NONE: count=2860, weight=0.1000;
  GRAB: count=674, weight=1.0000;
  PINCH: count=589, weight=1.0000;
  TAP: count=468, weight=1.0000;
  DENY: count=1978, weight=1.0000;
  KNOB: count=1313, weight=1.0000;
  EXPAND: count=362, weight=1.0000;
> loss: 1.1822
[I 2025-12-10 19:08:25,965] Trial 28 finished with value: 1.152430722455868 and parameters: {'GCN_HIDDEN_DIM': 32, 'GCN_DROPOUT': 0.3, 'TCN_HIDDEN_DIM': 64, 'TCN_KERNEL_SIZE': 3, 'TCN_DILATIONS': [1, 2, 4, 8], 'TCN_DROPOUT': 0.2, 'CLASS_HIDDEN_DIM': 64, 'learning_rate': 0.005053883894066625}. Best is trial 3 with value: 0.8251486425331948.
==================================================
Fold 1/5
> val sequences: [1, 7, 15, 17, 25, 30, 35, 37, 46, 50, 52, 57, 63, 70, 79, 84, 88, 103, 106]
> Creating TrainingDataset: X=(6557, 10, 11, 3), y=(6557,)
> Creating TrainingDataset: X=(1687, 10, 11, 3), y=(1687,)
> Label distribution:
  NONE: count=2860, weight=0.1000;
  GRAB: count=674, weight=1.0000;
  PINCH: count=589, weight=1.0000;
  TAP: count=468, weight=1.0000;
  DENY: count=1978, weight=1.0000;
  KNOB: count=1313, weight=1.0000;
  EXPAND: count=362, weight=1.0000;
> loss: 1.1753
Fold 2/5
> val sequences: [8, 14, 16, 21, 22, 39, 40, 43, 55, 59, 61, 81, 82, 85, 86, 87, 94, 95]
> Creating TrainingDataset: X=(6774, 10, 11, 3), y=(6774,)
> Creating TrainingDataset: X=(1470, 10, 11, 3), y=(1470,)
> Label distribution:
  NONE: count=2860, weight=0.1000;
  GRAB: count=674, weight=1.0000;
  PINCH: count=589, weight=1.0000;
  TAP: count=468, weight=1.0000;
  DENY: count=1978, weight=1.0000;
  KNOB: count=1313, weight=1.0000;
  EXPAND: count=362, weight=1.0000;
> loss: 0.7103
Fold 3/5
> val sequences: [5, 10, 11, 12, 19, 24, 26, 33, 34, 36, 44, 47, 49, 68, 90, 93, 97, 105]
> Creating TrainingDataset: X=(6429, 10, 11, 3), y=(6429,)
> Creating TrainingDataset: X=(1815, 10, 11, 3), y=(1815,)
> Label distribution:
  NONE: count=2860, weight=0.1000;
  GRAB: count=674, weight=1.0000;
  PINCH: count=589, weight=1.0000;
  TAP: count=468, weight=1.0000;
  DENY: count=1978, weight=1.0000;
  KNOB: count=1313, weight=1.0000;
  EXPAND: count=362, weight=1.0000;
> loss: 0.9213
Fold 4/5
> val sequences: [41, 53, 56, 60, 62, 65, 69, 71, 73, 75, 78, 91, 98, 99, 101, 104, 107, 108]
> Creating TrainingDataset: X=(6806, 10, 11, 3), y=(6806,)
> Creating TrainingDataset: X=(1438, 10, 11, 3), y=(1438,)
> Label distribution:
  NONE: count=2860, weight=0.1000;
  GRAB: count=674, weight=1.0000;
  PINCH: count=589, weight=1.0000;
  TAP: count=468, weight=1.0000;
  DENY: count=1978, weight=1.0000;
  KNOB: count=1313, weight=1.0000;
  EXPAND: count=362, weight=1.0000;
> loss: 0.8374
Fold 5/5
> val sequences: [2, 4, 20, 28, 29, 31, 38, 48, 66, 67, 76, 77, 80, 89, 92, 96, 100, 102]
> Creating TrainingDataset: X=(6410, 10, 11, 3), y=(6410,)
> Creating TrainingDataset: X=(1834, 10, 11, 3), y=(1834,)
> Label distribution:
  NONE: count=2860, weight=0.1000;
  GRAB: count=674, weight=1.0000;
  PINCH: count=589, weight=1.0000;
  TAP: count=468, weight=1.0000;
  DENY: count=1978, weight=1.0000;
  KNOB: count=1313, weight=1.0000;
  EXPAND: count=362, weight=1.0000;
> loss: 1.2339
[I 2025-12-10 19:10:38,245] Trial 29 finished with value: 0.9756335810912737 and parameters: {'GCN_HIDDEN_DIM': 64, 'GCN_DROPOUT': 0.2, 'TCN_HIDDEN_DIM': 64, 'TCN_KERNEL_SIZE': 3, 'TCN_DILATIONS': [1, 2, 4, 8, 16], 'TCN_DROPOUT': 0.3, 'CLASS_HIDDEN_DIM': 64, 'learning_rate': 0.001303488106670388}. Best is trial 3 with value: 0.8251486425331948.
==================================================
Fold 1/5
> val sequences: [1, 7, 15, 17, 25, 30, 35, 37, 46, 50, 52, 57, 63, 70, 79, 84, 88, 103, 106]
> Creating TrainingDataset: X=(6557, 10, 11, 3), y=(6557,)
> Creating TrainingDataset: X=(1687, 10, 11, 3), y=(1687,)
> Label distribution:
  NONE: count=2860, weight=0.1000;
  GRAB: count=674, weight=1.0000;
  PINCH: count=589, weight=1.0000;
  TAP: count=468, weight=1.0000;
  DENY: count=1978, weight=1.0000;
  KNOB: count=1313, weight=1.0000;
  EXPAND: count=362, weight=1.0000;
> loss: 1.4381
Fold 2/5
> val sequences: [8, 14, 16, 21, 22, 39, 40, 43, 55, 59, 61, 81, 82, 85, 86, 87, 94, 95]
> Creating TrainingDataset: X=(6774, 10, 11, 3), y=(6774,)
> Creating TrainingDataset: X=(1470, 10, 11, 3), y=(1470,)
> Label distribution:
  NONE: count=2860, weight=0.1000;
  GRAB: count=674, weight=1.0000;
  PINCH: count=589, weight=1.0000;
  TAP: count=468, weight=1.0000;
  DENY: count=1978, weight=1.0000;
  KNOB: count=1313, weight=1.0000;
  EXPAND: count=362, weight=1.0000;
> loss: 1.8712
Fold 3/5
> val sequences: [5, 10, 11, 12, 19, 24, 26, 33, 34, 36, 44, 47, 49, 68, 90, 93, 97, 105]
> Creating TrainingDataset: X=(6429, 10, 11, 3), y=(6429,)
> Creating TrainingDataset: X=(1815, 10, 11, 3), y=(1815,)
> Label distribution:
  NONE: count=2860, weight=0.1000;
  GRAB: count=674, weight=1.0000;
  PINCH: count=589, weight=1.0000;
  TAP: count=468, weight=1.0000;
  DENY: count=1978, weight=1.0000;
  KNOB: count=1313, weight=1.0000;
  EXPAND: count=362, weight=1.0000;
> loss: 1.7827
Fold 4/5
> val sequences: [41, 53, 56, 60, 62, 65, 69, 71, 73, 75, 78, 91, 98, 99, 101, 104, 107, 108]
> Creating TrainingDataset: X=(6806, 10, 11, 3), y=(6806,)
> Creating TrainingDataset: X=(1438, 10, 11, 3), y=(1438,)
> Label distribution:
  NONE: count=2860, weight=0.1000;
  GRAB: count=674, weight=1.0000;
  PINCH: count=589, weight=1.0000;
  TAP: count=468, weight=1.0000;
  DENY: count=1978, weight=1.0000;
  KNOB: count=1313, weight=1.0000;
  EXPAND: count=362, weight=1.0000;
> loss: 1.7588
Fold 5/5
> val sequences: [2, 4, 20, 28, 29, 31, 38, 48, 66, 67, 76, 77, 80, 89, 92, 96, 100, 102]
> Creating TrainingDataset: X=(6410, 10, 11, 3), y=(6410,)
> Creating TrainingDataset: X=(1834, 10, 11, 3), y=(1834,)
> Label distribution:
  NONE: count=2860, weight=0.1000;
  GRAB: count=674, weight=1.0000;
  PINCH: count=589, weight=1.0000;
  TAP: count=468, weight=1.0000;
  DENY: count=1978, weight=1.0000;
  KNOB: count=1313, weight=1.0000;
  EXPAND: count=362, weight=1.0000;
> loss: 1.7772
[I 2025-12-10 19:12:31,352] Trial 30 finished with value: 1.7255990591942922 and parameters: {'GCN_HIDDEN_DIM': 16, 'GCN_DROPOUT': 0.3, 'TCN_HIDDEN_DIM': 32, 'TCN_KERNEL_SIZE': 3, 'TCN_DILATIONS': [1, 2, 4, 8], 'TCN_DROPOUT': 0.3, 'CLASS_HIDDEN_DIM': 128, 'learning_rate': 0.0006488678362761458}. Best is trial 3 with value: 0.8251486425331948.
==================================================
Fold 1/5
> val sequences: [1, 7, 15, 17, 25, 30, 35, 37, 46, 50, 52, 57, 63, 70, 79, 84, 88, 103, 106]
> Creating TrainingDataset: X=(6557, 10, 11, 3), y=(6557,)
> Creating TrainingDataset: X=(1687, 10, 11, 3), y=(1687,)
> Label distribution:
  NONE: count=2860, weight=0.1000;
  GRAB: count=674, weight=1.0000;
  PINCH: count=589, weight=1.0000;
  TAP: count=468, weight=1.0000;
  DENY: count=1978, weight=1.0000;
  KNOB: count=1313, weight=1.0000;
  EXPAND: count=362, weight=1.0000;
> loss: 1.2326
Fold 2/5
> val sequences: [8, 14, 16, 21, 22, 39, 40, 43, 55, 59, 61, 81, 82, 85, 86, 87, 94, 95]
> Creating TrainingDataset: X=(6774, 10, 11, 3), y=(6774,)
> Creating TrainingDataset: X=(1470, 10, 11, 3), y=(1470,)
> Label distribution:
  NONE: count=2860, weight=0.1000;
  GRAB: count=674, weight=1.0000;
  PINCH: count=589, weight=1.0000;
  TAP: count=468, weight=1.0000;
  DENY: count=1978, weight=1.0000;
  KNOB: count=1313, weight=1.0000;
  EXPAND: count=362, weight=1.0000;
> loss: 1.3203
Fold 3/5
> val sequences: [5, 10, 11, 12, 19, 24, 26, 33, 34, 36, 44, 47, 49, 68, 90, 93, 97, 105]
> Creating TrainingDataset: X=(6429, 10, 11, 3), y=(6429,)
> Creating TrainingDataset: X=(1815, 10, 11, 3), y=(1815,)
> Label distribution:
  NONE: count=2860, weight=0.1000;
  GRAB: count=674, weight=1.0000;
  PINCH: count=589, weight=1.0000;
  TAP: count=468, weight=1.0000;
  DENY: count=1978, weight=1.0000;
  KNOB: count=1313, weight=1.0000;
  EXPAND: count=362, weight=1.0000;
> loss: 0.8516
Fold 4/5
> val sequences: [41, 53, 56, 60, 62, 65, 69, 71, 73, 75, 78, 91, 98, 99, 101, 104, 107, 108]
> Creating TrainingDataset: X=(6806, 10, 11, 3), y=(6806,)
> Creating TrainingDataset: X=(1438, 10, 11, 3), y=(1438,)
> Label distribution:
  NONE: count=2860, weight=0.1000;
  GRAB: count=674, weight=1.0000;
  PINCH: count=589, weight=1.0000;
  TAP: count=468, weight=1.0000;
  DENY: count=1978, weight=1.0000;
  KNOB: count=1313, weight=1.0000;
  EXPAND: count=362, weight=1.0000;
> loss: 0.7995
Fold 5/5
> val sequences: [2, 4, 20, 28, 29, 31, 38, 48, 66, 67, 76, 77, 80, 89, 92, 96, 100, 102]
> Creating TrainingDataset: X=(6410, 10, 11, 3), y=(6410,)
> Creating TrainingDataset: X=(1834, 10, 11, 3), y=(1834,)
> Label distribution:
  NONE: count=2860, weight=0.1000;
  GRAB: count=674, weight=1.0000;
  PINCH: count=589, weight=1.0000;
  TAP: count=468, weight=1.0000;
  DENY: count=1978, weight=1.0000;
  KNOB: count=1313, weight=1.0000;
  EXPAND: count=362, weight=1.0000;
> loss: 1.0536
[I 2025-12-10 19:13:52,718] Trial 31 finished with value: 1.0515079335157183 and parameters: {'GCN_HIDDEN_DIM': 64, 'GCN_DROPOUT': 0.3, 'TCN_HIDDEN_DIM': 64, 'TCN_KERNEL_SIZE': 3, 'TCN_DILATIONS': [1, 2, 4], 'TCN_DROPOUT': 0.3, 'CLASS_HIDDEN_DIM': 128, 'learning_rate': 0.004360013491471656}. Best is trial 3 with value: 0.8251486425331948.
==================================================
Fold 1/5
> val sequences: [1, 7, 15, 17, 25, 30, 35, 37, 46, 50, 52, 57, 63, 70, 79, 84, 88, 103, 106]
> Creating TrainingDataset: X=(6557, 10, 11, 3), y=(6557,)
> Creating TrainingDataset: X=(1687, 10, 11, 3), y=(1687,)
> Label distribution:
  NONE: count=2860, weight=0.1000;
  GRAB: count=674, weight=1.0000;
  PINCH: count=589, weight=1.0000;
  TAP: count=468, weight=1.0000;
  DENY: count=1978, weight=1.0000;
  KNOB: count=1313, weight=1.0000;
  EXPAND: count=362, weight=1.0000;
> loss: 2.0563
Fold 2/5
> val sequences: [8, 14, 16, 21, 22, 39, 40, 43, 55, 59, 61, 81, 82, 85, 86, 87, 94, 95]
> Creating TrainingDataset: X=(6774, 10, 11, 3), y=(6774,)
> Creating TrainingDataset: X=(1470, 10, 11, 3), y=(1470,)
> Label distribution:
  NONE: count=2860, weight=0.1000;
  GRAB: count=674, weight=1.0000;
  PINCH: count=589, weight=1.0000;
  TAP: count=468, weight=1.0000;
  DENY: count=1978, weight=1.0000;
  KNOB: count=1313, weight=1.0000;
  EXPAND: count=362, weight=1.0000;
> loss: 2.0207
Fold 3/5
> val sequences: [5, 10, 11, 12, 19, 24, 26, 33, 34, 36, 44, 47, 49, 68, 90, 93, 97, 105]
> Creating TrainingDataset: X=(6429, 10, 11, 3), y=(6429,)
> Creating TrainingDataset: X=(1815, 10, 11, 3), y=(1815,)
> Label distribution:
  NONE: count=2860, weight=0.1000;
  GRAB: count=674, weight=1.0000;
  PINCH: count=589, weight=1.0000;
  TAP: count=468, weight=1.0000;
  DENY: count=1978, weight=1.0000;
  KNOB: count=1313, weight=1.0000;
  EXPAND: count=362, weight=1.0000;
> loss: 1.6878
Fold 4/5
> val sequences: [41, 53, 56, 60, 62, 65, 69, 71, 73, 75, 78, 91, 98, 99, 101, 104, 107, 108]
> Creating TrainingDataset: X=(6806, 10, 11, 3), y=(6806,)
> Creating TrainingDataset: X=(1438, 10, 11, 3), y=(1438,)
> Label distribution:
  NONE: count=2860, weight=0.1000;
  GRAB: count=674, weight=1.0000;
  PINCH: count=589, weight=1.0000;
  TAP: count=468, weight=1.0000;
  DENY: count=1978, weight=1.0000;
  KNOB: count=1313, weight=1.0000;
  EXPAND: count=362, weight=1.0000;
> loss: 1.8363
Fold 5/5
> val sequences: [2, 4, 20, 28, 29, 31, 38, 48, 66, 67, 76, 77, 80, 89, 92, 96, 100, 102]
> Creating TrainingDataset: X=(6410, 10, 11, 3), y=(6410,)
> Creating TrainingDataset: X=(1834, 10, 11, 3), y=(1834,)
> Label distribution:
  NONE: count=2860, weight=0.1000;
  GRAB: count=674, weight=1.0000;
  PINCH: count=589, weight=1.0000;
  TAP: count=468, weight=1.0000;
  DENY: count=1978, weight=1.0000;
  KNOB: count=1313, weight=1.0000;
  EXPAND: count=362, weight=1.0000;
> loss: 1.9530
[I 2025-12-10 19:15:59,591] Trial 32 finished with value: 1.910837372716721 and parameters: {'GCN_HIDDEN_DIM': 64, 'GCN_DROPOUT': 0.2, 'TCN_HIDDEN_DIM': 64, 'TCN_KERNEL_SIZE': 3, 'TCN_DILATIONS': [1, 2, 4, 8, 16], 'TCN_DROPOUT': 0.2, 'CLASS_HIDDEN_DIM': 32, 'learning_rate': 0.0003732999102937036}. Best is trial 3 with value: 0.8251486425331948.
==================================================
Fold 1/5
> val sequences: [1, 7, 15, 17, 25, 30, 35, 37, 46, 50, 52, 57, 63, 70, 79, 84, 88, 103, 106]
> Creating TrainingDataset: X=(6557, 10, 11, 3), y=(6557,)
> Creating TrainingDataset: X=(1687, 10, 11, 3), y=(1687,)
> Label distribution:
  NONE: count=2860, weight=0.1000;
  GRAB: count=674, weight=1.0000;
  PINCH: count=589, weight=1.0000;
  TAP: count=468, weight=1.0000;
  DENY: count=1978, weight=1.0000;
  KNOB: count=1313, weight=1.0000;
  EXPAND: count=362, weight=1.0000;
> loss: 1.4137
Fold 2/5
> val sequences: [8, 14, 16, 21, 22, 39, 40, 43, 55, 59, 61, 81, 82, 85, 86, 87, 94, 95]
> Creating TrainingDataset: X=(6774, 10, 11, 3), y=(6774,)
> Creating TrainingDataset: X=(1470, 10, 11, 3), y=(1470,)
> Label distribution:
  NONE: count=2860, weight=0.1000;
  GRAB: count=674, weight=1.0000;
  PINCH: count=589, weight=1.0000;
  TAP: count=468, weight=1.0000;
  DENY: count=1978, weight=1.0000;
  KNOB: count=1313, weight=1.0000;
  EXPAND: count=362, weight=1.0000;
> loss: 1.6421
Fold 3/5
> val sequences: [5, 10, 11, 12, 19, 24, 26, 33, 34, 36, 44, 47, 49, 68, 90, 93, 97, 105]
> Creating TrainingDataset: X=(6429, 10, 11, 3), y=(6429,)
> Creating TrainingDataset: X=(1815, 10, 11, 3), y=(1815,)
> Label distribution:
  NONE: count=2860, weight=0.1000;
  GRAB: count=674, weight=1.0000;
  PINCH: count=589, weight=1.0000;
  TAP: count=468, weight=1.0000;
  DENY: count=1978, weight=1.0000;
  KNOB: count=1313, weight=1.0000;
  EXPAND: count=362, weight=1.0000;
> loss: 0.9304
Fold 4/5
> val sequences: [41, 53, 56, 60, 62, 65, 69, 71, 73, 75, 78, 91, 98, 99, 101, 104, 107, 108]
> Creating TrainingDataset: X=(6806, 10, 11, 3), y=(6806,)
> Creating TrainingDataset: X=(1438, 10, 11, 3), y=(1438,)
> Label distribution:
  NONE: count=2860, weight=0.1000;
  GRAB: count=674, weight=1.0000;
  PINCH: count=589, weight=1.0000;
  TAP: count=468, weight=1.0000;
  DENY: count=1978, weight=1.0000;
  KNOB: count=1313, weight=1.0000;
  EXPAND: count=362, weight=1.0000;
> loss: 1.2068
Fold 5/5
> val sequences: [2, 4, 20, 28, 29, 31, 38, 48, 66, 67, 76, 77, 80, 89, 92, 96, 100, 102]
> Creating TrainingDataset: X=(6410, 10, 11, 3), y=(6410,)
> Creating TrainingDataset: X=(1834, 10, 11, 3), y=(1834,)
> Label distribution:
  NONE: count=2860, weight=0.1000;
  GRAB: count=674, weight=1.0000;
  PINCH: count=589, weight=1.0000;
  TAP: count=468, weight=1.0000;
  DENY: count=1978, weight=1.0000;
  KNOB: count=1313, weight=1.0000;
  EXPAND: count=362, weight=1.0000;
> loss: 1.0797
[I 2025-12-10 19:17:56,786] Trial 33 finished with value: 1.2545694111049366 and parameters: {'GCN_HIDDEN_DIM': 16, 'GCN_DROPOUT': 0.3, 'TCN_HIDDEN_DIM': 64, 'TCN_KERNEL_SIZE': 5, 'TCN_DILATIONS': [1, 2, 4, 8], 'TCN_DROPOUT': 0.3, 'CLASS_HIDDEN_DIM': 64, 'learning_rate': 0.007088207070122493}. Best is trial 3 with value: 0.8251486425331948.
==================================================
Fold 1/5
> val sequences: [1, 7, 15, 17, 25, 30, 35, 37, 46, 50, 52, 57, 63, 70, 79, 84, 88, 103, 106]
> Creating TrainingDataset: X=(6557, 10, 11, 3), y=(6557,)
> Creating TrainingDataset: X=(1687, 10, 11, 3), y=(1687,)
> Label distribution:
  NONE: count=2860, weight=0.1000;
  GRAB: count=674, weight=1.0000;
  PINCH: count=589, weight=1.0000;
  TAP: count=468, weight=1.0000;
  DENY: count=1978, weight=1.0000;
  KNOB: count=1313, weight=1.0000;
  EXPAND: count=362, weight=1.0000;
> loss: 1.1793
Fold 2/5
> val sequences: [8, 14, 16, 21, 22, 39, 40, 43, 55, 59, 61, 81, 82, 85, 86, 87, 94, 95]
> Creating TrainingDataset: X=(6774, 10, 11, 3), y=(6774,)
> Creating TrainingDataset: X=(1470, 10, 11, 3), y=(1470,)
> Label distribution:
  NONE: count=2860, weight=0.1000;
  GRAB: count=674, weight=1.0000;
  PINCH: count=589, weight=1.0000;
  TAP: count=468, weight=1.0000;
  DENY: count=1978, weight=1.0000;
  KNOB: count=1313, weight=1.0000;
  EXPAND: count=362, weight=1.0000;
> loss: 1.3919
Fold 3/5
> val sequences: [5, 10, 11, 12, 19, 24, 26, 33, 34, 36, 44, 47, 49, 68, 90, 93, 97, 105]
> Creating TrainingDataset: X=(6429, 10, 11, 3), y=(6429,)
> Creating TrainingDataset: X=(1815, 10, 11, 3), y=(1815,)
> Label distribution:
  NONE: count=2860, weight=0.1000;
  GRAB: count=674, weight=1.0000;
  PINCH: count=589, weight=1.0000;
  TAP: count=468, weight=1.0000;
  DENY: count=1978, weight=1.0000;
  KNOB: count=1313, weight=1.0000;
  EXPAND: count=362, weight=1.0000;
> loss: 1.0482
Fold 4/5
> val sequences: [41, 53, 56, 60, 62, 65, 69, 71, 73, 75, 78, 91, 98, 99, 101, 104, 107, 108]
> Creating TrainingDataset: X=(6806, 10, 11, 3), y=(6806,)
> Creating TrainingDataset: X=(1438, 10, 11, 3), y=(1438,)
> Label distribution:
  NONE: count=2860, weight=0.1000;
  GRAB: count=674, weight=1.0000;
  PINCH: count=589, weight=1.0000;
  TAP: count=468, weight=1.0000;
  DENY: count=1978, weight=1.0000;
  KNOB: count=1313, weight=1.0000;
  EXPAND: count=362, weight=1.0000;
> loss: 1.9522
Fold 5/5
> val sequences: [2, 4, 20, 28, 29, 31, 38, 48, 66, 67, 76, 77, 80, 89, 92, 96, 100, 102]
> Creating TrainingDataset: X=(6410, 10, 11, 3), y=(6410,)
> Creating TrainingDataset: X=(1834, 10, 11, 3), y=(1834,)
> Label distribution:
  NONE: count=2860, weight=0.1000;
  GRAB: count=674, weight=1.0000;
  PINCH: count=589, weight=1.0000;
  TAP: count=468, weight=1.0000;
  DENY: count=1978, weight=1.0000;
  KNOB: count=1313, weight=1.0000;
  EXPAND: count=362, weight=1.0000;
> loss: 1.4686
