[I 2025-12-10 20:36:36,759] Trial 32 finished with value: 1.184691223788539 and parameters: {'GCN_HIDDEN_DIM': 32, 'GCN_DROPOUT': 0.3, 'TCN_HIDDEN_DIM': 64, 'TCN_KERNEL_SIZE': 5, 'TCN_DILATIONS': [1, 2, 4, 8, 16], 'TCN_DROPOUT': 0.3, 'CLASS_HIDDEN_DIM': 64, 'learning_rate': 0.00522308914449286}. Best is trial 15 with value: 0.84111560762917.
==================================================
Fold 1/5
> val sequences: [1, 7, 15, 17, 25, 30, 35, 37, 46, 50, 52, 57, 63, 70, 79, 84, 88, 103, 106]
> Creating TrainingDataset: X=(6557, 10, 11, 3), y=(6557,)
> Creating TrainingDataset: X=(1687, 10, 11, 3), y=(1687,)
> Label distribution:
  NONE: count=2860, weight=0.1000;
  GRAB: count=674, weight=1.0000;
  PINCH: count=589, weight=1.0000;
  TAP: count=468, weight=1.0000;
  DENY: count=1978, weight=1.0000;
  KNOB: count=1313, weight=1.0000;
  EXPAND: count=362, weight=1.0000;
> loss: 1.7081
Fold 2/5
> val sequences: [8, 14, 16, 21, 22, 39, 40, 43, 55, 59, 61, 81, 82, 85, 86, 87, 94, 95]
> Creating TrainingDataset: X=(6774, 10, 11, 3), y=(6774,)
> Creating TrainingDataset: X=(1470, 10, 11, 3), y=(1470,)
> Label distribution:
  NONE: count=2860, weight=0.1000;
  GRAB: count=674, weight=1.0000;
  PINCH: count=589, weight=1.0000;
  TAP: count=468, weight=1.0000;
  DENY: count=1978, weight=1.0000;
  KNOB: count=1313, weight=1.0000;
  EXPAND: count=362, weight=1.0000;
> loss: 1.6343
Fold 3/5
> val sequences: [5, 10, 11, 12, 19, 24, 26, 33, 34, 36, 44, 47, 49, 68, 90, 93, 97, 105]
> Creating TrainingDataset: X=(6429, 10, 11, 3), y=(6429,)
> Creating TrainingDataset: X=(1815, 10, 11, 3), y=(1815,)
> Label distribution:
  NONE: count=2860, weight=0.1000;
  GRAB: count=674, weight=1.0000;
  PINCH: count=589, weight=1.0000;
  TAP: count=468, weight=1.0000;
  DENY: count=1978, weight=1.0000;
  KNOB: count=1313, weight=1.0000;
  EXPAND: count=362, weight=1.0000;
> loss: 1.5065
Fold 4/5
> val sequences: [41, 53, 56, 60, 62, 65, 69, 71, 73, 75, 78, 91, 98, 99, 101, 104, 107, 108]
> Creating TrainingDataset: X=(6806, 10, 11, 3), y=(6806,)
> Creating TrainingDataset: X=(1438, 10, 11, 3), y=(1438,)
> Label distribution:
  NONE: count=2860, weight=0.1000;
  GRAB: count=674, weight=1.0000;
  PINCH: count=589, weight=1.0000;
  TAP: count=468, weight=1.0000;
  DENY: count=1978, weight=1.0000;
  KNOB: count=1313, weight=1.0000;
  EXPAND: count=362, weight=1.0000;
> loss: 1.2131
Fold 5/5
> val sequences: [2, 4, 20, 28, 29, 31, 38, 48, 66, 67, 76, 77, 80, 89, 92, 96, 100, 102]
> Creating TrainingDataset: X=(6410, 10, 11, 3), y=(6410,)
> Creating TrainingDataset: X=(1834, 10, 11, 3), y=(1834,)
> Label distribution:
  NONE: count=2860, weight=0.1000;
  GRAB: count=674, weight=1.0000;
  PINCH: count=589, weight=1.0000;
  TAP: count=468, weight=1.0000;
  DENY: count=1978, weight=1.0000;
  KNOB: count=1313, weight=1.0000;
  EXPAND: count=362, weight=1.0000;
> loss: 1.3424
[I 2025-12-10 20:38:44,005] Trial 33 finished with value: 1.4808798111937915 and parameters: {'GCN_HIDDEN_DIM': 64, 'GCN_DROPOUT': 0.3, 'TCN_HIDDEN_DIM': 64, 'TCN_KERNEL_SIZE': 5, 'TCN_DILATIONS': [1, 2, 4, 8, 16], 'TCN_DROPOUT': 0.2, 'CLASS_HIDDEN_DIM': 32, 'learning_rate': 0.0007785071806224336}. Best is trial 15 with value: 0.84111560762917.
==================================================
Fold 1/5
> val sequences: [1, 7, 15, 17, 25, 30, 35, 37, 46, 50, 52, 57, 63, 70, 79, 84, 88, 103, 106]
> Creating TrainingDataset: X=(6557, 10, 11, 3), y=(6557,)
> Creating TrainingDataset: X=(1687, 10, 11, 3), y=(1687,)
> Label distribution:
  NONE: count=2860, weight=0.1000;
  GRAB: count=674, weight=1.0000;
  PINCH: count=589, weight=1.0000;
  TAP: count=468, weight=1.0000;
  DENY: count=1978, weight=1.0000;
  KNOB: count=1313, weight=1.0000;
  EXPAND: count=362, weight=1.0000;
> loss: 1.8717
Fold 2/5
> val sequences: [8, 14, 16, 21, 22, 39, 40, 43, 55, 59, 61, 81, 82, 85, 86, 87, 94, 95]
> Creating TrainingDataset: X=(6774, 10, 11, 3), y=(6774,)
> Creating TrainingDataset: X=(1470, 10, 11, 3), y=(1470,)
> Label distribution:
  NONE: count=2860, weight=0.1000;
  GRAB: count=674, weight=1.0000;
  PINCH: count=589, weight=1.0000;
  TAP: count=468, weight=1.0000;
  DENY: count=1978, weight=1.0000;
  KNOB: count=1313, weight=1.0000;
  EXPAND: count=362, weight=1.0000;
> loss: 1.9583
Fold 3/5
> val sequences: [5, 10, 11, 12, 19, 24, 26, 33, 34, 36, 44, 47, 49, 68, 90, 93, 97, 105]
> Creating TrainingDataset: X=(6429, 10, 11, 3), y=(6429,)
> Creating TrainingDataset: X=(1815, 10, 11, 3), y=(1815,)
> Label distribution:
  NONE: count=2860, weight=0.1000;
  GRAB: count=674, weight=1.0000;
  PINCH: count=589, weight=1.0000;
  TAP: count=468, weight=1.0000;
  DENY: count=1978, weight=1.0000;
  KNOB: count=1313, weight=1.0000;
  EXPAND: count=362, weight=1.0000;
> loss: 1.7484
Fold 4/5
> val sequences: [41, 53, 56, 60, 62, 65, 69, 71, 73, 75, 78, 91, 98, 99, 101, 104, 107, 108]
> Creating TrainingDataset: X=(6806, 10, 11, 3), y=(6806,)
> Creating TrainingDataset: X=(1438, 10, 11, 3), y=(1438,)
> Label distribution:
  NONE: count=2860, weight=0.1000;
  GRAB: count=674, weight=1.0000;
  PINCH: count=589, weight=1.0000;
  TAP: count=468, weight=1.0000;
  DENY: count=1978, weight=1.0000;
  KNOB: count=1313, weight=1.0000;
  EXPAND: count=362, weight=1.0000;
> loss: 1.8829
Fold 5/5
> val sequences: [2, 4, 20, 28, 29, 31, 38, 48, 66, 67, 76, 77, 80, 89, 92, 96, 100, 102]
> Creating TrainingDataset: X=(6410, 10, 11, 3), y=(6410,)
> Creating TrainingDataset: X=(1834, 10, 11, 3), y=(1834,)
> Label distribution:
  NONE: count=2860, weight=0.1000;
  GRAB: count=674, weight=1.0000;
  PINCH: count=589, weight=1.0000;
  TAP: count=468, weight=1.0000;
  DENY: count=1978, weight=1.0000;
  KNOB: count=1313, weight=1.0000;
  EXPAND: count=362, weight=1.0000;
> loss: 1.8257
[I 2025-12-10 20:40:14,258] Trial 34 finished with value: 1.8574053844898502 and parameters: {'GCN_HIDDEN_DIM': 32, 'GCN_DROPOUT': 0.3, 'TCN_HIDDEN_DIM': 128, 'TCN_KERNEL_SIZE': 5, 'TCN_DILATIONS': [1, 2, 4], 'TCN_DROPOUT': 0.3, 'CLASS_HIDDEN_DIM': 32, 'learning_rate': 0.00027880956923637693}. Best is trial 15 with value: 0.84111560762917.
==================================================
Fold 1/5
> val sequences: [1, 7, 15, 17, 25, 30, 35, 37, 46, 50, 52, 57, 63, 70, 79, 84, 88, 103, 106]
> Creating TrainingDataset: X=(6557, 10, 11, 3), y=(6557,)
> Creating TrainingDataset: X=(1687, 10, 11, 3), y=(1687,)
> Label distribution:
  NONE: count=2860, weight=0.1000;
  GRAB: count=674, weight=1.0000;
  PINCH: count=589, weight=1.0000;
  TAP: count=468, weight=1.0000;
  DENY: count=1978, weight=1.0000;
  KNOB: count=1313, weight=1.0000;
  EXPAND: count=362, weight=1.0000;
> loss: 1.4004
Fold 2/5
> val sequences: [8, 14, 16, 21, 22, 39, 40, 43, 55, 59, 61, 81, 82, 85, 86, 87, 94, 95]
> Creating TrainingDataset: X=(6774, 10, 11, 3), y=(6774,)
> Creating TrainingDataset: X=(1470, 10, 11, 3), y=(1470,)
> Label distribution:
  NONE: count=2860, weight=0.1000;
  GRAB: count=674, weight=1.0000;
  PINCH: count=589, weight=1.0000;
  TAP: count=468, weight=1.0000;
  DENY: count=1978, weight=1.0000;
  KNOB: count=1313, weight=1.0000;
  EXPAND: count=362, weight=1.0000;
> loss: 1.3538
Fold 3/5
> val sequences: [5, 10, 11, 12, 19, 24, 26, 33, 34, 36, 44, 47, 49, 68, 90, 93, 97, 105]
> Creating TrainingDataset: X=(6429, 10, 11, 3), y=(6429,)
> Creating TrainingDataset: X=(1815, 10, 11, 3), y=(1815,)
> Label distribution:
  NONE: count=2860, weight=0.1000;
  GRAB: count=674, weight=1.0000;
  PINCH: count=589, weight=1.0000;
  TAP: count=468, weight=1.0000;
  DENY: count=1978, weight=1.0000;
  KNOB: count=1313, weight=1.0000;
  EXPAND: count=362, weight=1.0000;
> loss: 1.3066
Fold 4/5
> val sequences: [41, 53, 56, 60, 62, 65, 69, 71, 73, 75, 78, 91, 98, 99, 101, 104, 107, 108]
> Creating TrainingDataset: X=(6806, 10, 11, 3), y=(6806,)
> Creating TrainingDataset: X=(1438, 10, 11, 3), y=(1438,)
> Label distribution:
  NONE: count=2860, weight=0.1000;
  GRAB: count=674, weight=1.0000;
  PINCH: count=589, weight=1.0000;
  TAP: count=468, weight=1.0000;
  DENY: count=1978, weight=1.0000;
  KNOB: count=1313, weight=1.0000;
  EXPAND: count=362, weight=1.0000;
> loss: 1.1773
Fold 5/5
> val sequences: [2, 4, 20, 28, 29, 31, 38, 48, 66, 67, 76, 77, 80, 89, 92, 96, 100, 102]
> Creating TrainingDataset: X=(6410, 10, 11, 3), y=(6410,)
> Creating TrainingDataset: X=(1834, 10, 11, 3), y=(1834,)
> Label distribution:
  NONE: count=2860, weight=0.1000;
  GRAB: count=674, weight=1.0000;
  PINCH: count=589, weight=1.0000;
  TAP: count=468, weight=1.0000;
  DENY: count=1978, weight=1.0000;
  KNOB: count=1313, weight=1.0000;
  EXPAND: count=362, weight=1.0000;
> loss: 1.2069
[I 2025-12-10 20:42:12,167] Trial 35 finished with value: 1.2890017672289324 and parameters: {'GCN_HIDDEN_DIM': 32, 'GCN_DROPOUT': 0.2, 'TCN_HIDDEN_DIM': 32, 'TCN_KERNEL_SIZE': 3, 'TCN_DILATIONS': [1, 2, 4, 8], 'TCN_DROPOUT': 0.2, 'CLASS_HIDDEN_DIM': 32, 'learning_rate': 0.006919791870949405}. Best is trial 15 with value: 0.84111560762917.
==================================================
Fold 1/5
> val sequences: [1, 7, 15, 17, 25, 30, 35, 37, 46, 50, 52, 57, 63, 70, 79, 84, 88, 103, 106]
> Creating TrainingDataset: X=(6557, 10, 11, 3), y=(6557,)
> Creating TrainingDataset: X=(1687, 10, 11, 3), y=(1687,)
> Label distribution:
  NONE: count=2860, weight=0.1000;
  GRAB: count=674, weight=1.0000;
  PINCH: count=589, weight=1.0000;
  TAP: count=468, weight=1.0000;
  DENY: count=1978, weight=1.0000;
  KNOB: count=1313, weight=1.0000;
  EXPAND: count=362, weight=1.0000;
> loss: 1.6696
Fold 2/5
> val sequences: [8, 14, 16, 21, 22, 39, 40, 43, 55, 59, 61, 81, 82, 85, 86, 87, 94, 95]
> Creating TrainingDataset: X=(6774, 10, 11, 3), y=(6774,)
> Creating TrainingDataset: X=(1470, 10, 11, 3), y=(1470,)
> Label distribution:
  NONE: count=2860, weight=0.1000;
  GRAB: count=674, weight=1.0000;
  PINCH: count=589, weight=1.0000;
  TAP: count=468, weight=1.0000;
  DENY: count=1978, weight=1.0000;
  KNOB: count=1313, weight=1.0000;
  EXPAND: count=362, weight=1.0000;
> loss: 1.4302
Fold 3/5
> val sequences: [5, 10, 11, 12, 19, 24, 26, 33, 34, 36, 44, 47, 49, 68, 90, 93, 97, 105]
> Creating TrainingDataset: X=(6429, 10, 11, 3), y=(6429,)
> Creating TrainingDataset: X=(1815, 10, 11, 3), y=(1815,)
> Label distribution:
  NONE: count=2860, weight=0.1000;
  GRAB: count=674, weight=1.0000;
  PINCH: count=589, weight=1.0000;
  TAP: count=468, weight=1.0000;
  DENY: count=1978, weight=1.0000;
  KNOB: count=1313, weight=1.0000;
  EXPAND: count=362, weight=1.0000;
> loss: 0.9967
Fold 4/5
> val sequences: [41, 53, 56, 60, 62, 65, 69, 71, 73, 75, 78, 91, 98, 99, 101, 104, 107, 108]
> Creating TrainingDataset: X=(6806, 10, 11, 3), y=(6806,)
> Creating TrainingDataset: X=(1438, 10, 11, 3), y=(1438,)
> Label distribution:
  NONE: count=2860, weight=0.1000;
  GRAB: count=674, weight=1.0000;
  PINCH: count=589, weight=1.0000;
  TAP: count=468, weight=1.0000;
  DENY: count=1978, weight=1.0000;
  KNOB: count=1313, weight=1.0000;
  EXPAND: count=362, weight=1.0000;
> loss: 1.6128
Fold 5/5
> val sequences: [2, 4, 20, 28, 29, 31, 38, 48, 66, 67, 76, 77, 80, 89, 92, 96, 100, 102]
> Creating TrainingDataset: X=(6410, 10, 11, 3), y=(6410,)
> Creating TrainingDataset: X=(1834, 10, 11, 3), y=(1834,)
> Label distribution:
  NONE: count=2860, weight=0.1000;
  GRAB: count=674, weight=1.0000;
  PINCH: count=589, weight=1.0000;
  TAP: count=468, weight=1.0000;
  DENY: count=1978, weight=1.0000;
  KNOB: count=1313, weight=1.0000;
  EXPAND: count=362, weight=1.0000;
> loss: 1.6149
[I 2025-12-10 20:44:10,398] Trial 36 finished with value: 1.464833874896531 and parameters: {'GCN_HIDDEN_DIM': 64, 'GCN_DROPOUT': 0.3, 'TCN_HIDDEN_DIM': 32, 'TCN_KERNEL_SIZE': 3, 'TCN_DILATIONS': [1, 2, 4, 8], 'TCN_DROPOUT': 0.3, 'CLASS_HIDDEN_DIM': 64, 'learning_rate': 0.006671676724623436}. Best is trial 15 with value: 0.84111560762917.
==================================================
Fold 1/5
> val sequences: [1, 7, 15, 17, 25, 30, 35, 37, 46, 50, 52, 57, 63, 70, 79, 84, 88, 103, 106]
> Creating TrainingDataset: X=(6557, 10, 11, 3), y=(6557,)
> Creating TrainingDataset: X=(1687, 10, 11, 3), y=(1687,)
> Label distribution:
  NONE: count=2860, weight=0.1000;
  GRAB: count=674, weight=1.0000;
  PINCH: count=589, weight=1.0000;
  TAP: count=468, weight=1.0000;
  DENY: count=1978, weight=1.0000;
  KNOB: count=1313, weight=1.0000;
  EXPAND: count=362, weight=1.0000;
> loss: 1.0947
Fold 2/5
> val sequences: [8, 14, 16, 21, 22, 39, 40, 43, 55, 59, 61, 81, 82, 85, 86, 87, 94, 95]
> Creating TrainingDataset: X=(6774, 10, 11, 3), y=(6774,)
> Creating TrainingDataset: X=(1470, 10, 11, 3), y=(1470,)
> Label distribution:
  NONE: count=2860, weight=0.1000;
  GRAB: count=674, weight=1.0000;
  PINCH: count=589, weight=1.0000;
  TAP: count=468, weight=1.0000;
  DENY: count=1978, weight=1.0000;
  KNOB: count=1313, weight=1.0000;
  EXPAND: count=362, weight=1.0000;
> loss: 0.8224
Fold 3/5
> val sequences: [5, 10, 11, 12, 19, 24, 26, 33, 34, 36, 44, 47, 49, 68, 90, 93, 97, 105]
> Creating TrainingDataset: X=(6429, 10, 11, 3), y=(6429,)
> Creating TrainingDataset: X=(1815, 10, 11, 3), y=(1815,)
> Label distribution:
  NONE: count=2860, weight=0.1000;
  GRAB: count=674, weight=1.0000;
  PINCH: count=589, weight=1.0000;
  TAP: count=468, weight=1.0000;
  DENY: count=1978, weight=1.0000;
  KNOB: count=1313, weight=1.0000;
  EXPAND: count=362, weight=1.0000;
> loss: 1.1606
Fold 4/5
> val sequences: [41, 53, 56, 60, 62, 65, 69, 71, 73, 75, 78, 91, 98, 99, 101, 104, 107, 108]
> Creating TrainingDataset: X=(6806, 10, 11, 3), y=(6806,)
> Creating TrainingDataset: X=(1438, 10, 11, 3), y=(1438,)
> Label distribution:
  NONE: count=2860, weight=0.1000;
  GRAB: count=674, weight=1.0000;
  PINCH: count=589, weight=1.0000;
  TAP: count=468, weight=1.0000;
  DENY: count=1978, weight=1.0000;
  KNOB: count=1313, weight=1.0000;
  EXPAND: count=362, weight=1.0000;
> loss: 1.3832
Fold 5/5
> val sequences: [2, 4, 20, 28, 29, 31, 38, 48, 66, 67, 76, 77, 80, 89, 92, 96, 100, 102]
> Creating TrainingDataset: X=(6410, 10, 11, 3), y=(6410,)
> Creating TrainingDataset: X=(1834, 10, 11, 3), y=(1834,)
> Label distribution:
  NONE: count=2860, weight=0.1000;
  GRAB: count=674, weight=1.0000;
  PINCH: count=589, weight=1.0000;
  TAP: count=468, weight=1.0000;
  DENY: count=1978, weight=1.0000;
  KNOB: count=1313, weight=1.0000;
  EXPAND: count=362, weight=1.0000;
> loss: 1.4938
[I 2025-12-10 20:45:32,308] Trial 37 finished with value: 1.1909392027918038 and parameters: {'GCN_HIDDEN_DIM': 32, 'GCN_DROPOUT': 0.3, 'TCN_HIDDEN_DIM': 32, 'TCN_KERNEL_SIZE': 5, 'TCN_DILATIONS': [1, 2, 4], 'TCN_DROPOUT': 0.2, 'CLASS_HIDDEN_DIM': 128, 'learning_rate': 0.00482802002705949}. Best is trial 15 with value: 0.84111560762917.
==================================================
Fold 1/5
> val sequences: [1, 7, 15, 17, 25, 30, 35, 37, 46, 50, 52, 57, 63, 70, 79, 84, 88, 103, 106]
> Creating TrainingDataset: X=(6557, 10, 11, 3), y=(6557,)
> Creating TrainingDataset: X=(1687, 10, 11, 3), y=(1687,)
> Label distribution:
  NONE: count=2860, weight=0.1000;
  GRAB: count=674, weight=1.0000;
  PINCH: count=589, weight=1.0000;
  TAP: count=468, weight=1.0000;
  DENY: count=1978, weight=1.0000;
  KNOB: count=1313, weight=1.0000;
  EXPAND: count=362, weight=1.0000;
> loss: 0.9731
Fold 2/5
> val sequences: [8, 14, 16, 21, 22, 39, 40, 43, 55, 59, 61, 81, 82, 85, 86, 87, 94, 95]
> Creating TrainingDataset: X=(6774, 10, 11, 3), y=(6774,)
> Creating TrainingDataset: X=(1470, 10, 11, 3), y=(1470,)
> Label distribution:
  NONE: count=2860, weight=0.1000;
  GRAB: count=674, weight=1.0000;
  PINCH: count=589, weight=1.0000;
  TAP: count=468, weight=1.0000;
  DENY: count=1978, weight=1.0000;
  KNOB: count=1313, weight=1.0000;
  EXPAND: count=362, weight=1.0000;
> loss: 0.7795
Fold 3/5
> val sequences: [5, 10, 11, 12, 19, 24, 26, 33, 34, 36, 44, 47, 49, 68, 90, 93, 97, 105]
> Creating TrainingDataset: X=(6429, 10, 11, 3), y=(6429,)
> Creating TrainingDataset: X=(1815, 10, 11, 3), y=(1815,)
> Label distribution:
  NONE: count=2860, weight=0.1000;
  GRAB: count=674, weight=1.0000;
  PINCH: count=589, weight=1.0000;
  TAP: count=468, weight=1.0000;
  DENY: count=1978, weight=1.0000;
  KNOB: count=1313, weight=1.0000;
  EXPAND: count=362, weight=1.0000;
> loss: 0.8063
Fold 4/5
> val sequences: [41, 53, 56, 60, 62, 65, 69, 71, 73, 75, 78, 91, 98, 99, 101, 104, 107, 108]
> Creating TrainingDataset: X=(6806, 10, 11, 3), y=(6806,)
> Creating TrainingDataset: X=(1438, 10, 11, 3), y=(1438,)
> Label distribution:
  NONE: count=2860, weight=0.1000;
  GRAB: count=674, weight=1.0000;
  PINCH: count=589, weight=1.0000;
  TAP: count=468, weight=1.0000;
  DENY: count=1978, weight=1.0000;
  KNOB: count=1313, weight=1.0000;
  EXPAND: count=362, weight=1.0000;
> loss: 1.1022
Fold 5/5
> val sequences: [2, 4, 20, 28, 29, 31, 38, 48, 66, 67, 76, 77, 80, 89, 92, 96, 100, 102]
> Creating TrainingDataset: X=(6410, 10, 11, 3), y=(6410,)
> Creating TrainingDataset: X=(1834, 10, 11, 3), y=(1834,)
> Label distribution:
  NONE: count=2860, weight=0.1000;
  GRAB: count=674, weight=1.0000;
  PINCH: count=589, weight=1.0000;
  TAP: count=468, weight=1.0000;
  DENY: count=1978, weight=1.0000;
  KNOB: count=1313, weight=1.0000;
  EXPAND: count=362, weight=1.0000;
> loss: 0.9384
[I 2025-12-10 20:47:17,323] Trial 38 finished with value: 0.919889548100354 and parameters: {'GCN_HIDDEN_DIM': 16, 'GCN_DROPOUT': 0.3, 'TCN_HIDDEN_DIM': 128, 'TCN_KERNEL_SIZE': 3, 'TCN_DILATIONS': [1, 2, 4], 'TCN_DROPOUT': 0.3, 'CLASS_HIDDEN_DIM': 32, 'learning_rate': 0.003164723365931471}. Best is trial 15 with value: 0.84111560762917.
==================================================
Fold 1/5
> val sequences: [1, 7, 15, 17, 25, 30, 35, 37, 46, 50, 52, 57, 63, 70, 79, 84, 88, 103, 106]
> Creating TrainingDataset: X=(6557, 10, 11, 3), y=(6557,)
> Creating TrainingDataset: X=(1687, 10, 11, 3), y=(1687,)
> Label distribution:
  NONE: count=2860, weight=0.1000;
  GRAB: count=674, weight=1.0000;
  PINCH: count=589, weight=1.0000;
  TAP: count=468, weight=1.0000;
  DENY: count=1978, weight=1.0000;
  KNOB: count=1313, weight=1.0000;
  EXPAND: count=362, weight=1.0000;
> loss: 1.4730
Fold 2/5
> val sequences: [8, 14, 16, 21, 22, 39, 40, 43, 55, 59, 61, 81, 82, 85, 86, 87, 94, 95]
> Creating TrainingDataset: X=(6774, 10, 11, 3), y=(6774,)
> Creating TrainingDataset: X=(1470, 10, 11, 3), y=(1470,)
> Label distribution:
  NONE: count=2860, weight=0.1000;
  GRAB: count=674, weight=1.0000;
  PINCH: count=589, weight=1.0000;
  TAP: count=468, weight=1.0000;
  DENY: count=1978, weight=1.0000;
  KNOB: count=1313, weight=1.0000;
  EXPAND: count=362, weight=1.0000;
> loss: 1.3651
Fold 3/5
> val sequences: [5, 10, 11, 12, 19, 24, 26, 33, 34, 36, 44, 47, 49, 68, 90, 93, 97, 105]
> Creating TrainingDataset: X=(6429, 10, 11, 3), y=(6429,)
> Creating TrainingDataset: X=(1815, 10, 11, 3), y=(1815,)
> Label distribution:
  NONE: count=2860, weight=0.1000;
  GRAB: count=674, weight=1.0000;
  PINCH: count=589, weight=1.0000;
  TAP: count=468, weight=1.0000;
  DENY: count=1978, weight=1.0000;
  KNOB: count=1313, weight=1.0000;
  EXPAND: count=362, weight=1.0000;
> loss: 1.8618
Fold 4/5
> val sequences: [41, 53, 56, 60, 62, 65, 69, 71, 73, 75, 78, 91, 98, 99, 101, 104, 107, 108]
> Creating TrainingDataset: X=(6806, 10, 11, 3), y=(6806,)
> Creating TrainingDataset: X=(1438, 10, 11, 3), y=(1438,)
> Label distribution:
  NONE: count=2860, weight=0.1000;
  GRAB: count=674, weight=1.0000;
  PINCH: count=589, weight=1.0000;
  TAP: count=468, weight=1.0000;
  DENY: count=1978, weight=1.0000;
  KNOB: count=1313, weight=1.0000;
  EXPAND: count=362, weight=1.0000;
> loss: 1.1368
Fold 5/5
> val sequences: [2, 4, 20, 28, 29, 31, 38, 48, 66, 67, 76, 77, 80, 89, 92, 96, 100, 102]
> Creating TrainingDataset: X=(6410, 10, 11, 3), y=(6410,)
> Creating TrainingDataset: X=(1834, 10, 11, 3), y=(1834,)
> Label distribution:
  NONE: count=2860, weight=0.1000;
  GRAB: count=674, weight=1.0000;
  PINCH: count=589, weight=1.0000;
  TAP: count=468, weight=1.0000;
  DENY: count=1978, weight=1.0000;
  KNOB: count=1313, weight=1.0000;
  EXPAND: count=362, weight=1.0000;
> loss: 1.2875
