[I 2025-12-10 18:14:02,541] A new study created in memory with name: no-name-ad8b05a1-3c48-45be-bd69-72c8da05568a
/tmp2/b11902038/pip_packages/optuna/distributions.py:502: UserWarning: Choices for a categorical distribution should be a tuple of None, bool, int, float and str for persistent storage but contains [1, 2, 4] which is of type list.
  warnings.warn(message)
/tmp2/b11902038/pip_packages/optuna/distributions.py:502: UserWarning: Choices for a categorical distribution should be a tuple of None, bool, int, float and str for persistent storage but contains [1, 2, 4, 8] which is of type list.
  warnings.warn(message)
/tmp2/b11902038/pip_packages/optuna/distributions.py:502: UserWarning: Choices for a categorical distribution should be a tuple of None, bool, int, float and str for persistent storage but contains [1, 2, 4, 8, 16] which is of type list.
  warnings.warn(message)
==================================================
Fold 1/5
> val sequences: [1, 7, 15, 17, 25, 30, 35, 37, 46, 50, 52, 57, 63, 70, 79, 84, 88, 103, 106]
> Creating TrainingDataset: X=(6557, 10, 11, 3), y=(6557,)
> Creating TrainingDataset: X=(1687, 10, 11, 3), y=(1687,)
> Label distribution:
  NONE: count=2860, weight=0.1000;
  GRAB: count=674, weight=1.0000;
  PINCH: count=589, weight=1.0000;
  TAP: count=468, weight=1.0000;
  DENY: count=1978, weight=1.0000;
  KNOB: count=1313, weight=1.0000;
  EXPAND: count=362, weight=1.0000;
> loss: 0.9165
Fold 2/5
> val sequences: [8, 14, 16, 21, 22, 39, 40, 43, 55, 59, 61, 81, 82, 85, 86, 87, 94, 95]
> Creating TrainingDataset: X=(6774, 10, 11, 3), y=(6774,)
> Creating TrainingDataset: X=(1470, 10, 11, 3), y=(1470,)
> Label distribution:
  NONE: count=2860, weight=0.1000;
  GRAB: count=674, weight=1.0000;
  PINCH: count=589, weight=1.0000;
  TAP: count=468, weight=1.0000;
  DENY: count=1978, weight=1.0000;
  KNOB: count=1313, weight=1.0000;
  EXPAND: count=362, weight=1.0000;
> loss: 0.9645
Fold 3/5
> val sequences: [5, 10, 11, 12, 19, 24, 26, 33, 34, 36, 44, 47, 49, 68, 90, 93, 97, 105]
> Creating TrainingDataset: X=(6429, 10, 11, 3), y=(6429,)
> Creating TrainingDataset: X=(1815, 10, 11, 3), y=(1815,)
> Label distribution:
  NONE: count=2860, weight=0.1000;
  GRAB: count=674, weight=1.0000;
  PINCH: count=589, weight=1.0000;
  TAP: count=468, weight=1.0000;
  DENY: count=1978, weight=1.0000;
  KNOB: count=1313, weight=1.0000;
  EXPAND: count=362, weight=1.0000;
> loss: 0.7804
Fold 4/5
> val sequences: [41, 53, 56, 60, 62, 65, 69, 71, 73, 75, 78, 91, 98, 99, 101, 104, 107, 108]
> Creating TrainingDataset: X=(6806, 10, 11, 3), y=(6806,)
> Creating TrainingDataset: X=(1438, 10, 11, 3), y=(1438,)
> Label distribution:
  NONE: count=2860, weight=0.1000;
  GRAB: count=674, weight=1.0000;
  PINCH: count=589, weight=1.0000;
  TAP: count=468, weight=1.0000;
  DENY: count=1978, weight=1.0000;
  KNOB: count=1313, weight=1.0000;
  EXPAND: count=362, weight=1.0000;
> loss: 1.3135
Fold 5/5
> val sequences: [2, 4, 20, 28, 29, 31, 38, 48, 66, 67, 76, 77, 80, 89, 92, 96, 100, 102]
> Creating TrainingDataset: X=(6410, 10, 11, 3), y=(6410,)
> Creating TrainingDataset: X=(1834, 10, 11, 3), y=(1834,)
> Label distribution:
  NONE: count=2860, weight=0.1000;
  GRAB: count=674, weight=1.0000;
  PINCH: count=589, weight=1.0000;
  TAP: count=468, weight=1.0000;
  DENY: count=1978, weight=1.0000;
  KNOB: count=1313, weight=1.0000;
  EXPAND: count=362, weight=1.0000;
> loss: 1.1338
[I 2025-12-10 18:16:10,456] Trial 0 finished with value: 1.0217257163857796 and parameters: {'GCN_HIDDEN_DIM': 16, 'GCN_DROPOUT': 0.2, 'TCN_HIDDEN_DIM': 64, 'TCN_KERNEL_SIZE': 5, 'TCN_DILATIONS': [1, 2, 4, 8], 'TCN_DROPOUT': 0.2, 'CLASS_HIDDEN_DIM': 32, 'learning_rate': 0.0033788735243001394}. Best is trial 0 with value: 1.0217257163857796.
/tmp2/b11902038/pip_packages/optuna/distributions.py:502: UserWarning: Choices for a categorical distribution should be a tuple of None, bool, int, float and str for persistent storage but contains [1, 2, 4] which is of type list.
  warnings.warn(message)
/tmp2/b11902038/pip_packages/optuna/distributions.py:502: UserWarning: Choices for a categorical distribution should be a tuple of None, bool, int, float and str for persistent storage but contains [1, 2, 4, 8] which is of type list.
  warnings.warn(message)
/tmp2/b11902038/pip_packages/optuna/distributions.py:502: UserWarning: Choices for a categorical distribution should be a tuple of None, bool, int, float and str for persistent storage but contains [1, 2, 4, 8, 16] which is of type list.
  warnings.warn(message)
==================================================
Fold 1/5
> val sequences: [1, 7, 15, 17, 25, 30, 35, 37, 46, 50, 52, 57, 63, 70, 79, 84, 88, 103, 106]
> Creating TrainingDataset: X=(6557, 10, 11, 3), y=(6557,)
> Creating TrainingDataset: X=(1687, 10, 11, 3), y=(1687,)
> Label distribution:
  NONE: count=2860, weight=0.1000;
  GRAB: count=674, weight=1.0000;
  PINCH: count=589, weight=1.0000;
  TAP: count=468, weight=1.0000;
  DENY: count=1978, weight=1.0000;
  KNOB: count=1313, weight=1.0000;
  EXPAND: count=362, weight=1.0000;
> loss: 1.0372
Fold 2/5
> val sequences: [8, 14, 16, 21, 22, 39, 40, 43, 55, 59, 61, 81, 82, 85, 86, 87, 94, 95]
> Creating TrainingDataset: X=(6774, 10, 11, 3), y=(6774,)
> Creating TrainingDataset: X=(1470, 10, 11, 3), y=(1470,)
> Label distribution:
  NONE: count=2860, weight=0.1000;
  GRAB: count=674, weight=1.0000;
  PINCH: count=589, weight=1.0000;
  TAP: count=468, weight=1.0000;
  DENY: count=1978, weight=1.0000;
  KNOB: count=1313, weight=1.0000;
  EXPAND: count=362, weight=1.0000;
> loss: 1.4121
Fold 3/5
> val sequences: [5, 10, 11, 12, 19, 24, 26, 33, 34, 36, 44, 47, 49, 68, 90, 93, 97, 105]
> Creating TrainingDataset: X=(6429, 10, 11, 3), y=(6429,)
> Creating TrainingDataset: X=(1815, 10, 11, 3), y=(1815,)
> Label distribution:
  NONE: count=2860, weight=0.1000;
  GRAB: count=674, weight=1.0000;
  PINCH: count=589, weight=1.0000;
  TAP: count=468, weight=1.0000;
  DENY: count=1978, weight=1.0000;
  KNOB: count=1313, weight=1.0000;
  EXPAND: count=362, weight=1.0000;
> loss: 1.2839
Fold 4/5
> val sequences: [41, 53, 56, 60, 62, 65, 69, 71, 73, 75, 78, 91, 98, 99, 101, 104, 107, 108]
> Creating TrainingDataset: X=(6806, 10, 11, 3), y=(6806,)
> Creating TrainingDataset: X=(1438, 10, 11, 3), y=(1438,)
> Label distribution:
  NONE: count=2860, weight=0.1000;
  GRAB: count=674, weight=1.0000;
  PINCH: count=589, weight=1.0000;
  TAP: count=468, weight=1.0000;
  DENY: count=1978, weight=1.0000;
  KNOB: count=1313, weight=1.0000;
  EXPAND: count=362, weight=1.0000;
> loss: 1.2733
Fold 5/5
> val sequences: [2, 4, 20, 28, 29, 31, 38, 48, 66, 67, 76, 77, 80, 89, 92, 96, 100, 102]
> Creating TrainingDataset: X=(6410, 10, 11, 3), y=(6410,)
> Creating TrainingDataset: X=(1834, 10, 11, 3), y=(1834,)
> Label distribution:
  NONE: count=2860, weight=0.1000;
  GRAB: count=674, weight=1.0000;
  PINCH: count=589, weight=1.0000;
  TAP: count=468, weight=1.0000;
  DENY: count=1978, weight=1.0000;
  KNOB: count=1313, weight=1.0000;
  EXPAND: count=362, weight=1.0000;
> loss: 1.5050
[I 2025-12-10 18:18:07,698] Trial 1 finished with value: 1.302299850531286 and parameters: {'GCN_HIDDEN_DIM': 64, 'GCN_DROPOUT': 0.3, 'TCN_HIDDEN_DIM': 128, 'TCN_KERNEL_SIZE': 5, 'TCN_DILATIONS': [1, 2, 4], 'TCN_DROPOUT': 0.3, 'CLASS_HIDDEN_DIM': 32, 'learning_rate': 0.006330687659560463}. Best is trial 0 with value: 1.0217257163857796.
==================================================
Fold 1/5
> val sequences: [1, 7, 15, 17, 25, 30, 35, 37, 46, 50, 52, 57, 63, 70, 79, 84, 88, 103, 106]
> Creating TrainingDataset: X=(6557, 10, 11, 3), y=(6557,)
> Creating TrainingDataset: X=(1687, 10, 11, 3), y=(1687,)
> Label distribution:
  NONE: count=2860, weight=0.1000;
  GRAB: count=674, weight=1.0000;
  PINCH: count=589, weight=1.0000;
  TAP: count=468, weight=1.0000;
  DENY: count=1978, weight=1.0000;
  KNOB: count=1313, weight=1.0000;
  EXPAND: count=362, weight=1.0000;
> loss: 0.9514
Fold 2/5
> val sequences: [8, 14, 16, 21, 22, 39, 40, 43, 55, 59, 61, 81, 82, 85, 86, 87, 94, 95]
> Creating TrainingDataset: X=(6774, 10, 11, 3), y=(6774,)
> Creating TrainingDataset: X=(1470, 10, 11, 3), y=(1470,)
> Label distribution:
  NONE: count=2860, weight=0.1000;
  GRAB: count=674, weight=1.0000;
  PINCH: count=589, weight=1.0000;
  TAP: count=468, weight=1.0000;
  DENY: count=1978, weight=1.0000;
  KNOB: count=1313, weight=1.0000;
  EXPAND: count=362, weight=1.0000;
> loss: 0.8008
Fold 3/5
> val sequences: [5, 10, 11, 12, 19, 24, 26, 33, 34, 36, 44, 47, 49, 68, 90, 93, 97, 105]
> Creating TrainingDataset: X=(6429, 10, 11, 3), y=(6429,)
> Creating TrainingDataset: X=(1815, 10, 11, 3), y=(1815,)
> Label distribution:
  NONE: count=2860, weight=0.1000;
  GRAB: count=674, weight=1.0000;
  PINCH: count=589, weight=1.0000;
  TAP: count=468, weight=1.0000;
  DENY: count=1978, weight=1.0000;
  KNOB: count=1313, weight=1.0000;
  EXPAND: count=362, weight=1.0000;
> loss: 0.7236
Fold 4/5
> val sequences: [41, 53, 56, 60, 62, 65, 69, 71, 73, 75, 78, 91, 98, 99, 101, 104, 107, 108]
> Creating TrainingDataset: X=(6806, 10, 11, 3), y=(6806,)
> Creating TrainingDataset: X=(1438, 10, 11, 3), y=(1438,)
> Label distribution:
  NONE: count=2860, weight=0.1000;
  GRAB: count=674, weight=1.0000;
  PINCH: count=589, weight=1.0000;
  TAP: count=468, weight=1.0000;
  DENY: count=1978, weight=1.0000;
  KNOB: count=1313, weight=1.0000;
  EXPAND: count=362, weight=1.0000;
> loss: 0.9358
Fold 5/5
> val sequences: [2, 4, 20, 28, 29, 31, 38, 48, 66, 67, 76, 77, 80, 89, 92, 96, 100, 102]
> Creating TrainingDataset: X=(6410, 10, 11, 3), y=(6410,)
> Creating TrainingDataset: X=(1834, 10, 11, 3), y=(1834,)
> Label distribution:
  NONE: count=2860, weight=0.1000;
  GRAB: count=674, weight=1.0000;
  PINCH: count=589, weight=1.0000;
  TAP: count=468, weight=1.0000;
  DENY: count=1978, weight=1.0000;
  KNOB: count=1313, weight=1.0000;
  EXPAND: count=362, weight=1.0000;
> loss: 0.8798
[I 2025-12-10 18:20:03,327] Trial 2 finished with value: 0.8582746749493557 and parameters: {'GCN_HIDDEN_DIM': 64, 'GCN_DROPOUT': 0.3, 'TCN_HIDDEN_DIM': 64, 'TCN_KERNEL_SIZE': 3, 'TCN_DILATIONS': [1, 2, 4], 'TCN_DROPOUT': 0.3, 'CLASS_HIDDEN_DIM': 64, 'learning_rate': 0.003545031459686034}. Best is trial 2 with value: 0.8582746749493557.
==================================================
Fold 1/5
> val sequences: [1, 7, 15, 17, 25, 30, 35, 37, 46, 50, 52, 57, 63, 70, 79, 84, 88, 103, 106]
> Creating TrainingDataset: X=(6557, 10, 11, 3), y=(6557,)
> Creating TrainingDataset: X=(1687, 10, 11, 3), y=(1687,)
> Label distribution:
  NONE: count=2860, weight=0.1000;
  GRAB: count=674, weight=1.0000;
  PINCH: count=589, weight=1.0000;
  TAP: count=468, weight=1.0000;
  DENY: count=1978, weight=1.0000;
  KNOB: count=1313, weight=1.0000;
  EXPAND: count=362, weight=1.0000;
> loss: 0.8161
Fold 2/5
> val sequences: [8, 14, 16, 21, 22, 39, 40, 43, 55, 59, 61, 81, 82, 85, 86, 87, 94, 95]
> Creating TrainingDataset: X=(6774, 10, 11, 3), y=(6774,)
> Creating TrainingDataset: X=(1470, 10, 11, 3), y=(1470,)
> Label distribution:
  NONE: count=2860, weight=0.1000;
  GRAB: count=674, weight=1.0000;
  PINCH: count=589, weight=1.0000;
  TAP: count=468, weight=1.0000;
  DENY: count=1978, weight=1.0000;
  KNOB: count=1313, weight=1.0000;
  EXPAND: count=362, weight=1.0000;
> loss: 0.7181
Fold 3/5
> val sequences: [5, 10, 11, 12, 19, 24, 26, 33, 34, 36, 44, 47, 49, 68, 90, 93, 97, 105]
> Creating TrainingDataset: X=(6429, 10, 11, 3), y=(6429,)
> Creating TrainingDataset: X=(1815, 10, 11, 3), y=(1815,)
> Label distribution:
  NONE: count=2860, weight=0.1000;
  GRAB: count=674, weight=1.0000;
  PINCH: count=589, weight=1.0000;
  TAP: count=468, weight=1.0000;
  DENY: count=1978, weight=1.0000;
  KNOB: count=1313, weight=1.0000;
  EXPAND: count=362, weight=1.0000;
> loss: 0.7646
Fold 4/5
> val sequences: [41, 53, 56, 60, 62, 65, 69, 71, 73, 75, 78, 91, 98, 99, 101, 104, 107, 108]
> Creating TrainingDataset: X=(6806, 10, 11, 3), y=(6806,)
> Creating TrainingDataset: X=(1438, 10, 11, 3), y=(1438,)
> Label distribution:
  NONE: count=2860, weight=0.1000;
  GRAB: count=674, weight=1.0000;
  PINCH: count=589, weight=1.0000;
  TAP: count=468, weight=1.0000;
  DENY: count=1978, weight=1.0000;
  KNOB: count=1313, weight=1.0000;
  EXPAND: count=362, weight=1.0000;
> loss: 0.8464
Fold 5/5
> val sequences: [2, 4, 20, 28, 29, 31, 38, 48, 66, 67, 76, 77, 80, 89, 92, 96, 100, 102]
> Creating TrainingDataset: X=(6410, 10, 11, 3), y=(6410,)
> Creating TrainingDataset: X=(1834, 10, 11, 3), y=(1834,)
> Label distribution:
  NONE: count=2860, weight=0.1000;
  GRAB: count=674, weight=1.0000;
  PINCH: count=589, weight=1.0000;
  TAP: count=468, weight=1.0000;
  DENY: count=1978, weight=1.0000;
  KNOB: count=1313, weight=1.0000;
  EXPAND: count=362, weight=1.0000;
> loss: 0.9805
[I 2025-12-10 18:22:05,978] Trial 3 finished with value: 0.8251486425331948 and parameters: {'GCN_HIDDEN_DIM': 32, 'GCN_DROPOUT': 0.2, 'TCN_HIDDEN_DIM': 128, 'TCN_KERNEL_SIZE': 3, 'TCN_DILATIONS': [1, 2, 4, 8], 'TCN_DROPOUT': 0.3, 'CLASS_HIDDEN_DIM': 128, 'learning_rate': 0.0029745413695663634}. Best is trial 3 with value: 0.8251486425331948.
==================================================
Fold 1/5
> val sequences: [1, 7, 15, 17, 25, 30, 35, 37, 46, 50, 52, 57, 63, 70, 79, 84, 88, 103, 106]
> Creating TrainingDataset: X=(6557, 10, 11, 3), y=(6557,)
> Creating TrainingDataset: X=(1687, 10, 11, 3), y=(1687,)
> Label distribution:
  NONE: count=2860, weight=0.1000;
  GRAB: count=674, weight=1.0000;
  PINCH: count=589, weight=1.0000;
  TAP: count=468, weight=1.0000;
  DENY: count=1978, weight=1.0000;
  KNOB: count=1313, weight=1.0000;
  EXPAND: count=362, weight=1.0000;
> loss: 1.4761
Fold 2/5
> val sequences: [8, 14, 16, 21, 22, 39, 40, 43, 55, 59, 61, 81, 82, 85, 86, 87, 94, 95]
> Creating TrainingDataset: X=(6774, 10, 11, 3), y=(6774,)
> Creating TrainingDataset: X=(1470, 10, 11, 3), y=(1470,)
> Label distribution:
  NONE: count=2860, weight=0.1000;
  GRAB: count=674, weight=1.0000;
  PINCH: count=589, weight=1.0000;
  TAP: count=468, weight=1.0000;
  DENY: count=1978, weight=1.0000;
  KNOB: count=1313, weight=1.0000;
  EXPAND: count=362, weight=1.0000;
> loss: 1.0132
Fold 3/5
> val sequences: [5, 10, 11, 12, 19, 24, 26, 33, 34, 36, 44, 47, 49, 68, 90, 93, 97, 105]
> Creating TrainingDataset: X=(6429, 10, 11, 3), y=(6429,)
> Creating TrainingDataset: X=(1815, 10, 11, 3), y=(1815,)
> Label distribution:
  NONE: count=2860, weight=0.1000;
  GRAB: count=674, weight=1.0000;
  PINCH: count=589, weight=1.0000;
  TAP: count=468, weight=1.0000;
  DENY: count=1978, weight=1.0000;
  KNOB: count=1313, weight=1.0000;
  EXPAND: count=362, weight=1.0000;
> loss: 0.6690
Fold 4/5
> val sequences: [41, 53, 56, 60, 62, 65, 69, 71, 73, 75, 78, 91, 98, 99, 101, 104, 107, 108]
> Creating TrainingDataset: X=(6806, 10, 11, 3), y=(6806,)
> Creating TrainingDataset: X=(1438, 10, 11, 3), y=(1438,)
> Label distribution:
  NONE: count=2860, weight=0.1000;
  GRAB: count=674, weight=1.0000;
  PINCH: count=589, weight=1.0000;
  TAP: count=468, weight=1.0000;
  DENY: count=1978, weight=1.0000;
  KNOB: count=1313, weight=1.0000;
  EXPAND: count=362, weight=1.0000;
> loss: 1.2888
Fold 5/5
> val sequences: [2, 4, 20, 28, 29, 31, 38, 48, 66, 67, 76, 77, 80, 89, 92, 96, 100, 102]
> Creating TrainingDataset: X=(6410, 10, 11, 3), y=(6410,)
> Creating TrainingDataset: X=(1834, 10, 11, 3), y=(1834,)
> Label distribution:
  NONE: count=2860, weight=0.1000;
  GRAB: count=674, weight=1.0000;
  PINCH: count=589, weight=1.0000;
  TAP: count=468, weight=1.0000;
  DENY: count=1978, weight=1.0000;
  KNOB: count=1313, weight=1.0000;
  EXPAND: count=362, weight=1.0000;
> loss: 1.3503
[I 2025-12-10 18:23:51,842] Trial 4 finished with value: 1.1594689054699001 and parameters: {'GCN_HIDDEN_DIM': 32, 'GCN_DROPOUT': 0.3, 'TCN_HIDDEN_DIM': 64, 'TCN_KERNEL_SIZE': 5, 'TCN_DILATIONS': [1, 2, 4, 8], 'TCN_DROPOUT': 0.2, 'CLASS_HIDDEN_DIM': 64, 'learning_rate': 0.004616783313622074}. Best is trial 3 with value: 0.8251486425331948.
==================================================
Fold 1/5
> val sequences: [1, 7, 15, 17, 25, 30, 35, 37, 46, 50, 52, 57, 63, 70, 79, 84, 88, 103, 106]
> Creating TrainingDataset: X=(6557, 10, 11, 3), y=(6557,)
> Creating TrainingDataset: X=(1687, 10, 11, 3), y=(1687,)
> Label distribution:
  NONE: count=2860, weight=0.1000;
  GRAB: count=674, weight=1.0000;
  PINCH: count=589, weight=1.0000;
  TAP: count=468, weight=1.0000;
  DENY: count=1978, weight=1.0000;
  KNOB: count=1313, weight=1.0000;
  EXPAND: count=362, weight=1.0000;
> loss: 1.3016
Fold 2/5
> val sequences: [8, 14, 16, 21, 22, 39, 40, 43, 55, 59, 61, 81, 82, 85, 86, 87, 94, 95]
> Creating TrainingDataset: X=(6774, 10, 11, 3), y=(6774,)
> Creating TrainingDataset: X=(1470, 10, 11, 3), y=(1470,)
> Label distribution:
  NONE: count=2860, weight=0.1000;
  GRAB: count=674, weight=1.0000;
  PINCH: count=589, weight=1.0000;
  TAP: count=468, weight=1.0000;
  DENY: count=1978, weight=1.0000;
  KNOB: count=1313, weight=1.0000;
  EXPAND: count=362, weight=1.0000;
> loss: 0.9415
Fold 3/5
> val sequences: [5, 10, 11, 12, 19, 24, 26, 33, 34, 36, 44, 47, 49, 68, 90, 93, 97, 105]
> Creating TrainingDataset: X=(6429, 10, 11, 3), y=(6429,)
> Creating TrainingDataset: X=(1815, 10, 11, 3), y=(1815,)
> Label distribution:
  NONE: count=2860, weight=0.1000;
  GRAB: count=674, weight=1.0000;
  PINCH: count=589, weight=1.0000;
  TAP: count=468, weight=1.0000;
  DENY: count=1978, weight=1.0000;
  KNOB: count=1313, weight=1.0000;
  EXPAND: count=362, weight=1.0000;
> loss: 0.8369
Fold 4/5
> val sequences: [41, 53, 56, 60, 62, 65, 69, 71, 73, 75, 78, 91, 98, 99, 101, 104, 107, 108]
> Creating TrainingDataset: X=(6806, 10, 11, 3), y=(6806,)
> Creating TrainingDataset: X=(1438, 10, 11, 3), y=(1438,)
> Label distribution:
  NONE: count=2860, weight=0.1000;
  GRAB: count=674, weight=1.0000;
  PINCH: count=589, weight=1.0000;
  TAP: count=468, weight=1.0000;
  DENY: count=1978, weight=1.0000;
  KNOB: count=1313, weight=1.0000;
  EXPAND: count=362, weight=1.0000;
> loss: 0.9626
Fold 5/5
> val sequences: [2, 4, 20, 28, 29, 31, 38, 48, 66, 67, 76, 77, 80, 89, 92, 96, 100, 102]
> Creating TrainingDataset: X=(6410, 10, 11, 3), y=(6410,)
> Creating TrainingDataset: X=(1834, 10, 11, 3), y=(1834,)
> Label distribution:
  NONE: count=2860, weight=0.1000;
  GRAB: count=674, weight=1.0000;
  PINCH: count=589, weight=1.0000;
  TAP: count=468, weight=1.0000;
  DENY: count=1978, weight=1.0000;
  KNOB: count=1313, weight=1.0000;
  EXPAND: count=362, weight=1.0000;
> loss: 1.0385
[I 2025-12-10 18:26:01,907] Trial 5 finished with value: 1.0162271487119452 and parameters: {'GCN_HIDDEN_DIM': 32, 'GCN_DROPOUT': 0.2, 'TCN_HIDDEN_DIM': 128, 'TCN_KERNEL_SIZE': 5, 'TCN_DILATIONS': [1, 2, 4, 8, 16], 'TCN_DROPOUT': 0.2, 'CLASS_HIDDEN_DIM': 64, 'learning_rate': 0.004755860258744616}. Best is trial 3 with value: 0.8251486425331948.
==================================================
Fold 1/5
> val sequences: [1, 7, 15, 17, 25, 30, 35, 37, 46, 50, 52, 57, 63, 70, 79, 84, 88, 103, 106]
> Creating TrainingDataset: X=(6557, 10, 11, 3), y=(6557,)
> Creating TrainingDataset: X=(1687, 10, 11, 3), y=(1687,)
> Label distribution:
  NONE: count=2860, weight=0.1000;
  GRAB: count=674, weight=1.0000;
  PINCH: count=589, weight=1.0000;
  TAP: count=468, weight=1.0000;
  DENY: count=1978, weight=1.0000;
  KNOB: count=1313, weight=1.0000;
  EXPAND: count=362, weight=1.0000;
> loss: 1.0347
Fold 2/5
> val sequences: [8, 14, 16, 21, 22, 39, 40, 43, 55, 59, 61, 81, 82, 85, 86, 87, 94, 95]
> Creating TrainingDataset: X=(6774, 10, 11, 3), y=(6774,)
> Creating TrainingDataset: X=(1470, 10, 11, 3), y=(1470,)
> Label distribution:
  NONE: count=2860, weight=0.1000;
  GRAB: count=674, weight=1.0000;
  PINCH: count=589, weight=1.0000;
  TAP: count=468, weight=1.0000;
  DENY: count=1978, weight=1.0000;
  KNOB: count=1313, weight=1.0000;
  EXPAND: count=362, weight=1.0000;
> loss: 1.4147
Fold 3/5
> val sequences: [5, 10, 11, 12, 19, 24, 26, 33, 34, 36, 44, 47, 49, 68, 90, 93, 97, 105]
> Creating TrainingDataset: X=(6429, 10, 11, 3), y=(6429,)
> Creating TrainingDataset: X=(1815, 10, 11, 3), y=(1815,)
> Label distribution:
  NONE: count=2860, weight=0.1000;
  GRAB: count=674, weight=1.0000;
  PINCH: count=589, weight=1.0000;
  TAP: count=468, weight=1.0000;
  DENY: count=1978, weight=1.0000;
  KNOB: count=1313, weight=1.0000;
  EXPAND: count=362, weight=1.0000;
> loss: 1.1696
Fold 4/5
> val sequences: [41, 53, 56, 60, 62, 65, 69, 71, 73, 75, 78, 91, 98, 99, 101, 104, 107, 108]
> Creating TrainingDataset: X=(6806, 10, 11, 3), y=(6806,)
> Creating TrainingDataset: X=(1438, 10, 11, 3), y=(1438,)
> Label distribution:
  NONE: count=2860, weight=0.1000;
  GRAB: count=674, weight=1.0000;
  PINCH: count=589, weight=1.0000;
  TAP: count=468, weight=1.0000;
  DENY: count=1978, weight=1.0000;
  KNOB: count=1313, weight=1.0000;
  EXPAND: count=362, weight=1.0000;
> loss: 1.9418
Fold 5/5
> val sequences: [2, 4, 20, 28, 29, 31, 38, 48, 66, 67, 76, 77, 80, 89, 92, 96, 100, 102]
> Creating TrainingDataset: X=(6410, 10, 11, 3), y=(6410,)
> Creating TrainingDataset: X=(1834, 10, 11, 3), y=(1834,)
> Label distribution:
  NONE: count=2860, weight=0.1000;
  GRAB: count=674, weight=1.0000;
  PINCH: count=589, weight=1.0000;
  TAP: count=468, weight=1.0000;
  DENY: count=1978, weight=1.0000;
  KNOB: count=1313, weight=1.0000;
  EXPAND: count=362, weight=1.0000;
> loss: 1.4799
