[I 2025-12-10 20:49:03,173] Trial 39 finished with value: 1.4248306894316773 and parameters: {'GCN_HIDDEN_DIM': 64, 'GCN_DROPOUT': 0.3, 'TCN_HIDDEN_DIM': 64, 'TCN_KERNEL_SIZE': 3, 'TCN_DILATIONS': [1, 2, 4], 'TCN_DROPOUT': 0.2, 'CLASS_HIDDEN_DIM': 32, 'learning_rate': 0.009482755292186914}. Best is trial 15 with value: 0.84111560762917.
==================================================
Optimization completed in 4292.88 seconds.
Best Trial: 15
Best Score: 0.84111560762917
Best Params: {'GCN_HIDDEN_DIM': 64, 'GCN_DROPOUT': 0.2, 'TCN_HIDDEN_DIM': 128, 'TCN_KERNEL_SIZE': 3, 'TCN_DILATIONS': [1, 2, 4], 'TCN_DROPOUT': 0.3, 'CLASS_HIDDEN_DIM': 64, 'learning_rate': 0.002140045330245131}
Training model with parameters {'GCN_HIDDEN_DIM': 64, 'GCN_DROPOUT': 0.2, 'TCN_HIDDEN_DIM': 128, 'TCN_KERNEL_SIZE': 3, 'TCN_DILATIONS': [1, 2, 4], 'TCN_DROPOUT': 0.3, 'CLASS_HIDDEN_DIM': 64, 'learning_rate': 0.002140045330245131}
> Creating TrainingDataset: X=(8244, 10, 11, 3), y=(8244,)
> Label distribution:
  NONE: count=2860, weight=0.1000;
  GRAB: count=674, weight=1.0000;
  PINCH: count=589, weight=1.0000;
  TAP: count=468, weight=1.0000;
  DENY: count=1978, weight=1.0000;
  KNOB: count=1313, weight=1.0000;
  EXPAND: count=362, weight=1.0000;
Epoch [1/300], Loss: 1.7417
Epoch [2/300], Loss: 1.7016
Epoch [3/300], Loss: 1.6168
Epoch [4/300], Loss: 1.1368
Epoch [5/300], Loss: 0.8858
Epoch [6/300], Loss: 0.7301
Epoch [7/300], Loss: 0.6522
Epoch [8/300], Loss: 0.6178
Epoch [9/300], Loss: 0.5801
Epoch [10/300], Loss: 0.5431
Epoch [11/300], Loss: 0.5225
Epoch [12/300], Loss: 0.4806
Epoch [13/300], Loss: 0.4743
Epoch [14/300], Loss: 0.4596
Epoch [15/300], Loss: 0.4322
Epoch [16/300], Loss: 0.4117
Epoch [17/300], Loss: 0.3960
Epoch [18/300], Loss: 0.3880
Epoch [19/300], Loss: 0.3555
Epoch [20/300], Loss: 0.3609
Epoch [21/300], Loss: 0.3515
Epoch [22/300], Loss: 0.3451
Epoch [23/300], Loss: 0.3119
Epoch [24/300], Loss: 0.3189
Epoch [25/300], Loss: 0.3089
Epoch [26/300], Loss: 0.3002
Epoch [27/300], Loss: 0.3051
Epoch [28/300], Loss: 0.2773
Epoch [29/300], Loss: 0.2720
Epoch [30/300], Loss: 0.2471
Epoch [31/300], Loss: 0.2793
Epoch [32/300], Loss: 0.2537
Epoch [33/300], Loss: 0.2378
Epoch [34/300], Loss: 0.2699
Epoch [35/300], Loss: 0.2528
Epoch [36/300], Loss: 0.2836
Epoch [37/300], Loss: 0.2387
Epoch [38/300], Loss: 0.2530
Epoch [39/300], Loss: 0.2336
Epoch [40/300], Loss: 0.2292
Epoch [41/300], Loss: 0.2254
Epoch [42/300], Loss: 0.2114
Epoch [43/300], Loss: 0.2121
Epoch [44/300], Loss: 0.2230
Epoch [45/300], Loss: 0.2221
Epoch [46/300], Loss: 0.2247
Epoch [47/300], Loss: 0.2107
Epoch [48/300], Loss: 0.1960
Epoch [49/300], Loss: 0.1965
Epoch [50/300], Loss: 0.2205
Epoch [51/300], Loss: 0.2044
Epoch [52/300], Loss: 0.1849
Epoch [53/300], Loss: 0.1949
Epoch [54/300], Loss: 0.2060
Epoch [55/300], Loss: 0.1864
Epoch [56/300], Loss: 0.2045
Epoch [57/300], Loss: 0.1996
Epoch [58/300], Loss: 0.1890
Epoch [59/300], Loss: 0.1855
Epoch [60/300], Loss: 0.1980
Epoch [61/300], Loss: 0.1760
Epoch [62/300], Loss: 0.1758
Epoch [63/300], Loss: 0.1786
Epoch [64/300], Loss: 0.1653
Epoch [65/300], Loss: 0.1812
Epoch [66/300], Loss: 0.1946
Epoch [67/300], Loss: 0.1699
Epoch [68/300], Loss: 0.1625
Epoch [69/300], Loss: 0.1702
Epoch [70/300], Loss: 0.1722
Epoch [71/300], Loss: 0.1824
Epoch [72/300], Loss: 0.1627
Epoch [73/300], Loss: 0.1565
Epoch [74/300], Loss: 0.1744
Epoch [75/300], Loss: 0.1565
Epoch [76/300], Loss: 0.1835
Epoch [77/300], Loss: 0.1840
Epoch [78/300], Loss: 0.1681
Epoch [79/300], Loss: 0.1520
Epoch [80/300], Loss: 0.1381
Epoch [81/300], Loss: 0.1848
Epoch [82/300], Loss: 0.1854
Epoch [83/300], Loss: 0.1778
Epoch [84/300], Loss: 0.1610
Epoch [85/300], Loss: 0.1561
Epoch [86/300], Loss: 0.1560
Epoch [87/300], Loss: 0.1645
Epoch [88/300], Loss: 0.1715
Epoch [89/300], Loss: 0.1639
Epoch [90/300], Loss: 0.1392
Early stopping triggered.

Training completed in 249.33 seconds.
