[I 2025-12-16 09:58:03,163] Trial 32 finished with value: 1.4631305789298577 and parameters: {'GCN_DIMS': [16, 32], 'GCN_DROPOUT': 0.3, 'TCN_PARAMS': ([64, 64, 64], 3, [1, 3, 9]), 'TCN_DROPOUT': 0.2, 'CLASSIFIER_DIM': 128, 'DOUBLE_HEAD_BCE_WEIGHT': 0.5, 'learning_rate': 0.01}. Best is trial 0 with value: 0.7127601373894947.
==================================================
Fold 1/3
> val sequences: [1, 7, 14, 15, 16, 17, 21, 25, 30, 35, 37, 39, 40, 43, 46, 50, 52, 57, 63, 70, 79, 81, 82, 84, 85, 86, 88, 94, 95, 103, 106]
> Label weights: [0.1 1.  1.  1.  1.  1.  1. ]
> loss: 3.8236
Fold 2/3
> val sequences: [5, 8, 10, 11, 12, 19, 22, 24, 26, 33, 34, 36, 44, 47, 49, 55, 56, 59, 61, 65, 68, 69, 71, 87, 90, 93, 97, 99, 105, 108]
> Label weights: [0.1 1.  1.  1.  1.  1.  1. ]
> loss: 0.8232
Fold 3/3
> val sequences: [2, 4, 20, 28, 29, 31, 38, 41, 48, 53, 60, 62, 66, 67, 73, 75, 76, 77, 78, 80, 89, 91, 92, 96, 98, 100, 101, 102, 104, 107]
> Label weights: [0.1 1.  1.  1.  1.  1.  1. ]
> loss: 0.9641
[I 2025-12-16 09:59:33,164] Trial 33 finished with value: 1.8702999150559314 and parameters: {'GCN_DIMS': [16, 32], 'GCN_DROPOUT': 0.3, 'TCN_PARAMS': ([128, 128], 5, [1, 2]), 'TCN_DROPOUT': 0.2, 'CLASSIFIER_DIM': 32, 'DOUBLE_HEAD_BCE_WEIGHT': 0.5, 'learning_rate': 0.002}. Best is trial 0 with value: 0.7127601373894947.
==================================================
Fold 1/3
> val sequences: [1, 7, 14, 15, 16, 17, 21, 25, 30, 35, 37, 39, 40, 43, 46, 50, 52, 57, 63, 70, 79, 81, 82, 84, 85, 86, 88, 94, 95, 103, 106]
> Label weights: [0.1 1.  1.  1.  1.  1.  1. ]
> loss: 0.8152
Fold 2/3
> val sequences: [5, 8, 10, 11, 12, 19, 22, 24, 26, 33, 34, 36, 44, 47, 49, 55, 56, 59, 61, 65, 68, 69, 71, 87, 90, 93, 97, 99, 105, 108]
> Label weights: [0.1 1.  1.  1.  1.  1.  1. ]
> loss: 2.6750
Fold 3/3
> val sequences: [2, 4, 20, 28, 29, 31, 38, 41, 48, 53, 60, 62, 66, 67, 73, 75, 76, 77, 78, 80, 89, 91, 92, 96, 98, 100, 101, 102, 104, 107]
> Label weights: [0.1 1.  1.  1.  1.  1.  1. ]
> loss: 1.4220
[I 2025-12-16 10:00:53,919] Trial 34 finished with value: 1.6373980682271514 and parameters: {'GCN_DIMS': [16], 'GCN_DROPOUT': 0.2, 'TCN_PARAMS': ([64, 64, 64], 3, [1, 3, 9]), 'TCN_DROPOUT': 0.2, 'CLASSIFIER_DIM': 32, 'DOUBLE_HEAD_BCE_WEIGHT': 0.5, 'learning_rate': 0.002}. Best is trial 0 with value: 0.7127601373894947.
==================================================
Fold 1/3
> val sequences: [1, 7, 14, 15, 16, 17, 21, 25, 30, 35, 37, 39, 40, 43, 46, 50, 52, 57, 63, 70, 79, 81, 82, 84, 85, 86, 88, 94, 95, 103, 106]
> Label weights: [0.1 1.  1.  1.  1.  1.  1. ]
> loss: 0.6818
Fold 2/3
> val sequences: [5, 8, 10, 11, 12, 19, 22, 24, 26, 33, 34, 36, 44, 47, 49, 55, 56, 59, 61, 65, 68, 69, 71, 87, 90, 93, 97, 99, 105, 108]
> Label weights: [0.1 1.  1.  1.  1.  1.  1. ]
> loss: 1.7565
Fold 3/3
> val sequences: [2, 4, 20, 28, 29, 31, 38, 41, 48, 53, 60, 62, 66, 67, 73, 75, 76, 77, 78, 80, 89, 91, 92, 96, 98, 100, 101, 102, 104, 107]
> Label weights: [0.1 1.  1.  1.  1.  1.  1. ]
> loss: 2.1879
[I 2025-12-16 10:01:57,450] Trial 35 finished with value: 1.5420763827436115 and parameters: {'GCN_DIMS': [16], 'GCN_DROPOUT': 0.2, 'TCN_PARAMS': ([64, 128, 256], 3, [1, 2, 4]), 'TCN_DROPOUT': 0.2, 'CLASSIFIER_DIM': 32, 'DOUBLE_HEAD_BCE_WEIGHT': 0.5, 'learning_rate': 0.01}. Best is trial 0 with value: 0.7127601373894947.
==================================================
Fold 1/3
> val sequences: [1, 7, 14, 15, 16, 17, 21, 25, 30, 35, 37, 39, 40, 43, 46, 50, 52, 57, 63, 70, 79, 81, 82, 84, 85, 86, 88, 94, 95, 103, 106]
> Label weights: [0.1 1.  1.  1.  1.  1.  1. ]
> loss: 0.6030
Fold 2/3
> val sequences: [5, 8, 10, 11, 12, 19, 22, 24, 26, 33, 34, 36, 44, 47, 49, 55, 56, 59, 61, 65, 68, 69, 71, 87, 90, 93, 97, 99, 105, 108]
> Label weights: [0.1 1.  1.  1.  1.  1.  1. ]
> loss: 2.0366
Fold 3/3
> val sequences: [2, 4, 20, 28, 29, 31, 38, 41, 48, 53, 60, 62, 66, 67, 73, 75, 76, 77, 78, 80, 89, 91, 92, 96, 98, 100, 101, 102, 104, 107]
> Label weights: [0.1 1.  1.  1.  1.  1.  1. ]
> loss: 1.0071
[I 2025-12-16 10:03:13,499] Trial 36 finished with value: 1.2155723321557252 and parameters: {'GCN_DIMS': [16, 32], 'GCN_DROPOUT': 0.3, 'TCN_PARAMS': ([64, 128, 256], 3, [1, 2, 4]), 'TCN_DROPOUT': 0.3, 'CLASSIFIER_DIM': 128, 'DOUBLE_HEAD_BCE_WEIGHT': 0.1, 'learning_rate': 0.002}. Best is trial 0 with value: 0.7127601373894947.
==================================================
Fold 1/3
> val sequences: [1, 7, 14, 15, 16, 17, 21, 25, 30, 35, 37, 39, 40, 43, 46, 50, 52, 57, 63, 70, 79, 81, 82, 84, 85, 86, 88, 94, 95, 103, 106]
> Label weights: [0.1 1.  1.  1.  1.  1.  1. ]
> loss: 1.2225
Fold 2/3
> val sequences: [5, 8, 10, 11, 12, 19, 22, 24, 26, 33, 34, 36, 44, 47, 49, 55, 56, 59, 61, 65, 68, 69, 71, 87, 90, 93, 97, 99, 105, 108]
> Label weights: [0.1 1.  1.  1.  1.  1.  1. ]
> loss: 1.4483
Fold 3/3
> val sequences: [2, 4, 20, 28, 29, 31, 38, 41, 48, 53, 60, 62, 66, 67, 73, 75, 76, 77, 78, 80, 89, 91, 92, 96, 98, 100, 101, 102, 104, 107]
> Label weights: [0.1 1.  1.  1.  1.  1.  1. ]
> loss: 1.9556
[I 2025-12-16 10:05:13,093] Trial 37 finished with value: 1.542127073007192 and parameters: {'GCN_DIMS': [16, 32, 64], 'GCN_DROPOUT': 0.2, 'TCN_PARAMS': ([64, 128, 256], 3, [1, 2, 4]), 'TCN_DROPOUT': 0.3, 'CLASSIFIER_DIM': 32, 'DOUBLE_HEAD_BCE_WEIGHT': 1.0, 'learning_rate': 0.002}. Best is trial 0 with value: 0.7127601373894947.
==================================================
Fold 1/3
> val sequences: [1, 7, 14, 15, 16, 17, 21, 25, 30, 35, 37, 39, 40, 43, 46, 50, 52, 57, 63, 70, 79, 81, 82, 84, 85, 86, 88, 94, 95, 103, 106]
> Label weights: [0.1 1.  1.  1.  1.  1.  1. ]
> loss: 1.7429
Fold 2/3
> val sequences: [5, 8, 10, 11, 12, 19, 22, 24, 26, 33, 34, 36, 44, 47, 49, 55, 56, 59, 61, 65, 68, 69, 71, 87, 90, 93, 97, 99, 105, 108]
> Label weights: [0.1 1.  1.  1.  1.  1.  1. ]
> loss: 4.4561
Fold 3/3
> val sequences: [2, 4, 20, 28, 29, 31, 38, 41, 48, 53, 60, 62, 66, 67, 73, 75, 76, 77, 78, 80, 89, 91, 92, 96, 98, 100, 101, 102, 104, 107]
> Label weights: [0.1 1.  1.  1.  1.  1.  1. ]
> loss: 1.2936
[I 2025-12-16 10:06:33,470] Trial 38 finished with value: 2.4975250110595852 and parameters: {'GCN_DIMS': [16, 32], 'GCN_DROPOUT': 0.2, 'TCN_PARAMS': ([128, 128], 5, [1, 2]), 'TCN_DROPOUT': 0.2, 'CLASSIFIER_DIM': 64, 'DOUBLE_HEAD_BCE_WEIGHT': 0.5, 'learning_rate': 0.002}. Best is trial 0 with value: 0.7127601373894947.
==================================================
Fold 1/3
> val sequences: [1, 7, 14, 15, 16, 17, 21, 25, 30, 35, 37, 39, 40, 43, 46, 50, 52, 57, 63, 70, 79, 81, 82, 84, 85, 86, 88, 94, 95, 103, 106]
> Label weights: [0.1 1.  1.  1.  1.  1.  1. ]
> loss: 1.6945
Fold 2/3
> val sequences: [5, 8, 10, 11, 12, 19, 22, 24, 26, 33, 34, 36, 44, 47, 49, 55, 56, 59, 61, 65, 68, 69, 71, 87, 90, 93, 97, 99, 105, 108]
> Label weights: [0.1 1.  1.  1.  1.  1.  1. ]
> loss: 1.1146
Fold 3/3
> val sequences: [2, 4, 20, 28, 29, 31, 38, 41, 48, 53, 60, 62, 66, 67, 73, 75, 76, 77, 78, 80, 89, 91, 92, 96, 98, 100, 101, 102, 104, 107]
> Label weights: [0.1 1.  1.  1.  1.  1.  1. ]
> loss: 2.7203
[I 2025-12-16 10:07:14,318] Trial 39 finished with value: 1.8431489456327352 and parameters: {'GCN_DIMS': [16], 'GCN_DROPOUT': 0.3, 'TCN_PARAMS': ([64, 64, 64], 3, [1, 3, 9]), 'TCN_DROPOUT': 0.3, 'CLASSIFIER_DIM': 64, 'DOUBLE_HEAD_BCE_WEIGHT': 1.0, 'learning_rate': 0.002}. Best is trial 0 with value: 0.7127601373894947.
==================================================
Fold 1/3
> val sequences: [1, 7, 14, 15, 16, 17, 21, 25, 30, 35, 37, 39, 40, 43, 46, 50, 52, 57, 63, 70, 79, 81, 82, 84, 85, 86, 88, 94, 95, 103, 106]
> Label weights: [0.1 1.  1.  1.  1.  1.  1. ]
> loss: 1.0030
Fold 2/3
> val sequences: [5, 8, 10, 11, 12, 19, 22, 24, 26, 33, 34, 36, 44, 47, 49, 55, 56, 59, 61, 65, 68, 69, 71, 87, 90, 93, 97, 99, 105, 108]
> Label weights: [0.1 1.  1.  1.  1.  1.  1. ]
> loss: 0.6617
Fold 3/3
> val sequences: [2, 4, 20, 28, 29, 31, 38, 41, 48, 53, 60, 62, 66, 67, 73, 75, 76, 77, 78, 80, 89, 91, 92, 96, 98, 100, 101, 102, 104, 107]
> Label weights: [0.1 1.  1.  1.  1.  1.  1. ]
> loss: 0.9932
[I 2025-12-16 10:09:05,127] Trial 40 finished with value: 0.885981393973058 and parameters: {'GCN_DIMS': [16, 32, 64], 'GCN_DROPOUT': 0.3, 'TCN_PARAMS': ([64, 64, 64], 3, [1, 3, 9]), 'TCN_DROPOUT': 0.3, 'CLASSIFIER_DIM': 32, 'DOUBLE_HEAD_BCE_WEIGHT': 0.1, 'learning_rate': 0.0005}. Best is trial 0 with value: 0.7127601373894947.
==================================================
Fold 1/3
> val sequences: [1, 7, 14, 15, 16, 17, 21, 25, 30, 35, 37, 39, 40, 43, 46, 50, 52, 57, 63, 70, 79, 81, 82, 84, 85, 86, 88, 94, 95, 103, 106]
> Label weights: [0.1 1.  1.  1.  1.  1.  1. ]
> loss: 1.2404
Fold 2/3
> val sequences: [5, 8, 10, 11, 12, 19, 22, 24, 26, 33, 34, 36, 44, 47, 49, 55, 56, 59, 61, 65, 68, 69, 71, 87, 90, 93, 97, 99, 105, 108]
> Label weights: [0.1 1.  1.  1.  1.  1.  1. ]
> loss: 5.6066
Fold 3/3
> val sequences: [2, 4, 20, 28, 29, 31, 38, 41, 48, 53, 60, 62, 66, 67, 73, 75, 76, 77, 78, 80, 89, 91, 92, 96, 98, 100, 101, 102, 104, 107]
> Label weights: [0.1 1.  1.  1.  1.  1.  1. ]
> loss: 0.9411
[I 2025-12-16 10:10:21,217] Trial 41 finished with value: 2.5960348966746345 and parameters: {'GCN_DIMS': [16], 'GCN_DROPOUT': 0.3, 'TCN_PARAMS': ([128, 128], 5, [1, 2]), 'TCN_DROPOUT': 0.3, 'CLASSIFIER_DIM': 128, 'DOUBLE_HEAD_BCE_WEIGHT': 0.1, 'learning_rate': 0.01}. Best is trial 0 with value: 0.7127601373894947.
==================================================
Fold 1/3
> val sequences: [1, 7, 14, 15, 16, 17, 21, 25, 30, 35, 37, 39, 40, 43, 46, 50, 52, 57, 63, 70, 79, 81, 82, 84, 85, 86, 88, 94, 95, 103, 106]
> Label weights: [0.1 1.  1.  1.  1.  1.  1. ]
> loss: 1.5746
Fold 2/3
> val sequences: [5, 8, 10, 11, 12, 19, 22, 24, 26, 33, 34, 36, 44, 47, 49, 55, 56, 59, 61, 65, 68, 69, 71, 87, 90, 93, 97, 99, 105, 108]
> Label weights: [0.1 1.  1.  1.  1.  1.  1. ]
> loss: 1.5566
Fold 3/3
> val sequences: [2, 4, 20, 28, 29, 31, 38, 41, 48, 53, 60, 62, 66, 67, 73, 75, 76, 77, 78, 80, 89, 91, 92, 96, 98, 100, 101, 102, 104, 107]
> Label weights: [0.1 1.  1.  1.  1.  1.  1. ]
> loss: 1.9834
[I 2025-12-16 10:12:20,503] Trial 42 finished with value: 1.7048918933024353 and parameters: {'GCN_DIMS': [16, 32, 64], 'GCN_DROPOUT': 0.2, 'TCN_PARAMS': ([64, 128, 256], 3, [1, 2, 4]), 'TCN_DROPOUT': 0.2, 'CLASSIFIER_DIM': 128, 'DOUBLE_HEAD_BCE_WEIGHT': 1.0, 'learning_rate': 0.01}. Best is trial 0 with value: 0.7127601373894947.
==================================================
Fold 1/3
> val sequences: [1, 7, 14, 15, 16, 17, 21, 25, 30, 35, 37, 39, 40, 43, 46, 50, 52, 57, 63, 70, 79, 81, 82, 84, 85, 86, 88, 94, 95, 103, 106]
> Label weights: [0.1 1.  1.  1.  1.  1.  1. ]
> loss: 0.8473
Fold 2/3
> val sequences: [5, 8, 10, 11, 12, 19, 22, 24, 26, 33, 34, 36, 44, 47, 49, 55, 56, 59, 61, 65, 68, 69, 71, 87, 90, 93, 97, 99, 105, 108]
> Label weights: [0.1 1.  1.  1.  1.  1.  1. ]
> loss: 0.5046
Fold 3/3
> val sequences: [2, 4, 20, 28, 29, 31, 38, 41, 48, 53, 60, 62, 66, 67, 73, 75, 76, 77, 78, 80, 89, 91, 92, 96, 98, 100, 101, 102, 104, 107]
> Label weights: [0.1 1.  1.  1.  1.  1.  1. ]
> loss: 1.1752
[I 2025-12-16 10:13:54,103] Trial 43 finished with value: 0.8423525971043978 and parameters: {'GCN_DIMS': [16, 32], 'GCN_DROPOUT': 0.2, 'TCN_PARAMS': ([64, 64, 64], 3, [1, 3, 9]), 'TCN_DROPOUT': 0.2, 'CLASSIFIER_DIM': 64, 'DOUBLE_HEAD_BCE_WEIGHT': 0.1, 'learning_rate': 0.0005}. Best is trial 0 with value: 0.7127601373894947.
==================================================
Fold 1/3
> val sequences: [1, 7, 14, 15, 16, 17, 21, 25, 30, 35, 37, 39, 40, 43, 46, 50, 52, 57, 63, 70, 79, 81, 82, 84, 85, 86, 88, 94, 95, 103, 106]
> Label weights: [0.1 1.  1.  1.  1.  1.  1. ]
> loss: 1.1247
Fold 2/3
> val sequences: [5, 8, 10, 11, 12, 19, 22, 24, 26, 33, 34, 36, 44, 47, 49, 55, 56, 59, 61, 65, 68, 69, 71, 87, 90, 93, 97, 99, 105, 108]
> Label weights: [0.1 1.  1.  1.  1.  1.  1. ]
> loss: 0.8859
Fold 3/3
> val sequences: [2, 4, 20, 28, 29, 31, 38, 41, 48, 53, 60, 62, 66, 67, 73, 75, 76, 77, 78, 80, 89, 91, 92, 96, 98, 100, 101, 102, 104, 107]
> Label weights: [0.1 1.  1.  1.  1.  1.  1. ]
> loss: 1.0771
[I 2025-12-16 10:15:48,446] Trial 44 finished with value: 1.0292223235272764 and parameters: {'GCN_DIMS': [16, 32, 64], 'GCN_DROPOUT': 0.3, 'TCN_PARAMS': ([64, 128, 256], 3, [1, 2, 4]), 'TCN_DROPOUT': 0.2, 'CLASSIFIER_DIM': 64, 'DOUBLE_HEAD_BCE_WEIGHT': 0.1, 'learning_rate': 0.0005}. Best is trial 0 with value: 0.7127601373894947.
==================================================
Fold 1/3
> val sequences: [1, 7, 14, 15, 16, 17, 21, 25, 30, 35, 37, 39, 40, 43, 46, 50, 52, 57, 63, 70, 79, 81, 82, 84, 85, 86, 88, 94, 95, 103, 106]
> Label weights: [0.1 1.  1.  1.  1.  1.  1. ]
> loss: 2.5093
Fold 2/3
> val sequences: [5, 8, 10, 11, 12, 19, 22, 24, 26, 33, 34, 36, 44, 47, 49, 55, 56, 59, 61, 65, 68, 69, 71, 87, 90, 93, 97, 99, 105, 108]
> Label weights: [0.1 1.  1.  1.  1.  1.  1. ]
> loss: 2.6177
Fold 3/3
> val sequences: [2, 4, 20, 28, 29, 31, 38, 41, 48, 53, 60, 62, 66, 67, 73, 75, 76, 77, 78, 80, 89, 91, 92, 96, 98, 100, 101, 102, 104, 107]
> Label weights: [0.1 1.  1.  1.  1.  1.  1. ]
> loss: 2.5582
[I 2025-12-16 10:17:44,759] Trial 45 finished with value: 2.561716886089699 and parameters: {'GCN_DIMS': [16, 32, 64], 'GCN_DROPOUT': 0.3, 'TCN_PARAMS': ([64, 128, 256], 3, [1, 2, 4]), 'TCN_DROPOUT': 0.2, 'CLASSIFIER_DIM': 64, 'DOUBLE_HEAD_BCE_WEIGHT': 1.0, 'learning_rate': 0.01}. Best is trial 0 with value: 0.7127601373894947.
==================================================
Fold 1/3
> val sequences: [1, 7, 14, 15, 16, 17, 21, 25, 30, 35, 37, 39, 40, 43, 46, 50, 52, 57, 63, 70, 79, 81, 82, 84, 85, 86, 88, 94, 95, 103, 106]
> Label weights: [0.1 1.  1.  1.  1.  1.  1. ]
> loss: 0.5380
Fold 2/3
> val sequences: [5, 8, 10, 11, 12, 19, 22, 24, 26, 33, 34, 36, 44, 47, 49, 55, 56, 59, 61, 65, 68, 69, 71, 87, 90, 93, 97, 99, 105, 108]
> Label weights: [0.1 1.  1.  1.  1.  1.  1. ]
> loss: 0.4653
Fold 3/3
> val sequences: [2, 4, 20, 28, 29, 31, 38, 41, 48, 53, 60, 62, 66, 67, 73, 75, 76, 77, 78, 80, 89, 91, 92, 96, 98, 100, 101, 102, 104, 107]
> Label weights: [0.1 1.  1.  1.  1.  1.  1. ]
> loss: 0.9131
[I 2025-12-16 10:19:04,851] Trial 46 finished with value: 0.6387999997090933 and parameters: {'GCN_DIMS': [16], 'GCN_DROPOUT': 0.2, 'TCN_PARAMS': ([64, 64, 64], 3, [1, 3, 9]), 'TCN_DROPOUT': 0.3, 'CLASSIFIER_DIM': 64, 'DOUBLE_HEAD_BCE_WEIGHT': 0.1, 'learning_rate': 0.0005}. Best is trial 46 with value: 0.6387999997090933.
==================================================
Fold 1/3
> val sequences: [1, 7, 14, 15, 16, 17, 21, 25, 30, 35, 37, 39, 40, 43, 46, 50, 52, 57, 63, 70, 79, 81, 82, 84, 85, 86, 88, 94, 95, 103, 106]
> Label weights: [0.1 1.  1.  1.  1.  1.  1. ]
> loss: 1.2931
Fold 2/3
> val sequences: [5, 8, 10, 11, 12, 19, 22, 24, 26, 33, 34, 36, 44, 47, 49, 55, 56, 59, 61, 65, 68, 69, 71, 87, 90, 93, 97, 99, 105, 108]
> Label weights: [0.1 1.  1.  1.  1.  1.  1. ]
> loss: 5.3115
Fold 3/3
> val sequences: [2, 4, 20, 28, 29, 31, 38, 41, 48, 53, 60, 62, 66, 67, 73, 75, 76, 77, 78, 80, 89, 91, 92, 96, 98, 100, 101, 102, 104, 107]
> Label weights: [0.1 1.  1.  1.  1.  1.  1. ]
> loss: 3.0342
[I 2025-12-16 10:20:42,006] Trial 47 finished with value: 3.212927973112556 and parameters: {'GCN_DIMS': [16, 32], 'GCN_DROPOUT': 0.3, 'TCN_PARAMS': ([64, 64, 64], 3, [1, 2, 4]), 'TCN_DROPOUT': 0.2, 'CLASSIFIER_DIM': 32, 'DOUBLE_HEAD_BCE_WEIGHT': 0.1, 'learning_rate': 0.01}. Best is trial 46 with value: 0.6387999997090933.
==================================================
Fold 1/3
> val sequences: [1, 7, 14, 15, 16, 17, 21, 25, 30, 35, 37, 39, 40, 43, 46, 50, 52, 57, 63, 70, 79, 81, 82, 84, 85, 86, 88, 94, 95, 103, 106]
> Label weights: [0.1 1.  1.  1.  1.  1.  1. ]
> loss: 2.6431
Fold 2/3
> val sequences: [5, 8, 10, 11, 12, 19, 22, 24, 26, 33, 34, 36, 44, 47, 49, 55, 56, 59, 61, 65, 68, 69, 71, 87, 90, 93, 97, 99, 105, 108]
> Label weights: [0.1 1.  1.  1.  1.  1.  1. ]
> loss: 5.7742
Fold 3/3
> val sequences: [2, 4, 20, 28, 29, 31, 38, 41, 48, 53, 60, 62, 66, 67, 73, 75, 76, 77, 78, 80, 89, 91, 92, 96, 98, 100, 101, 102, 104, 107]
> Label weights: [0.1 1.  1.  1.  1.  1.  1. ]
> loss: 15.8814
[I 2025-12-16 10:22:30,449] Trial 48 finished with value: 8.099554679573137 and parameters: {'GCN_DIMS': [16, 32, 64], 'GCN_DROPOUT': 0.3, 'TCN_PARAMS': ([64, 64, 64], 3, [1, 3, 9]), 'TCN_DROPOUT': 0.2, 'CLASSIFIER_DIM': 32, 'DOUBLE_HEAD_BCE_WEIGHT': 0.5, 'learning_rate': 0.01}. Best is trial 46 with value: 0.6387999997090933.
==================================================
Fold 1/3
> val sequences: [1, 7, 14, 15, 16, 17, 21, 25, 30, 35, 37, 39, 40, 43, 46, 50, 52, 57, 63, 70, 79, 81, 82, 84, 85, 86, 88, 94, 95, 103, 106]
> Label weights: [0.1 1.  1.  1.  1.  1.  1. ]
> loss: 1.5192
Fold 2/3
> val sequences: [5, 8, 10, 11, 12, 19, 22, 24, 26, 33, 34, 36, 44, 47, 49, 55, 56, 59, 61, 65, 68, 69, 71, 87, 90, 93, 97, 99, 105, 108]
> Label weights: [0.1 1.  1.  1.  1.  1.  1. ]
> loss: 1.5780
Fold 3/3
> val sequences: [2, 4, 20, 28, 29, 31, 38, 41, 48, 53, 60, 62, 66, 67, 73, 75, 76, 77, 78, 80, 89, 91, 92, 96, 98, 100, 101, 102, 104, 107]
> Label weights: [0.1 1.  1.  1.  1.  1.  1. ]
> loss: 2.0428
