[I 2025-12-16 09:26:26,123] Trial 11 finished with value: 1.3766205063926469 and parameters: {'GCN_DIMS': [16, 32, 64], 'GCN_DROPOUT': 0.3, 'TCN_PARAMS': ([64, 64, 64], 3, [1, 2, 4]), 'TCN_DROPOUT': 0.2, 'CLASSIFIER_DIM': 64, 'DOUBLE_HEAD_BCE_WEIGHT': 1.0, 'learning_rate': 0.01}. Best is trial 0 with value: 0.7127601373894947.
==================================================
Fold 1/3
> val sequences: [1, 7, 14, 15, 16, 17, 21, 25, 30, 35, 37, 39, 40, 43, 46, 50, 52, 57, 63, 70, 79, 81, 82, 84, 85, 86, 88, 94, 95, 103, 106]
> Label weights: [0.1 1.  1.  1.  1.  1.  1. ]
> loss: 1.2019
Fold 2/3
> val sequences: [5, 8, 10, 11, 12, 19, 22, 24, 26, 33, 34, 36, 44, 47, 49, 55, 56, 59, 61, 65, 68, 69, 71, 87, 90, 93, 97, 99, 105, 108]
> Label weights: [0.1 1.  1.  1.  1.  1.  1. ]
> loss: 0.8772
Fold 3/3
> val sequences: [2, 4, 20, 28, 29, 31, 38, 41, 48, 53, 60, 62, 66, 67, 73, 75, 76, 77, 78, 80, 89, 91, 92, 96, 98, 100, 101, 102, 104, 107]
> Label weights: [0.1 1.  1.  1.  1.  1.  1. ]
> loss: 1.1532
[I 2025-12-16 09:28:03,090] Trial 12 finished with value: 1.0774249386824861 and parameters: {'GCN_DIMS': [16, 32], 'GCN_DROPOUT': 0.3, 'TCN_PARAMS': ([64, 64, 64], 3, [1, 3, 9]), 'TCN_DROPOUT': 0.3, 'CLASSIFIER_DIM': 128, 'DOUBLE_HEAD_BCE_WEIGHT': 0.5, 'learning_rate': 0.0005}. Best is trial 0 with value: 0.7127601373894947.
==================================================
Fold 1/3
> val sequences: [1, 7, 14, 15, 16, 17, 21, 25, 30, 35, 37, 39, 40, 43, 46, 50, 52, 57, 63, 70, 79, 81, 82, 84, 85, 86, 88, 94, 95, 103, 106]
> Label weights: [0.1 1.  1.  1.  1.  1.  1. ]
> loss: 0.9654
Fold 2/3
> val sequences: [5, 8, 10, 11, 12, 19, 22, 24, 26, 33, 34, 36, 44, 47, 49, 55, 56, 59, 61, 65, 68, 69, 71, 87, 90, 93, 97, 99, 105, 108]
> Label weights: [0.1 1.  1.  1.  1.  1.  1. ]
> loss: 2.1243
Fold 3/3
> val sequences: [2, 4, 20, 28, 29, 31, 38, 41, 48, 53, 60, 62, 66, 67, 73, 75, 76, 77, 78, 80, 89, 91, 92, 96, 98, 100, 101, 102, 104, 107]
> Label weights: [0.1 1.  1.  1.  1.  1.  1. ]
> loss: 3.3323
[I 2025-12-16 09:29:42,466] Trial 13 finished with value: 2.1406601565400893 and parameters: {'GCN_DIMS': [16, 32], 'GCN_DROPOUT': 0.3, 'TCN_PARAMS': ([64, 64, 64], 3, [1, 3, 9]), 'TCN_DROPOUT': 0.3, 'CLASSIFIER_DIM': 64, 'DOUBLE_HEAD_BCE_WEIGHT': 0.5, 'learning_rate': 0.01}. Best is trial 0 with value: 0.7127601373894947.
==================================================
Fold 1/3
> val sequences: [1, 7, 14, 15, 16, 17, 21, 25, 30, 35, 37, 39, 40, 43, 46, 50, 52, 57, 63, 70, 79, 81, 82, 84, 85, 86, 88, 94, 95, 103, 106]
> Label weights: [0.1 1.  1.  1.  1.  1.  1. ]
> loss: 1.3576
Fold 2/3
> val sequences: [5, 8, 10, 11, 12, 19, 22, 24, 26, 33, 34, 36, 44, 47, 49, 55, 56, 59, 61, 65, 68, 69, 71, 87, 90, 93, 97, 99, 105, 108]
> Label weights: [0.1 1.  1.  1.  1.  1.  1. ]
> loss: 1.3950
Fold 3/3
> val sequences: [2, 4, 20, 28, 29, 31, 38, 41, 48, 53, 60, 62, 66, 67, 73, 75, 76, 77, 78, 80, 89, 91, 92, 96, 98, 100, 101, 102, 104, 107]
> Label weights: [0.1 1.  1.  1.  1.  1.  1. ]
> loss: 2.9826
[I 2025-12-16 09:31:13,602] Trial 14 finished with value: 1.911754096321508 and parameters: {'GCN_DIMS': [16, 32], 'GCN_DROPOUT': 0.2, 'TCN_PARAMS': ([128, 128], 5, [1, 2]), 'TCN_DROPOUT': 0.2, 'CLASSIFIER_DIM': 32, 'DOUBLE_HEAD_BCE_WEIGHT': 1.0, 'learning_rate': 0.002}. Best is trial 0 with value: 0.7127601373894947.
==================================================
Fold 1/3
> val sequences: [1, 7, 14, 15, 16, 17, 21, 25, 30, 35, 37, 39, 40, 43, 46, 50, 52, 57, 63, 70, 79, 81, 82, 84, 85, 86, 88, 94, 95, 103, 106]
> Label weights: [0.1 1.  1.  1.  1.  1.  1. ]
> loss: 1.0628
Fold 2/3
> val sequences: [5, 8, 10, 11, 12, 19, 22, 24, 26, 33, 34, 36, 44, 47, 49, 55, 56, 59, 61, 65, 68, 69, 71, 87, 90, 93, 97, 99, 105, 108]
> Label weights: [0.1 1.  1.  1.  1.  1.  1. ]
> loss: 1.2269
Fold 3/3
> val sequences: [2, 4, 20, 28, 29, 31, 38, 41, 48, 53, 60, 62, 66, 67, 73, 75, 76, 77, 78, 80, 89, 91, 92, 96, 98, 100, 101, 102, 104, 107]
> Label weights: [0.1 1.  1.  1.  1.  1.  1. ]
> loss: 2.3456
[I 2025-12-16 09:32:11,545] Trial 15 finished with value: 1.5450601524684118 and parameters: {'GCN_DIMS': [16, 32], 'GCN_DROPOUT': 0.3, 'TCN_PARAMS': ([64, 64, 64], 3, [1, 2, 4]), 'TCN_DROPOUT': 0.2, 'CLASSIFIER_DIM': 32, 'DOUBLE_HEAD_BCE_WEIGHT': 0.5, 'learning_rate': 0.01}. Best is trial 0 with value: 0.7127601373894947.
==================================================
Fold 1/3
> val sequences: [1, 7, 14, 15, 16, 17, 21, 25, 30, 35, 37, 39, 40, 43, 46, 50, 52, 57, 63, 70, 79, 81, 82, 84, 85, 86, 88, 94, 95, 103, 106]
> Label weights: [0.1 1.  1.  1.  1.  1.  1. ]
> loss: 1.7841
Fold 2/3
> val sequences: [5, 8, 10, 11, 12, 19, 22, 24, 26, 33, 34, 36, 44, 47, 49, 55, 56, 59, 61, 65, 68, 69, 71, 87, 90, 93, 97, 99, 105, 108]
> Label weights: [0.1 1.  1.  1.  1.  1.  1. ]
> loss: 1.3736
Fold 3/3
> val sequences: [2, 4, 20, 28, 29, 31, 38, 41, 48, 53, 60, 62, 66, 67, 73, 75, 76, 77, 78, 80, 89, 91, 92, 96, 98, 100, 101, 102, 104, 107]
> Label weights: [0.1 1.  1.  1.  1.  1.  1. ]
> loss: 2.0793
[I 2025-12-16 09:34:02,209] Trial 16 finished with value: 1.745637124013693 and parameters: {'GCN_DIMS': [16, 32, 64], 'GCN_DROPOUT': 0.3, 'TCN_PARAMS': ([64, 128, 256], 3, [1, 2, 4]), 'TCN_DROPOUT': 0.3, 'CLASSIFIER_DIM': 128, 'DOUBLE_HEAD_BCE_WEIGHT': 1.0, 'learning_rate': 0.002}. Best is trial 0 with value: 0.7127601373894947.
==================================================
Fold 1/3
> val sequences: [1, 7, 14, 15, 16, 17, 21, 25, 30, 35, 37, 39, 40, 43, 46, 50, 52, 57, 63, 70, 79, 81, 82, 84, 85, 86, 88, 94, 95, 103, 106]
> Label weights: [0.1 1.  1.  1.  1.  1.  1. ]
> loss: 1.5490
Fold 2/3
> val sequences: [5, 8, 10, 11, 12, 19, 22, 24, 26, 33, 34, 36, 44, 47, 49, 55, 56, 59, 61, 65, 68, 69, 71, 87, 90, 93, 97, 99, 105, 108]
> Label weights: [0.1 1.  1.  1.  1.  1.  1. ]
> loss: 1.8699
Fold 3/3
> val sequences: [2, 4, 20, 28, 29, 31, 38, 41, 48, 53, 60, 62, 66, 67, 73, 75, 76, 77, 78, 80, 89, 91, 92, 96, 98, 100, 101, 102, 104, 107]
> Label weights: [0.1 1.  1.  1.  1.  1.  1. ]
> loss: 2.0690
[I 2025-12-16 09:34:56,832] Trial 17 finished with value: 1.8292695287347864 and parameters: {'GCN_DIMS': [16], 'GCN_DROPOUT': 0.2, 'TCN_PARAMS': ([64, 128, 256], 3, [1, 2, 4]), 'TCN_DROPOUT': 0.3, 'CLASSIFIER_DIM': 32, 'DOUBLE_HEAD_BCE_WEIGHT': 1.0, 'learning_rate': 0.01}. Best is trial 0 with value: 0.7127601373894947.
==================================================
Fold 1/3
> val sequences: [1, 7, 14, 15, 16, 17, 21, 25, 30, 35, 37, 39, 40, 43, 46, 50, 52, 57, 63, 70, 79, 81, 82, 84, 85, 86, 88, 94, 95, 103, 106]
> Label weights: [0.1 1.  1.  1.  1.  1.  1. ]
> loss: 1.4890
Fold 2/3
> val sequences: [5, 8, 10, 11, 12, 19, 22, 24, 26, 33, 34, 36, 44, 47, 49, 55, 56, 59, 61, 65, 68, 69, 71, 87, 90, 93, 97, 99, 105, 108]
> Label weights: [0.1 1.  1.  1.  1.  1.  1. ]
> loss: 1.1774
Fold 3/3
> val sequences: [2, 4, 20, 28, 29, 31, 38, 41, 48, 53, 60, 62, 66, 67, 73, 75, 76, 77, 78, 80, 89, 91, 92, 96, 98, 100, 101, 102, 104, 107]
> Label weights: [0.1 1.  1.  1.  1.  1.  1. ]
> loss: 2.2568
[I 2025-12-16 09:36:45,927] Trial 18 finished with value: 1.6410566616908433 and parameters: {'GCN_DIMS': [16, 32, 64], 'GCN_DROPOUT': 0.3, 'TCN_PARAMS': ([64, 64, 64], 3, [1, 2, 4]), 'TCN_DROPOUT': 0.2, 'CLASSIFIER_DIM': 64, 'DOUBLE_HEAD_BCE_WEIGHT': 0.1, 'learning_rate': 0.002}. Best is trial 0 with value: 0.7127601373894947.
==================================================
Fold 1/3
> val sequences: [1, 7, 14, 15, 16, 17, 21, 25, 30, 35, 37, 39, 40, 43, 46, 50, 52, 57, 63, 70, 79, 81, 82, 84, 85, 86, 88, 94, 95, 103, 106]
> Label weights: [0.1 1.  1.  1.  1.  1.  1. ]
> loss: 0.9503
Fold 2/3
> val sequences: [5, 8, 10, 11, 12, 19, 22, 24, 26, 33, 34, 36, 44, 47, 49, 55, 56, 59, 61, 65, 68, 69, 71, 87, 90, 93, 97, 99, 105, 108]
> Label weights: [0.1 1.  1.  1.  1.  1.  1. ]
> loss: 0.7670
Fold 3/3
> val sequences: [2, 4, 20, 28, 29, 31, 38, 41, 48, 53, 60, 62, 66, 67, 73, 75, 76, 77, 78, 80, 89, 91, 92, 96, 98, 100, 101, 102, 104, 107]
> Label weights: [0.1 1.  1.  1.  1.  1.  1. ]
> loss: 1.0104
[I 2025-12-16 09:38:23,136] Trial 19 finished with value: 0.909231624143923 and parameters: {'GCN_DIMS': [16, 32], 'GCN_DROPOUT': 0.3, 'TCN_PARAMS': ([64, 64, 64], 3, [1, 3, 9]), 'TCN_DROPOUT': 0.2, 'CLASSIFIER_DIM': 128, 'DOUBLE_HEAD_BCE_WEIGHT': 0.5, 'learning_rate': 0.0005}. Best is trial 0 with value: 0.7127601373894947.
==================================================
Fold 1/3
> val sequences: [1, 7, 14, 15, 16, 17, 21, 25, 30, 35, 37, 39, 40, 43, 46, 50, 52, 57, 63, 70, 79, 81, 82, 84, 85, 86, 88, 94, 95, 103, 106]
> Label weights: [0.1 1.  1.  1.  1.  1.  1. ]
> loss: 1.3376
Fold 2/3
> val sequences: [5, 8, 10, 11, 12, 19, 22, 24, 26, 33, 34, 36, 44, 47, 49, 55, 56, 59, 61, 65, 68, 69, 71, 87, 90, 93, 97, 99, 105, 108]
> Label weights: [0.1 1.  1.  1.  1.  1.  1. ]
> loss: 0.8590
Fold 3/3
> val sequences: [2, 4, 20, 28, 29, 31, 38, 41, 48, 53, 60, 62, 66, 67, 73, 75, 76, 77, 78, 80, 89, 91, 92, 96, 98, 100, 101, 102, 104, 107]
> Label weights: [0.1 1.  1.  1.  1.  1.  1. ]
> loss: 1.1528
[I 2025-12-16 09:40:00,170] Trial 20 finished with value: 1.1164713922107112 and parameters: {'GCN_DIMS': [16, 32], 'GCN_DROPOUT': 0.3, 'TCN_PARAMS': ([64, 64, 64], 3, [1, 2, 4]), 'TCN_DROPOUT': 0.3, 'CLASSIFIER_DIM': 64, 'DOUBLE_HEAD_BCE_WEIGHT': 0.1, 'learning_rate': 0.002}. Best is trial 0 with value: 0.7127601373894947.
==================================================
Fold 1/3
> val sequences: [1, 7, 14, 15, 16, 17, 21, 25, 30, 35, 37, 39, 40, 43, 46, 50, 52, 57, 63, 70, 79, 81, 82, 84, 85, 86, 88, 94, 95, 103, 106]
> Label weights: [0.1 1.  1.  1.  1.  1.  1. ]
> loss: 0.8257
Fold 2/3
> val sequences: [5, 8, 10, 11, 12, 19, 22, 24, 26, 33, 34, 36, 44, 47, 49, 55, 56, 59, 61, 65, 68, 69, 71, 87, 90, 93, 97, 99, 105, 108]
> Label weights: [0.1 1.  1.  1.  1.  1.  1. ]
> loss: 0.4630
Fold 3/3
> val sequences: [2, 4, 20, 28, 29, 31, 38, 41, 48, 53, 60, 62, 66, 67, 73, 75, 76, 77, 78, 80, 89, 91, 92, 96, 98, 100, 101, 102, 104, 107]
> Label weights: [0.1 1.  1.  1.  1.  1.  1. ]
> loss: 0.9880
[I 2025-12-16 09:41:31,229] Trial 21 finished with value: 0.7588884545544196 and parameters: {'GCN_DIMS': [16, 32], 'GCN_DROPOUT': 0.2, 'TCN_PARAMS': ([128, 128], 5, [1, 2]), 'TCN_DROPOUT': 0.3, 'CLASSIFIER_DIM': 128, 'DOUBLE_HEAD_BCE_WEIGHT': 0.1, 'learning_rate': 0.0005}. Best is trial 0 with value: 0.7127601373894947.
==================================================
Fold 1/3
> val sequences: [1, 7, 14, 15, 16, 17, 21, 25, 30, 35, 37, 39, 40, 43, 46, 50, 52, 57, 63, 70, 79, 81, 82, 84, 85, 86, 88, 94, 95, 103, 106]
> Label weights: [0.1 1.  1.  1.  1.  1.  1. ]
> loss: 7.6791
Fold 2/3
> val sequences: [5, 8, 10, 11, 12, 19, 22, 24, 26, 33, 34, 36, 44, 47, 49, 55, 56, 59, 61, 65, 68, 69, 71, 87, 90, 93, 97, 99, 105, 108]
> Label weights: [0.1 1.  1.  1.  1.  1.  1. ]
> loss: 1.7575
Fold 3/3
> val sequences: [2, 4, 20, 28, 29, 31, 38, 41, 48, 53, 60, 62, 66, 67, 73, 75, 76, 77, 78, 80, 89, 91, 92, 96, 98, 100, 101, 102, 104, 107]
> Label weights: [0.1 1.  1.  1.  1.  1.  1. ]
> loss: 1.3109
[I 2025-12-16 09:43:14,137] Trial 22 finished with value: 3.582479747242782 and parameters: {'GCN_DIMS': [16, 32], 'GCN_DROPOUT': 0.3, 'TCN_PARAMS': ([64, 128, 256], 3, [1, 2, 4]), 'TCN_DROPOUT': 0.3, 'CLASSIFIER_DIM': 64, 'DOUBLE_HEAD_BCE_WEIGHT': 0.5, 'learning_rate': 0.01}. Best is trial 0 with value: 0.7127601373894947.
==================================================
Fold 1/3
> val sequences: [1, 7, 14, 15, 16, 17, 21, 25, 30, 35, 37, 39, 40, 43, 46, 50, 52, 57, 63, 70, 79, 81, 82, 84, 85, 86, 88, 94, 95, 103, 106]
> Label weights: [0.1 1.  1.  1.  1.  1.  1. ]
> loss: 1.2024
Fold 2/3
> val sequences: [5, 8, 10, 11, 12, 19, 22, 24, 26, 33, 34, 36, 44, 47, 49, 55, 56, 59, 61, 65, 68, 69, 71, 87, 90, 93, 97, 99, 105, 108]
> Label weights: [0.1 1.  1.  1.  1.  1.  1. ]
> loss: 0.8000
Fold 3/3
> val sequences: [2, 4, 20, 28, 29, 31, 38, 41, 48, 53, 60, 62, 66, 67, 73, 75, 76, 77, 78, 80, 89, 91, 92, 96, 98, 100, 101, 102, 104, 107]
> Label weights: [0.1 1.  1.  1.  1.  1.  1. ]
> loss: 1.5476
[I 2025-12-16 09:44:46,267] Trial 23 finished with value: 1.1833686489630137 and parameters: {'GCN_DIMS': [16, 32], 'GCN_DROPOUT': 0.3, 'TCN_PARAMS': ([128, 128], 5, [1, 2]), 'TCN_DROPOUT': 0.2, 'CLASSIFIER_DIM': 128, 'DOUBLE_HEAD_BCE_WEIGHT': 0.5, 'learning_rate': 0.002}. Best is trial 0 with value: 0.7127601373894947.
==================================================
Fold 1/3
> val sequences: [1, 7, 14, 15, 16, 17, 21, 25, 30, 35, 37, 39, 40, 43, 46, 50, 52, 57, 63, 70, 79, 81, 82, 84, 85, 86, 88, 94, 95, 103, 106]
> Label weights: [0.1 1.  1.  1.  1.  1.  1. ]
> loss: 0.6992
Fold 2/3
> val sequences: [5, 8, 10, 11, 12, 19, 22, 24, 26, 33, 34, 36, 44, 47, 49, 55, 56, 59, 61, 65, 68, 69, 71, 87, 90, 93, 97, 99, 105, 108]
> Label weights: [0.1 1.  1.  1.  1.  1.  1. ]
> loss: 2.0185
Fold 3/3
> val sequences: [2, 4, 20, 28, 29, 31, 38, 41, 48, 53, 60, 62, 66, 67, 73, 75, 76, 77, 78, 80, 89, 91, 92, 96, 98, 100, 101, 102, 104, 107]
> Label weights: [0.1 1.  1.  1.  1.  1.  1. ]
> loss: 4.7626
[I 2025-12-16 09:46:08,745] Trial 24 finished with value: 2.493469169683571 and parameters: {'GCN_DIMS': [16], 'GCN_DROPOUT': 0.3, 'TCN_PARAMS': ([64, 128, 256], 3, [1, 2, 4]), 'TCN_DROPOUT': 0.3, 'CLASSIFIER_DIM': 128, 'DOUBLE_HEAD_BCE_WEIGHT': 0.5, 'learning_rate': 0.002}. Best is trial 0 with value: 0.7127601373894947.
==================================================
Fold 1/3
> val sequences: [1, 7, 14, 15, 16, 17, 21, 25, 30, 35, 37, 39, 40, 43, 46, 50, 52, 57, 63, 70, 79, 81, 82, 84, 85, 86, 88, 94, 95, 103, 106]
> Label weights: [0.1 1.  1.  1.  1.  1.  1. ]
> loss: 2.0268
Fold 2/3
> val sequences: [5, 8, 10, 11, 12, 19, 22, 24, 26, 33, 34, 36, 44, 47, 49, 55, 56, 59, 61, 65, 68, 69, 71, 87, 90, 93, 97, 99, 105, 108]
> Label weights: [0.1 1.  1.  1.  1.  1.  1. ]
> loss: 0.9433
Fold 3/3
> val sequences: [2, 4, 20, 28, 29, 31, 38, 41, 48, 53, 60, 62, 66, 67, 73, 75, 76, 77, 78, 80, 89, 91, 92, 96, 98, 100, 101, 102, 104, 107]
> Label weights: [0.1 1.  1.  1.  1.  1.  1. ]
> loss: 1.3421
[I 2025-12-16 09:47:34,222] Trial 25 finished with value: 1.4374044071488399 and parameters: {'GCN_DIMS': [16], 'GCN_DROPOUT': 0.2, 'TCN_PARAMS': ([64, 128, 256], 3, [1, 2, 4]), 'TCN_DROPOUT': 0.2, 'CLASSIFIER_DIM': 32, 'DOUBLE_HEAD_BCE_WEIGHT': 0.5, 'learning_rate': 0.002}. Best is trial 0 with value: 0.7127601373894947.
==================================================
Fold 1/3
> val sequences: [1, 7, 14, 15, 16, 17, 21, 25, 30, 35, 37, 39, 40, 43, 46, 50, 52, 57, 63, 70, 79, 81, 82, 84, 85, 86, 88, 94, 95, 103, 106]
> Label weights: [0.1 1.  1.  1.  1.  1.  1. ]
> loss: 1.7956
Fold 2/3
> val sequences: [5, 8, 10, 11, 12, 19, 22, 24, 26, 33, 34, 36, 44, 47, 49, 55, 56, 59, 61, 65, 68, 69, 71, 87, 90, 93, 97, 99, 105, 108]
> Label weights: [0.1 1.  1.  1.  1.  1.  1. ]
> loss: 0.7477
Fold 3/3
> val sequences: [2, 4, 20, 28, 29, 31, 38, 41, 48, 53, 60, 62, 66, 67, 73, 75, 76, 77, 78, 80, 89, 91, 92, 96, 98, 100, 101, 102, 104, 107]
> Label weights: [0.1 1.  1.  1.  1.  1.  1. ]
> loss: 1.1922
[I 2025-12-16 09:48:52,408] Trial 26 finished with value: 1.2451750833050517 and parameters: {'GCN_DIMS': [16], 'GCN_DROPOUT': 0.3, 'TCN_PARAMS': ([64, 64, 64], 3, [1, 2, 4]), 'TCN_DROPOUT': 0.2, 'CLASSIFIER_DIM': 32, 'DOUBLE_HEAD_BCE_WEIGHT': 0.1, 'learning_rate': 0.002}. Best is trial 0 with value: 0.7127601373894947.
==================================================
Fold 1/3
> val sequences: [1, 7, 14, 15, 16, 17, 21, 25, 30, 35, 37, 39, 40, 43, 46, 50, 52, 57, 63, 70, 79, 81, 82, 84, 85, 86, 88, 94, 95, 103, 106]
> Label weights: [0.1 1.  1.  1.  1.  1.  1. ]
> loss: 1.1478
Fold 2/3
> val sequences: [5, 8, 10, 11, 12, 19, 22, 24, 26, 33, 34, 36, 44, 47, 49, 55, 56, 59, 61, 65, 68, 69, 71, 87, 90, 93, 97, 99, 105, 108]
> Label weights: [0.1 1.  1.  1.  1.  1.  1. ]
> loss: 1.0132
Fold 3/3
> val sequences: [2, 4, 20, 28, 29, 31, 38, 41, 48, 53, 60, 62, 66, 67, 73, 75, 76, 77, 78, 80, 89, 91, 92, 96, 98, 100, 101, 102, 104, 107]
> Label weights: [0.1 1.  1.  1.  1.  1.  1. ]
> loss: 1.1326
[I 2025-12-16 09:50:21,166] Trial 27 finished with value: 1.0978880771112032 and parameters: {'GCN_DIMS': [16], 'GCN_DROPOUT': 0.2, 'TCN_PARAMS': ([64, 128, 256], 3, [1, 2, 4]), 'TCN_DROPOUT': 0.3, 'CLASSIFIER_DIM': 128, 'DOUBLE_HEAD_BCE_WEIGHT': 1.0, 'learning_rate': 0.0005}. Best is trial 0 with value: 0.7127601373894947.
==================================================
Fold 1/3
> val sequences: [1, 7, 14, 15, 16, 17, 21, 25, 30, 35, 37, 39, 40, 43, 46, 50, 52, 57, 63, 70, 79, 81, 82, 84, 85, 86, 88, 94, 95, 103, 106]
> Label weights: [0.1 1.  1.  1.  1.  1.  1. ]
> loss: 0.9344
Fold 2/3
> val sequences: [5, 8, 10, 11, 12, 19, 22, 24, 26, 33, 34, 36, 44, 47, 49, 55, 56, 59, 61, 65, 68, 69, 71, 87, 90, 93, 97, 99, 105, 108]
> Label weights: [0.1 1.  1.  1.  1.  1.  1. ]
> loss: 1.1430
Fold 3/3
> val sequences: [2, 4, 20, 28, 29, 31, 38, 41, 48, 53, 60, 62, 66, 67, 73, 75, 76, 77, 78, 80, 89, 91, 92, 96, 98, 100, 101, 102, 104, 107]
> Label weights: [0.1 1.  1.  1.  1.  1.  1. ]
> loss: 0.4635
[I 2025-12-16 09:51:54,171] Trial 28 finished with value: 0.8469794429795522 and parameters: {'GCN_DIMS': [16, 32, 64], 'GCN_DROPOUT': 0.2, 'TCN_PARAMS': ([128, 128], 5, [1, 2]), 'TCN_DROPOUT': 0.2, 'CLASSIFIER_DIM': 32, 'DOUBLE_HEAD_BCE_WEIGHT': 0.1, 'learning_rate': 0.01}. Best is trial 0 with value: 0.7127601373894947.
==================================================
Fold 1/3
> val sequences: [1, 7, 14, 15, 16, 17, 21, 25, 30, 35, 37, 39, 40, 43, 46, 50, 52, 57, 63, 70, 79, 81, 82, 84, 85, 86, 88, 94, 95, 103, 106]
> Label weights: [0.1 1.  1.  1.  1.  1.  1. ]
> loss: 1.1309
Fold 2/3
> val sequences: [5, 8, 10, 11, 12, 19, 22, 24, 26, 33, 34, 36, 44, 47, 49, 55, 56, 59, 61, 65, 68, 69, 71, 87, 90, 93, 97, 99, 105, 108]
> Label weights: [0.1 1.  1.  1.  1.  1.  1. ]
> loss: 0.8463
Fold 3/3
> val sequences: [2, 4, 20, 28, 29, 31, 38, 41, 48, 53, 60, 62, 66, 67, 73, 75, 76, 77, 78, 80, 89, 91, 92, 96, 98, 100, 101, 102, 104, 107]
> Label weights: [0.1 1.  1.  1.  1.  1.  1. ]
> loss: 1.7574
[I 2025-12-16 09:53:43,080] Trial 29 finished with value: 1.2448312686467564 and parameters: {'GCN_DIMS': [16, 32, 64], 'GCN_DROPOUT': 0.2, 'TCN_PARAMS': ([64, 64, 64], 3, [1, 2, 4]), 'TCN_DROPOUT': 0.3, 'CLASSIFIER_DIM': 32, 'DOUBLE_HEAD_BCE_WEIGHT': 0.5, 'learning_rate': 0.0005}. Best is trial 0 with value: 0.7127601373894947.
==================================================
Fold 1/3
> val sequences: [1, 7, 14, 15, 16, 17, 21, 25, 30, 35, 37, 39, 40, 43, 46, 50, 52, 57, 63, 70, 79, 81, 82, 84, 85, 86, 88, 94, 95, 103, 106]
> Label weights: [0.1 1.  1.  1.  1.  1.  1. ]
> loss: 0.7722
Fold 2/3
> val sequences: [5, 8, 10, 11, 12, 19, 22, 24, 26, 33, 34, 36, 44, 47, 49, 55, 56, 59, 61, 65, 68, 69, 71, 87, 90, 93, 97, 99, 105, 108]
> Label weights: [0.1 1.  1.  1.  1.  1.  1. ]
> loss: 4.6221
Fold 3/3
> val sequences: [2, 4, 20, 28, 29, 31, 38, 41, 48, 53, 60, 62, 66, 67, 73, 75, 76, 77, 78, 80, 89, 91, 92, 96, 98, 100, 101, 102, 104, 107]
> Label weights: [0.1 1.  1.  1.  1.  1.  1. ]
> loss: 1.5189
[I 2025-12-16 09:55:03,331] Trial 30 finished with value: 2.304416178148251 and parameters: {'GCN_DIMS': [16], 'GCN_DROPOUT': 0.3, 'TCN_PARAMS': ([64, 64, 64], 3, [1, 3, 9]), 'TCN_DROPOUT': 0.3, 'CLASSIFIER_DIM': 128, 'DOUBLE_HEAD_BCE_WEIGHT': 0.1, 'learning_rate': 0.01}. Best is trial 0 with value: 0.7127601373894947.
==================================================
Fold 1/3
> val sequences: [1, 7, 14, 15, 16, 17, 21, 25, 30, 35, 37, 39, 40, 43, 46, 50, 52, 57, 63, 70, 79, 81, 82, 84, 85, 86, 88, 94, 95, 103, 106]
> Label weights: [0.1 1.  1.  1.  1.  1.  1. ]
> loss: 1.0557
Fold 2/3
> val sequences: [5, 8, 10, 11, 12, 19, 22, 24, 26, 33, 34, 36, 44, 47, 49, 55, 56, 59, 61, 65, 68, 69, 71, 87, 90, 93, 97, 99, 105, 108]
> Label weights: [0.1 1.  1.  1.  1.  1.  1. ]
> loss: 1.0383
Fold 3/3
> val sequences: [2, 4, 20, 28, 29, 31, 38, 41, 48, 53, 60, 62, 66, 67, 73, 75, 76, 77, 78, 80, 89, 91, 92, 96, 98, 100, 101, 102, 104, 107]
> Label weights: [0.1 1.  1.  1.  1.  1.  1. ]
> loss: 1.4180
[I 2025-12-16 09:56:25,297] Trial 31 finished with value: 1.170628408396386 and parameters: {'GCN_DIMS': [16, 32], 'GCN_DROPOUT': 0.3, 'TCN_PARAMS': ([64, 128, 256], 3, [1, 2, 4]), 'TCN_DROPOUT': 0.3, 'CLASSIFIER_DIM': 64, 'DOUBLE_HEAD_BCE_WEIGHT': 1.0, 'learning_rate': 0.0005}. Best is trial 0 with value: 0.7127601373894947.
==================================================
Fold 1/3
> val sequences: [1, 7, 14, 15, 16, 17, 21, 25, 30, 35, 37, 39, 40, 43, 46, 50, 52, 57, 63, 70, 79, 81, 82, 84, 85, 86, 88, 94, 95, 103, 106]
> Label weights: [0.1 1.  1.  1.  1.  1.  1. ]
> loss: 1.5598
Fold 2/3
> val sequences: [5, 8, 10, 11, 12, 19, 22, 24, 26, 33, 34, 36, 44, 47, 49, 55, 56, 59, 61, 65, 68, 69, 71, 87, 90, 93, 97, 99, 105, 108]
> Label weights: [0.1 1.  1.  1.  1.  1.  1. ]
> loss: 1.4158
Fold 3/3
> val sequences: [2, 4, 20, 28, 29, 31, 38, 41, 48, 53, 60, 62, 66, 67, 73, 75, 76, 77, 78, 80, 89, 91, 92, 96, 98, 100, 101, 102, 104, 107]
> Label weights: [0.1 1.  1.  1.  1.  1.  1. ]
> loss: 1.4137
