[training set]
+ Processing sequence: 1
+ Processing sequence: 2
- Skipping sequence: 3 (no available gestures)
+ Processing sequence: 4
+ Processing sequence: 5
- Skipping sequence: 6 (no available gestures)
+ Processing sequence: 7
+ Processing sequence: 8
- Skipping sequence: 9 (no available gestures)
+ Processing sequence: 10
+ Processing sequence: 11
+ Processing sequence: 12
- Skipping sequence: 13 (no available gestures)
+ Processing sequence: 14
+ Processing sequence: 15
+ Processing sequence: 16
+ Processing sequence: 17
- Skipping sequence: 18 (no available gestures)
+ Processing sequence: 19
+ Processing sequence: 20
+ Processing sequence: 21
+ Processing sequence: 22
- Skipping sequence: 23 (no available gestures)
+ Processing sequence: 24
+ Processing sequence: 25
+ Processing sequence: 26
- Skipping sequence: 27 (no available gestures)
+ Processing sequence: 28
+ Processing sequence: 29
+ Processing sequence: 30
+ Processing sequence: 31
- Skipping sequence: 32 (no available gestures)
+ Processing sequence: 33
+ Processing sequence: 34
+ Processing sequence: 35
+ Processing sequence: 36
+ Processing sequence: 37
+ Processing sequence: 38
+ Processing sequence: 39
+ Processing sequence: 40
+ Processing sequence: 41
- Skipping sequence: 42 (no available gestures)
+ Processing sequence: 43
+ Processing sequence: 44
- Skipping sequence: 45 (no available gestures)
+ Processing sequence: 46
+ Processing sequence: 47
+ Processing sequence: 48
+ Processing sequence: 49
+ Processing sequence: 50
- Skipping sequence: 51 (no available gestures)
+ Processing sequence: 52
+ Processing sequence: 53
- Skipping sequence: 54 (no available gestures)
+ Processing sequence: 55
+ Processing sequence: 56
+ Processing sequence: 57
- Skipping sequence: 58 (no available gestures)
+ Processing sequence: 59
+ Processing sequence: 60
+ Processing sequence: 61
+ Processing sequence: 62
+ Processing sequence: 63
+ Processing sequence: 64
+ Processing sequence: 65
+ Processing sequence: 66
+ Processing sequence: 67
+ Processing sequence: 68
+ Processing sequence: 69
+ Processing sequence: 70
+ Processing sequence: 71
- Skipping sequence: 72 (no available gestures)
+ Processing sequence: 73
- Skipping sequence: 74 (no available gestures)
+ Processing sequence: 75
+ Processing sequence: 76
+ Processing sequence: 77
+ Processing sequence: 78
+ Processing sequence: 79
+ Processing sequence: 80
+ Processing sequence: 81
+ Processing sequence: 82
- Skipping sequence: 83 (no available gestures)
+ Processing sequence: 84
+ Processing sequence: 85
+ Processing sequence: 86
+ Processing sequence: 87
+ Processing sequence: 88
+ Processing sequence: 89
+ Processing sequence: 90
+ Processing sequence: 91
+ Processing sequence: 92
+ Processing sequence: 93
+ Processing sequence: 94
+ Processing sequence: 95
+ Processing sequence: 96
+ Processing sequence: 97
+ Processing sequence: 98
+ Processing sequence: 99
+ Processing sequence: 100
+ Processing sequence: 101
+ Processing sequence: 102
+ Processing sequence: 103
+ Processing sequence: 104
+ Processing sequence: 105
+ Processing sequence: 106
+ Processing sequence: 107
+ Processing sequence: 108
X.shape: (9674, 15, 11, 3), y.shape: (9674,)
> Label distribution:
  NONE:4290;
  GRAB:674;
  PINCH:589;
  TAP:468;
  DENY:1978;
  KNOB:1313;
  EXPAND:362;
Saved to ./src/datasets/train_final.pkl (18.38 MB)

[test set]
+ Processing sequence: 109
+ Processing sequence: 110
+ Processing sequence: 111
- Skipping sequence: 112 (no available gestures)
+ Processing sequence: 113
+ Processing sequence: 114
+ Processing sequence: 115
- Skipping sequence: 116 (no available gestures)
+ Processing sequence: 117
- Skipping sequence: 118 (no available gestures)
- Skipping sequence: 119 (no available gestures)
+ Processing sequence: 120
- Skipping sequence: 121 (no available gestures)
+ Processing sequence: 122
+ Processing sequence: 123
- Skipping sequence: 124 (no available gestures)
+ Processing sequence: 125
+ Processing sequence: 126
- Skipping sequence: 127 (no available gestures)
+ Processing sequence: 128
- Skipping sequence: 129 (no available gestures)
+ Processing sequence: 130
+ Processing sequence: 131
+ Processing sequence: 132
- Skipping sequence: 133 (no available gestures)
+ Processing sequence: 134
+ Processing sequence: 135
+ Processing sequence: 136
+ Processing sequence: 137
+ Processing sequence: 138
+ Processing sequence: 139
+ Processing sequence: 140
+ Processing sequence: 141
+ Processing sequence: 142
+ Processing sequence: 143
+ Processing sequence: 144
+ Processing sequence: 145
- Skipping sequence: 146 (no available gestures)
- Skipping sequence: 147 (no available gestures)
+ Processing sequence: 148
+ Processing sequence: 149
+ Processing sequence: 150
+ Processing sequence: 151
+ Processing sequence: 152
+ Processing sequence: 153
+ Processing sequence: 154
+ Processing sequence: 155
+ Processing sequence: 156
+ Processing sequence: 157
+ Processing sequence: 158
+ Processing sequence: 159
+ Processing sequence: 160
+ Processing sequence: 161
- Skipping sequence: 162 (no available gestures)
+ Processing sequence: 163
+ Processing sequence: 164
+ Processing sequence: 165
+ Processing sequence: 166
- Skipping sequence: 167 (no available gestures)
+ Processing sequence: 168
+ Processing sequence: 169
+ Processing sequence: 170
- Skipping sequence: 171 (no available gestures)
+ Processing sequence: 172
- Skipping sequence: 173 (no available gestures)
+ Processing sequence: 174
+ Processing sequence: 175
+ Processing sequence: 176
+ Processing sequence: 177
+ Processing sequence: 178
- Skipping sequence: 179 (no available gestures)
+ Processing sequence: 180
X.shape: (7071, 15, 11, 3), y.shape: (7071,)
> Label distribution:
  NONE:2775;
  GRAB:453;
  PINCH:608;
  TAP:421;
  DENY:1249;
  KNOB:1207;
  EXPAND:358;
Saved to ./src/datasets/test_final.pkl (13.43 MB)

Starting study 'final_model_optimization' with 50 trials...
[I 2025-12-16 09:08:09,822] A new study created in memory with name: no-name-1ac61e84-191d-4788-9657-89f747fa5cb6
/tmp2/b11902038/pip_packages/optuna/distributions.py:502: UserWarning: Choices for a categorical distribution should be a tuple of None, bool, int, float and str for persistent storage but contains [16] which is of type list.
  warnings.warn(message)
/tmp2/b11902038/pip_packages/optuna/distributions.py:502: UserWarning: Choices for a categorical distribution should be a tuple of None, bool, int, float and str for persistent storage but contains [16, 32] which is of type list.
  warnings.warn(message)
/tmp2/b11902038/pip_packages/optuna/distributions.py:502: UserWarning: Choices for a categorical distribution should be a tuple of None, bool, int, float and str for persistent storage but contains [16, 32, 64] which is of type list.
  warnings.warn(message)
/tmp2/b11902038/pip_packages/optuna/distributions.py:502: UserWarning: Choices for a categorical distribution should be a tuple of None, bool, int, float and str for persistent storage but contains ([64, 64, 64], 3, [1, 2, 4]) which is of type tuple.
  warnings.warn(message)
/tmp2/b11902038/pip_packages/optuna/distributions.py:502: UserWarning: Choices for a categorical distribution should be a tuple of None, bool, int, float and str for persistent storage but contains ([128, 128], 5, [1, 2]) which is of type tuple.
  warnings.warn(message)
/tmp2/b11902038/pip_packages/optuna/distributions.py:502: UserWarning: Choices for a categorical distribution should be a tuple of None, bool, int, float and str for persistent storage but contains ([64, 128, 256], 3, [1, 2, 4]) which is of type tuple.
  warnings.warn(message)
/tmp2/b11902038/pip_packages/optuna/distributions.py:502: UserWarning: Choices for a categorical distribution should be a tuple of None, bool, int, float and str for persistent storage but contains ([64, 64, 64], 3, [1, 3, 9]) which is of type tuple.
  warnings.warn(message)
==================================================
Fold 1/3
> val sequences: [1, 7, 14, 15, 16, 17, 21, 25, 30, 35, 37, 39, 40, 43, 46, 50, 52, 57, 63, 70, 79, 81, 82, 84, 85, 86, 88, 94, 95, 103, 106]
> Label weights: [0.1 1.  1.  1.  1.  1.  1. ]
> loss: 0.6633
Fold 2/3
> val sequences: [5, 8, 10, 11, 12, 19, 22, 24, 26, 33, 34, 36, 44, 47, 49, 55, 56, 59, 61, 65, 68, 69, 71, 87, 90, 93, 97, 99, 105, 108]
> Label weights: [0.1 1.  1.  1.  1.  1.  1. ]
> loss: 0.7444
Fold 3/3
> val sequences: [2, 4, 20, 28, 29, 31, 38, 41, 48, 53, 60, 62, 66, 67, 73, 75, 76, 77, 78, 80, 89, 91, 92, 96, 98, 100, 101, 102, 104, 107]
> Label weights: [0.1 1.  1.  1.  1.  1.  1. ]
> loss: 0.7306
[I 2025-12-16 09:09:43,230] Trial 0 finished with value: 0.7127601373894947 and parameters: {'GCN_DIMS': [16], 'GCN_DROPOUT': 0.3, 'TCN_PARAMS': ([64, 128, 256], 3, [1, 2, 4]), 'TCN_DROPOUT': 0.2, 'CLASSIFIER_DIM': 64, 'DOUBLE_HEAD_BCE_WEIGHT': 0.1, 'learning_rate': 0.0005}. Best is trial 0 with value: 0.7127601373894947.
/tmp2/b11902038/pip_packages/optuna/distributions.py:502: UserWarning: Choices for a categorical distribution should be a tuple of None, bool, int, float and str for persistent storage but contains [16] which is of type list.
  warnings.warn(message)
/tmp2/b11902038/pip_packages/optuna/distributions.py:502: UserWarning: Choices for a categorical distribution should be a tuple of None, bool, int, float and str for persistent storage but contains [16, 32] which is of type list.
  warnings.warn(message)
/tmp2/b11902038/pip_packages/optuna/distributions.py:502: UserWarning: Choices for a categorical distribution should be a tuple of None, bool, int, float and str for persistent storage but contains [16, 32, 64] which is of type list.
  warnings.warn(message)
/tmp2/b11902038/pip_packages/optuna/distributions.py:502: UserWarning: Choices for a categorical distribution should be a tuple of None, bool, int, float and str for persistent storage but contains ([64, 64, 64], 3, [1, 2, 4]) which is of type tuple.
  warnings.warn(message)
/tmp2/b11902038/pip_packages/optuna/distributions.py:502: UserWarning: Choices for a categorical distribution should be a tuple of None, bool, int, float and str for persistent storage but contains ([128, 128], 5, [1, 2]) which is of type tuple.
  warnings.warn(message)
/tmp2/b11902038/pip_packages/optuna/distributions.py:502: UserWarning: Choices for a categorical distribution should be a tuple of None, bool, int, float and str for persistent storage but contains ([64, 128, 256], 3, [1, 2, 4]) which is of type tuple.
  warnings.warn(message)
/tmp2/b11902038/pip_packages/optuna/distributions.py:502: UserWarning: Choices for a categorical distribution should be a tuple of None, bool, int, float and str for persistent storage but contains ([64, 64, 64], 3, [1, 3, 9]) which is of type tuple.
  warnings.warn(message)
==================================================
Fold 1/3
> val sequences: [1, 7, 14, 15, 16, 17, 21, 25, 30, 35, 37, 39, 40, 43, 46, 50, 52, 57, 63, 70, 79, 81, 82, 84, 85, 86, 88, 94, 95, 103, 106]
> Label weights: [0.1 1.  1.  1.  1.  1.  1. ]
> loss: 0.8623
Fold 2/3
> val sequences: [5, 8, 10, 11, 12, 19, 22, 24, 26, 33, 34, 36, 44, 47, 49, 55, 56, 59, 61, 65, 68, 69, 71, 87, 90, 93, 97, 99, 105, 108]
> Label weights: [0.1 1.  1.  1.  1.  1.  1. ]
> loss: 0.9056
Fold 3/3
> val sequences: [2, 4, 20, 28, 29, 31, 38, 41, 48, 53, 60, 62, 66, 67, 73, 75, 76, 77, 78, 80, 89, 91, 92, 96, 98, 100, 101, 102, 104, 107]
> Label weights: [0.1 1.  1.  1.  1.  1.  1. ]
> loss: 1.8991
[I 2025-12-16 09:11:10,663] Trial 1 finished with value: 1.2223365151271857 and parameters: {'GCN_DIMS': [16, 32], 'GCN_DROPOUT': 0.2, 'TCN_PARAMS': ([64, 64, 64], 3, [1, 3, 9]), 'TCN_DROPOUT': 0.3, 'CLASSIFIER_DIM': 64, 'DOUBLE_HEAD_BCE_WEIGHT': 0.5, 'learning_rate': 0.0005}. Best is trial 0 with value: 0.7127601373894947.
==================================================
Fold 1/3
> val sequences: [1, 7, 14, 15, 16, 17, 21, 25, 30, 35, 37, 39, 40, 43, 46, 50, 52, 57, 63, 70, 79, 81, 82, 84, 85, 86, 88, 94, 95, 103, 106]
> Label weights: [0.1 1.  1.  1.  1.  1.  1. ]
> loss: 2.8253
Fold 2/3
> val sequences: [5, 8, 10, 11, 12, 19, 22, 24, 26, 33, 34, 36, 44, 47, 49, 55, 56, 59, 61, 65, 68, 69, 71, 87, 90, 93, 97, 99, 105, 108]
> Label weights: [0.1 1.  1.  1.  1.  1.  1. ]
> loss: 5.7174
Fold 3/3
> val sequences: [2, 4, 20, 28, 29, 31, 38, 41, 48, 53, 60, 62, 66, 67, 73, 75, 76, 77, 78, 80, 89, 91, 92, 96, 98, 100, 101, 102, 104, 107]
> Label weights: [0.1 1.  1.  1.  1.  1.  1. ]
> loss: 1.4478
[I 2025-12-16 09:12:22,506] Trial 2 finished with value: 3.3301684320479947 and parameters: {'GCN_DIMS': [16], 'GCN_DROPOUT': 0.2, 'TCN_PARAMS': ([64, 128, 256], 3, [1, 2, 4]), 'TCN_DROPOUT': 0.3, 'CLASSIFIER_DIM': 32, 'DOUBLE_HEAD_BCE_WEIGHT': 1.0, 'learning_rate': 0.01}. Best is trial 0 with value: 0.7127601373894947.
==================================================
Fold 1/3
> val sequences: [1, 7, 14, 15, 16, 17, 21, 25, 30, 35, 37, 39, 40, 43, 46, 50, 52, 57, 63, 70, 79, 81, 82, 84, 85, 86, 88, 94, 95, 103, 106]
> Label weights: [0.1 1.  1.  1.  1.  1.  1. ]
> loss: 0.9520
Fold 2/3
> val sequences: [5, 8, 10, 11, 12, 19, 22, 24, 26, 33, 34, 36, 44, 47, 49, 55, 56, 59, 61, 65, 68, 69, 71, 87, 90, 93, 97, 99, 105, 108]
> Label weights: [0.1 1.  1.  1.  1.  1.  1. ]
> loss: 0.8097
Fold 3/3
> val sequences: [2, 4, 20, 28, 29, 31, 38, 41, 48, 53, 60, 62, 66, 67, 73, 75, 76, 77, 78, 80, 89, 91, 92, 96, 98, 100, 101, 102, 104, 107]
> Label weights: [0.1 1.  1.  1.  1.  1.  1. ]
> loss: 0.7744
[I 2025-12-16 09:13:44,365] Trial 3 finished with value: 0.8453433650694855 and parameters: {'GCN_DIMS': [16], 'GCN_DROPOUT': 0.2, 'TCN_PARAMS': ([64, 64, 64], 3, [1, 2, 4]), 'TCN_DROPOUT': 0.2, 'CLASSIFIER_DIM': 128, 'DOUBLE_HEAD_BCE_WEIGHT': 0.1, 'learning_rate': 0.0005}. Best is trial 0 with value: 0.7127601373894947.
==================================================
Fold 1/3
> val sequences: [1, 7, 14, 15, 16, 17, 21, 25, 30, 35, 37, 39, 40, 43, 46, 50, 52, 57, 63, 70, 79, 81, 82, 84, 85, 86, 88, 94, 95, 103, 106]
> Label weights: [0.1 1.  1.  1.  1.  1.  1. ]
> loss: 1.6178
Fold 2/3
> val sequences: [5, 8, 10, 11, 12, 19, 22, 24, 26, 33, 34, 36, 44, 47, 49, 55, 56, 59, 61, 65, 68, 69, 71, 87, 90, 93, 97, 99, 105, 108]
> Label weights: [0.1 1.  1.  1.  1.  1.  1. ]
> loss: 1.0067
Fold 3/3
> val sequences: [2, 4, 20, 28, 29, 31, 38, 41, 48, 53, 60, 62, 66, 67, 73, 75, 76, 77, 78, 80, 89, 91, 92, 96, 98, 100, 101, 102, 104, 107]
> Label weights: [0.1 1.  1.  1.  1.  1.  1. ]
> loss: 1.8840
[I 2025-12-16 09:15:16,252] Trial 4 finished with value: 1.502846455398532 and parameters: {'GCN_DIMS': [16, 32], 'GCN_DROPOUT': 0.2, 'TCN_PARAMS': ([128, 128], 5, [1, 2]), 'TCN_DROPOUT': 0.2, 'CLASSIFIER_DIM': 32, 'DOUBLE_HEAD_BCE_WEIGHT': 1.0, 'learning_rate': 0.002}. Best is trial 0 with value: 0.7127601373894947.
==================================================
Fold 1/3
> val sequences: [1, 7, 14, 15, 16, 17, 21, 25, 30, 35, 37, 39, 40, 43, 46, 50, 52, 57, 63, 70, 79, 81, 82, 84, 85, 86, 88, 94, 95, 103, 106]
> Label weights: [0.1 1.  1.  1.  1.  1.  1. ]
> loss: 1.4978
Fold 2/3
> val sequences: [5, 8, 10, 11, 12, 19, 22, 24, 26, 33, 34, 36, 44, 47, 49, 55, 56, 59, 61, 65, 68, 69, 71, 87, 90, 93, 97, 99, 105, 108]
> Label weights: [0.1 1.  1.  1.  1.  1.  1. ]
> loss: 1.1454
Fold 3/3
> val sequences: [2, 4, 20, 28, 29, 31, 38, 41, 48, 53, 60, 62, 66, 67, 73, 75, 76, 77, 78, 80, 89, 91, 92, 96, 98, 100, 101, 102, 104, 107]
> Label weights: [0.1 1.  1.  1.  1.  1.  1. ]
> loss: 5.2480
[I 2025-12-16 09:16:34,749] Trial 5 finished with value: 2.6304111488211297 and parameters: {'GCN_DIMS': [16, 32], 'GCN_DROPOUT': 0.2, 'TCN_PARAMS': ([128, 128], 5, [1, 2]), 'TCN_DROPOUT': 0.2, 'CLASSIFIER_DIM': 32, 'DOUBLE_HEAD_BCE_WEIGHT': 1.0, 'learning_rate': 0.002}. Best is trial 0 with value: 0.7127601373894947.
==================================================
Fold 1/3
> val sequences: [1, 7, 14, 15, 16, 17, 21, 25, 30, 35, 37, 39, 40, 43, 46, 50, 52, 57, 63, 70, 79, 81, 82, 84, 85, 86, 88, 94, 95, 103, 106]
> Label weights: [0.1 1.  1.  1.  1.  1.  1. ]
> loss: 3.3566
Fold 2/3
> val sequences: [5, 8, 10, 11, 12, 19, 22, 24, 26, 33, 34, 36, 44, 47, 49, 55, 56, 59, 61, 65, 68, 69, 71, 87, 90, 93, 97, 99, 105, 108]
> Label weights: [0.1 1.  1.  1.  1.  1.  1. ]
> loss: 1.1699
Fold 3/3
> val sequences: [2, 4, 20, 28, 29, 31, 38, 41, 48, 53, 60, 62, 66, 67, 73, 75, 76, 77, 78, 80, 89, 91, 92, 96, 98, 100, 101, 102, 104, 107]
> Label weights: [0.1 1.  1.  1.  1.  1.  1. ]
> loss: 2.4142
[I 2025-12-16 09:18:24,495] Trial 6 finished with value: 2.313549394639976 and parameters: {'GCN_DIMS': [16, 32, 64], 'GCN_DROPOUT': 0.2, 'TCN_PARAMS': ([128, 128], 5, [1, 2]), 'TCN_DROPOUT': 0.2, 'CLASSIFIER_DIM': 32, 'DOUBLE_HEAD_BCE_WEIGHT': 1.0, 'learning_rate': 0.01}. Best is trial 0 with value: 0.7127601373894947.
==================================================
Fold 1/3
> val sequences: [1, 7, 14, 15, 16, 17, 21, 25, 30, 35, 37, 39, 40, 43, 46, 50, 52, 57, 63, 70, 79, 81, 82, 84, 85, 86, 88, 94, 95, 103, 106]
> Label weights: [0.1 1.  1.  1.  1.  1.  1. ]
> loss: 0.8784
Fold 2/3
> val sequences: [5, 8, 10, 11, 12, 19, 22, 24, 26, 33, 34, 36, 44, 47, 49, 55, 56, 59, 61, 65, 68, 69, 71, 87, 90, 93, 97, 99, 105, 108]
> Label weights: [0.1 1.  1.  1.  1.  1.  1. ]
> loss: 0.9614
Fold 3/3
> val sequences: [2, 4, 20, 28, 29, 31, 38, 41, 48, 53, 60, 62, 66, 67, 73, 75, 76, 77, 78, 80, 89, 91, 92, 96, 98, 100, 101, 102, 104, 107]
> Label weights: [0.1 1.  1.  1.  1.  1.  1. ]
> loss: 0.7984
[I 2025-12-16 09:19:49,610] Trial 7 finished with value: 0.8793895877126334 and parameters: {'GCN_DIMS': [16], 'GCN_DROPOUT': 0.2, 'TCN_PARAMS': ([64, 128, 256], 3, [1, 2, 4]), 'TCN_DROPOUT': 0.3, 'CLASSIFIER_DIM': 64, 'DOUBLE_HEAD_BCE_WEIGHT': 0.5, 'learning_rate': 0.0005}. Best is trial 0 with value: 0.7127601373894947.
==================================================
Fold 1/3
> val sequences: [1, 7, 14, 15, 16, 17, 21, 25, 30, 35, 37, 39, 40, 43, 46, 50, 52, 57, 63, 70, 79, 81, 82, 84, 85, 86, 88, 94, 95, 103, 106]
> Label weights: [0.1 1.  1.  1.  1.  1.  1. ]
> loss: 0.9685
Fold 2/3
> val sequences: [5, 8, 10, 11, 12, 19, 22, 24, 26, 33, 34, 36, 44, 47, 49, 55, 56, 59, 61, 65, 68, 69, 71, 87, 90, 93, 97, 99, 105, 108]
> Label weights: [0.1 1.  1.  1.  1.  1.  1. ]
> loss: 0.6017
Fold 3/3
> val sequences: [2, 4, 20, 28, 29, 31, 38, 41, 48, 53, 60, 62, 66, 67, 73, 75, 76, 77, 78, 80, 89, 91, 92, 96, 98, 100, 101, 102, 104, 107]
> Label weights: [0.1 1.  1.  1.  1.  1.  1. ]
> loss: 0.9390
[I 2025-12-16 09:21:16,674] Trial 8 finished with value: 0.8363749046063337 and parameters: {'GCN_DIMS': [16, 32], 'GCN_DROPOUT': 0.3, 'TCN_PARAMS': ([64, 128, 256], 3, [1, 2, 4]), 'TCN_DROPOUT': 0.2, 'CLASSIFIER_DIM': 64, 'DOUBLE_HEAD_BCE_WEIGHT': 0.5, 'learning_rate': 0.0005}. Best is trial 0 with value: 0.7127601373894947.
==================================================
Fold 1/3
> val sequences: [1, 7, 14, 15, 16, 17, 21, 25, 30, 35, 37, 39, 40, 43, 46, 50, 52, 57, 63, 70, 79, 81, 82, 84, 85, 86, 88, 94, 95, 103, 106]
> Label weights: [0.1 1.  1.  1.  1.  1.  1. ]
> loss: 2.2959
Fold 2/3
> val sequences: [5, 8, 10, 11, 12, 19, 22, 24, 26, 33, 34, 36, 44, 47, 49, 55, 56, 59, 61, 65, 68, 69, 71, 87, 90, 93, 97, 99, 105, 108]
> Label weights: [0.1 1.  1.  1.  1.  1.  1. ]
> loss: 1.0567
Fold 3/3
> val sequences: [2, 4, 20, 28, 29, 31, 38, 41, 48, 53, 60, 62, 66, 67, 73, 75, 76, 77, 78, 80, 89, 91, 92, 96, 98, 100, 101, 102, 104, 107]
> Label weights: [0.1 1.  1.  1.  1.  1.  1. ]
> loss: 2.0051
[I 2025-12-16 09:22:37,207] Trial 9 finished with value: 1.7859141684471014 and parameters: {'GCN_DIMS': [16], 'GCN_DROPOUT': 0.3, 'TCN_PARAMS': ([64, 64, 64], 3, [1, 2, 4]), 'TCN_DROPOUT': 0.2, 'CLASSIFIER_DIM': 64, 'DOUBLE_HEAD_BCE_WEIGHT': 0.5, 'learning_rate': 0.01}. Best is trial 0 with value: 0.7127601373894947.
==================================================
Fold 1/3
> val sequences: [1, 7, 14, 15, 16, 17, 21, 25, 30, 35, 37, 39, 40, 43, 46, 50, 52, 57, 63, 70, 79, 81, 82, 84, 85, 86, 88, 94, 95, 103, 106]
> Label weights: [0.1 1.  1.  1.  1.  1.  1. ]
> loss: 1.6934
Fold 2/3
> val sequences: [5, 8, 10, 11, 12, 19, 22, 24, 26, 33, 34, 36, 44, 47, 49, 55, 56, 59, 61, 65, 68, 69, 71, 87, 90, 93, 97, 99, 105, 108]
> Label weights: [0.1 1.  1.  1.  1.  1.  1. ]
> loss: 0.5744
Fold 3/3
> val sequences: [2, 4, 20, 28, 29, 31, 38, 41, 48, 53, 60, 62, 66, 67, 73, 75, 76, 77, 78, 80, 89, 91, 92, 96, 98, 100, 101, 102, 104, 107]
> Label weights: [0.1 1.  1.  1.  1.  1.  1. ]
> loss: 1.3657
[I 2025-12-16 09:24:37,421] Trial 10 finished with value: 1.2111345453479012 and parameters: {'GCN_DIMS': [16, 32, 64], 'GCN_DROPOUT': 0.3, 'TCN_PARAMS': ([64, 128, 256], 3, [1, 2, 4]), 'TCN_DROPOUT': 0.2, 'CLASSIFIER_DIM': 32, 'DOUBLE_HEAD_BCE_WEIGHT': 0.1, 'learning_rate': 0.0005}. Best is trial 0 with value: 0.7127601373894947.
==================================================
Fold 1/3
> val sequences: [1, 7, 14, 15, 16, 17, 21, 25, 30, 35, 37, 39, 40, 43, 46, 50, 52, 57, 63, 70, 79, 81, 82, 84, 85, 86, 88, 94, 95, 103, 106]
> Label weights: [0.1 1.  1.  1.  1.  1.  1. ]
> loss: 1.6904
Fold 2/3
> val sequences: [5, 8, 10, 11, 12, 19, 22, 24, 26, 33, 34, 36, 44, 47, 49, 55, 56, 59, 61, 65, 68, 69, 71, 87, 90, 93, 97, 99, 105, 108]
> Label weights: [0.1 1.  1.  1.  1.  1.  1. ]
> loss: 1.3033
Fold 3/3
> val sequences: [2, 4, 20, 28, 29, 31, 38, 41, 48, 53, 60, 62, 66, 67, 73, 75, 76, 77, 78, 80, 89, 91, 92, 96, 98, 100, 101, 102, 104, 107]
> Label weights: [0.1 1.  1.  1.  1.  1.  1. ]
> loss: 1.1362
