[I 2025-12-16 10:24:31,515] Trial 49 finished with value: 1.7133345136084859 and parameters: {'GCN_DIMS': [16, 32, 64], 'GCN_DROPOUT': 0.3, 'TCN_PARAMS': ([64, 128, 256], 3, [1, 2, 4]), 'TCN_DROPOUT': 0.2, 'CLASSIFIER_DIM': 64, 'DOUBLE_HEAD_BCE_WEIGHT': 1.0, 'learning_rate': 0.002}. Best is trial 46 with value: 0.6387999997090933.
==================================================
Optimization completed in 4581.69 seconds.
Best Trial: 46
Best Score: 0.6387999997090933
Best Params: {'GCN_DIMS': [16], 'GCN_DROPOUT': 0.2, 'TCN_PARAMS': ([64, 64, 64], 3, [1, 3, 9]), 'TCN_DROPOUT': 0.3, 'CLASSIFIER_DIM': 64, 'DOUBLE_HEAD_BCE_WEIGHT': 0.1, 'learning_rate': 0.0005}
+ Start training model with parameters GTCNTrainParams(model_params=GTCNParams(id='final', GCN_CLASS=<class 'src.gtcn.gcn.GCNLayerFingerPool'>, TCN_CLASS=<class 'src.gtcn.tcn.TCNLayerLastStep'>, CLASSIFIER_CLASS=<class 'src.gtcn.classifier.DoubleHeadClassifier'>, WINDOW_LENGTH=15, GCN_DIMS=[16], GCN_DROPOUT=0.2, TCN_CHANNELS=[64, 64, 64], TCN_KERNEL_SIZE=3, TCN_DILATIONS=[1, 3, 9], TCN_DROPOUT=0.3, CLASSIFIER_DIM=64, DOUBLE_HEAD_BCE_WEIGHT=0.1, PROB_THRESHOLD=0.6), training_dataset_path='./src/datasets/train_final.pkl', model_path='./src/models/final.pth', weight_mode='simple', batch_size=32, learning_rate=0.0005, epochs=200)
> Label weights: [0.1 1.  1.  1.  1.  1.  1. ]
Epoch [1/200], Loss: 1.4765
Epoch [2/200], Loss: 0.9282
Epoch [3/200], Loss: 0.7593
Epoch [4/200], Loss: 0.6396
Epoch [5/200], Loss: 0.5823
Epoch [6/200], Loss: 0.5299
Epoch [7/200], Loss: 0.4901
Epoch [8/200], Loss: 0.4553
Epoch [9/200], Loss: 0.4557
Epoch [10/200], Loss: 0.3959
Epoch [11/200], Loss: 0.3781
Epoch [12/200], Loss: 0.3663
Epoch [13/200], Loss: 0.3574
Epoch [14/200], Loss: 0.3416
Epoch [15/200], Loss: 0.3185
Epoch [16/200], Loss: 0.3201
Epoch [17/200], Loss: 0.2980
Epoch [18/200], Loss: 0.3022
Epoch [19/200], Loss: 0.2885
Epoch [20/200], Loss: 0.2735
Epoch [21/200], Loss: 0.2629
Epoch [22/200], Loss: 0.2708
Epoch [23/200], Loss: 0.2461
Epoch [24/200], Loss: 0.2406
Epoch [25/200], Loss: 0.2433
Epoch [26/200], Loss: 0.2349
Epoch [27/200], Loss: 0.2243
Epoch [28/200], Loss: 0.2116
Epoch [29/200], Loss: 0.2237
Epoch [30/200], Loss: 0.2326
Epoch [31/200], Loss: 0.2169
Epoch [32/200], Loss: 0.2125
Epoch [33/200], Loss: 0.2005
Epoch [34/200], Loss: 0.1936
Epoch [35/200], Loss: 0.1926
Epoch [36/200], Loss: 0.1942
Epoch [37/200], Loss: 0.1727
Epoch [38/200], Loss: 0.1826
Epoch [39/200], Loss: 0.1847
Epoch [40/200], Loss: 0.1767
Epoch [41/200], Loss: 0.1631
Epoch [42/200], Loss: 0.1660
Epoch [43/200], Loss: 0.1659
Epoch [44/200], Loss: 0.1665
Epoch [45/200], Loss: 0.1599
Epoch [46/200], Loss: 0.1449
Epoch [47/200], Loss: 0.1511
Epoch [48/200], Loss: 0.1578
Epoch [49/200], Loss: 0.1459
Epoch [50/200], Loss: 0.1426
Epoch [51/200], Loss: 0.1386
Epoch [52/200], Loss: 0.1448
Epoch [53/200], Loss: 0.1313
Epoch [54/200], Loss: 0.1396
Epoch [55/200], Loss: 0.1389
Epoch [56/200], Loss: 0.1278
Epoch [57/200], Loss: 0.1381
Epoch [58/200], Loss: 0.1362
Epoch [59/200], Loss: 0.1279
Epoch [60/200], Loss: 0.1146
Epoch [61/200], Loss: 0.1313
Epoch [62/200], Loss: 0.1210
Epoch [63/200], Loss: 0.1171
Epoch [64/200], Loss: 0.1096
Epoch [65/200], Loss: 0.1218
Epoch [66/200], Loss: 0.1106
Epoch [67/200], Loss: 0.1070
Epoch [68/200], Loss: 0.1146
Epoch [69/200], Loss: 0.1059
Epoch [70/200], Loss: 0.1219
Epoch [71/200], Loss: 0.1154
Epoch [72/200], Loss: 0.1023
Epoch [73/200], Loss: 0.1124
Epoch [74/200], Loss: 0.0972
Epoch [75/200], Loss: 0.1017
Epoch [76/200], Loss: 0.0984
Epoch [77/200], Loss: 0.1069
Epoch [78/200], Loss: 0.0989
Epoch [79/200], Loss: 0.1007
Epoch [80/200], Loss: 0.0958
Epoch [81/200], Loss: 0.0951
Epoch [82/200], Loss: 0.1048
Epoch [83/200], Loss: 0.1026
Epoch [84/200], Loss: 0.0948
Epoch [85/200], Loss: 0.0856
Epoch [86/200], Loss: 0.0858
Epoch [87/200], Loss: 0.0872
Epoch [88/200], Loss: 0.0899
Epoch [89/200], Loss: 0.0961
Epoch [90/200], Loss: 0.0888
Epoch [91/200], Loss: 0.0873
Epoch [92/200], Loss: 0.0922
Epoch [93/200], Loss: 0.0939
Epoch [94/200], Loss: 0.0876
Epoch [95/200], Loss: 0.0903
Early stopping triggered.

Training completed in 356.42 seconds.

+ Start testing model from ./src/models/final.pth on dataset ./src/datasets/test_final.pkl
model hyperparameters: GTCNParams(id='final', GCN_CLASS=<class 'src.gtcn.gcn.GCNLayerFingerPool'>, TCN_CLASS=<class 'src.gtcn.tcn.TCNLayerLastStep'>, CLASSIFIER_CLASS=<class 'src.gtcn.classifier.DoubleHeadClassifier'>, WINDOW_LENGTH=15, GCN_DIMS=[16], GCN_DROPOUT=0.2, TCN_CHANNELS=[64, 64, 64], TCN_KERNEL_SIZE=3, TCN_DILATIONS=[1, 3, 9], TCN_DROPOUT=0.3, CLASSIFIER_DIM=64, DOUBLE_HEAD_BCE_WEIGHT=0.1, PROB_THRESHOLD=0.6)
Confusion Matrix:
[[2271   75   35   78  164  138   14]
 [ 375   53    0    0    0   25    0]
 [ 271   14  323    0    0    0    0]
 [ 198    5    0  195   23    0    0]
 [  49    0    0   34 1166    0    0]
 [ 241    5    0    0    0  961    0]
 [ 202   27    0    0    0    0  129]]
Classification Report:
              precision    recall  f1-score   support

        NONE     0.6296    0.8184    0.7117      2775
        GRAB     0.2961    0.1170    0.1677       453
       PINCH     0.9022    0.5312    0.6687       608
         TAP     0.6352    0.4632    0.5357       421
        DENY     0.8618    0.9335    0.8962      1249
        KNOB     0.8550    0.7962    0.8245      1207
      EXPAND     0.9021    0.3603    0.5150       358

    accuracy                         0.7210      7071
   macro avg     0.7260    0.5743    0.6171      7071
weighted avg     0.7253    0.7210    0.7046      7071


Test completed in 1.20 seconds.